Teste 0: TkFaesWBOGQinNIrmzMvLtPfVbDRxHgJEjZYhplUCdw
Teste 1: yXvOQZBDjWnxSkawTEhrHFegYCANosmquRpJMIPfd
Teste 2: hjuAoMefSVdWKOvUDiRFTLPrCYnGwlgIEmyaXZHkNxBtsqzQc
Teste 3: wZKiXEDgTalJopVxkRScyujtNBfMmqdhGrnAF
Teste 4: jkaGsSXUlZxqpFWAvVQIu
Teste 5: WIZhdCHFJ
Teste 6: pPIUBsmyHMAQWfreZSaKunLEvwTJkNlijVOg
Teste 7: GFBRVDkvPUusezSjtIoAbZnflEWOcJpxMiX
Teste 8: LoDsqFGrAHECjtIZkvYiBgQNpT
Teste 9: PKytuormfM
Teste 10: EHcDxPdRFVCJamjQufTzWnK
Teste 11: mnBjruXKSHixfoWPVwCRpcszEIaLFtgQlANTZqMdbUOhvGkJey
Teste 12: YUprwlXEeVvdgDqukyCPMJaizQOWhoHcnNGSsFItZKAmRjx
Teste 13: WkSDfCzrguQBqIMJEyYmoxA
Teste 14: XPgsZRbYkcwdzQMEOjDI
Teste 15: wl
Teste 16: nyFuPUSrMtgJiLZRITWmsHDvEqpeVaCdAzjGXlk
Teste 17: gUlPTLISwoMrZKWbmuFBpDXHzGACjQfJyvhRVONkqxctsEYdei
Teste 18: GWwhlbECJuxyBNof
Teste 19: diSoYlcfzINXZusMFQgTJWyekjLpAVtEvbnUm
Teste 20: nAYtmoHcVDTzBUCZdJgOQGIfeWliESqaFpRLbX
Teste 21: YIinaWwbzTxPLkZXmvBhJtQdcHGMEgCuRyNVlSDFOrqjAUesfpKo
Teste 22: GhsnxmkHopctOzejqIbJNPdSfZgWKuLXwUByvrCYREQAVaMilFT
Teste 23: AHxqkJjObcGyVudliBt
Teste 24: lvUPTdWLZrQABDkpmVgsawSRboKhIOcCFMHyJzfYj
Teste 25: uXiWdtflSYsPOkjQnVcTIZRphBrqawMEyg
Teste 26: jPmpEXbRnldLsYIcMFCkurzoiWTVvSfqhtJyKaHUZNQxA
Teste 27: PgZsIbnakcxrzW
Teste 28: SAcQZnjBPCopIHNe
Teste 29: bWkecuUovafZSFmx
Teste 30: wTgUboIPkKJFQSZnxMEeaVltGymzYCuAfh
Teste 31: sdLKMkAtWNcPHlQFaruxhv
Teste 32: hwXioEjeHNzUBYRCyfkDFxQbsKIaWrPgnSpduA
Teste 33: nJtpfFQmybqWvTaOhEikBLUYuMCKIcgZeDXRljoGr
Teste 34: nSasTxAE
Teste 35: eObhQGfwF
Teste 36: UhSJobeFLTQDyWwinjOMmNsRCqVfluEzpct
Teste 37: gmMrvbPYpTScaUZIKANwefqQktzDGJhHCiFOl
Teste 38: NYWBiJdqZ
Teste 39: xOIbBpiLvGEPrhuAtdF
Teste 40: IrACtDSwlBanYQhWHUGdF
Teste 41: QshdNWALOmtaiPcrBfGCxbRpXY
Teste 42: NqXefSHFJVcUlaQxusPmvA
Teste 43: MFNO
Teste 44: UMcX
Teste 45: ZjaUHWpxFJQSALCkROsDEoGvtVryquieMT
Teste 46: FcLwkBSKQWmneJuAGNVMbflrqdoITxastPzjOXyYiDRUhCEpgHv
Teste 47: ilfgKJFITUDHOB
Teste 48: BLtzgQcJjWeEhNKMR
Teste 49: qbKuHoygLjhUaRI
Teste 50: RWUeblkAzHsDiujNofVhLPtJXrmygFdGZTQBqpOaYxIwn
Teste 51: gPLqCTSEKaMDGbYeIdpxJfhuZU
Teste 52: flMIvQchyXGrwaztDLNpisdKqnbSWOumeYRPTjHAJg
Teste 53: BSRFHmuJkZalDYjAEvewgncQCitbxVLrN
Teste 54: YuwVMzfrinsLdTPNqGvRhtIbZ
Teste 55: WAUwHYOrqFClKcPgxeGoRviVnIyBNfDhbQEakTtZXSj
Teste 56: aFsDBlnGo
Teste 57: mPQCuOfsiclzdTpAnbhRYtkGZgvMqBy
Teste 58: OIP
Teste 59: foNHwjLRCGKzipOTMkdenEUQWyBDhAIqXvtmlsrVgZcxYFaJPbS
Teste 60: jLsxvUrpzKMgTfudc
Teste 61: gYmOVkHD
Teste 62: suR
Teste 63: lDurMhPLsFRgVweQxitJXNWvjapBcCnZfk
Teste 64: xGD
Teste 65: EpVFCmMsyRDOIZPunl
Teste 66: ZGbgBwEqMJRCYvThyaDHixPuedorKcfFmnL
Teste 67: PkjNSWJxvHtiDZsIT
Teste 68: eXGSzFAnaMZmHbq
Teste 69: FksHlqIjzeQibytaDwuncxCdXWhSGRAZUVTvLoBMNpJOfYPKmE
Teste 70: sSmlTjcYwpkAryVBRafdWqPEIbNCoXQhgMvznGeDtuOKLFZxiH
Teste 71: lWFJvsbngDSdfOacjQiVzPwyeHMqUArtxkBYRhmIGCLZ
Teste 72: oTUlwLFjDmKdtIWBJCRVZfS
Teste 73: shckZJOzlHeruVgbnAXDwLodGWFmaECIMQUSjYT
Teste 74: WamnICJNLGkRAwfBudTeboqFDhgxzvicEUPjVZlOMtrYHypS
Teste 75: pucIjLhOTg
Teste 76: RldWrPMQYsCzH
Teste 77: wDrRYuyhqOAZczMBeElWvKaTFmsn
Teste 78: m
Teste 79: FDsQLjpP
Teste 80: gprfKsvdC
Teste 81: ypHLjxYKOlhFwnsAUkSIVdJBTXNDvagWeruPMQRzcqitomGE
Teste 82: rwHedoitKnbQOMLqIGXCjJYfUWhgylVpAz
Teste 83: asMOdiRfubocFYC
Teste 84: pRPWtgZGThIdVHweKAmcQqaSz
Teste 85: PjFseJONmqGbaWAtCvpgQrVkDloBIEnXHcRdiLxwZYU
Teste 86: WQJNXGPcqfyRMzYnAleKhas
Teste 87: iBXweWELrRnbxPgZMjVsq
Teste 88: XgcoGVtkzUsHxqpZTYEyQKaWjufAeiFwbCMldOvBrINhRDPnLJ
Teste 89: LpkKzFRxZMChAfBIyVglEoOHGstbwYJjNeQUqDdaWrPvcuX
Teste 90: WZgwmcisBfPYvlKThAuVaHFkCzGrnNELJyqd
Teste 91: fQMcNIxhXOAvKluDzSYyJ
Teste 92: turdDhPEpjzV
Teste 93: kfRPpEeGJmCb
Teste 94: GrAJOivDfykeKdIEsTtQwnUuLNZlo
Teste 95: tnVwCWMXxgYmlSJyojsOiz
Teste 96: jlMDuXUocvrExCRzgwBAOeIVKbpS
Teste 97: drRnc
Teste 98: LYnSfOWHFQwErxBjGeZcqmtbhpCszavuigkIMUVlTANXyDdJ
Teste 99: wpDsZJtSFlIrfjMoNuHbyzCeGRiVXQdKxTaLknhUYP
Teste 100: ELcXpSgHveldnrZjxWoPfQmzG
Teste 101: rpZFSiuwlKdeHVAkRoByPDazn
Teste 102: dOuejXktnaCsWgyPQFNMmwoqGirIHzAvS
Teste 103: APSKXmEoGsveTxluQLrfCBpt
Teste 104: SgQLeiMkBNUFcKETV
Teste 105: iGRgPvaHXyB
Teste 106: UHIjNyzYoqGsxeVMXETWpKPlRuZktFcQwaJmShvLBC
Teste 107: PyhtrQbeVzRfAYOmaLNJvwKGTXogBqFsEcUI
Teste 108: wZzTVsWoFybtmPRMJHBYeqnjXSEAdgKu
Teste 109: vCDKhlLofyRNerpaiBbPdgkjuH
Teste 110: AkCPHdUBarXftmLqNOnuGsRJYgZz
Teste 111: PydTcxX
Teste 112: cJQyOqiasG
Teste 113: uqxfGYJpomciZCDOVWbzNvwIPtHLsUjBnRT
Teste 114: gGEiawTCJAKOdHZRuWetMb
Teste 115: PFWnelhqdNMbxgkmLHIKSTUyctijGAYXzpsufEVwOZQCrBRoaD
Teste 116: xtimwQHIKjCXzspqTVWONkfdeMRGSUDlZy
Teste 117: QINVuvDMWKtSAGYOaqjcRwnFkpdJBiTefgPCLzhmEXrbUxHyZ
Teste 118: ZEqXemIYRSjLJ
Teste 119: dO
Teste 120: UtGNPniVk
Teste 121: zHGkcd
Teste 122: QvJWctxkVjrFAb
Teste 123: PqSceFodkUVDJyYxINMWRGZOgfzXLrAashEiTlmKt
Teste 124: kec
Teste 125: oQIuaNTkxrdFGyefp
Teste 126: UQJMkYvuczorSVmxsOEdaIwXifT
Teste 127: OqCSRzEBokLcujsdXIiGv
Teste 128: SyoVQGvnEWspidaDChkNYArmuec
Teste 129: UFgHjVXqZSrRAvk
Teste 130: wXUNbjtELOpYkoDCuqevWZAQrHTydsnBzGIaJF
Teste 131: RYUInTFmWQpLzfAKtPiXCVhNvgEoDGBrOSjH
Teste 132: GbtSQAyUeTrYEIfmORsWjcwkixMzoaDFlpXPBdvJh
Teste 133: rzitIRBMXKvGTyVdlajsAHQWCeYZnqPSgNUpokJumFhc
Teste 134: ziVIcLDNtsglRaFBfuJwSnbqdyxAOoHvhT
Teste 135: wRnvbFxhDSOGesIgKZMfoYEcdLpQXrkPqClmWjiHaBNUTuJA
Teste 136: cUdJ
Teste 137: uafPmEXQ
Teste 138: RynXkEulfMDIHNOpxPJrhg
Teste 139: ovrzDhRTwIGYqSjMFLdWNtCUZKibgXaQmkOAcpsulJVef
Teste 140: muBEDSHWqRMAFrUyCTKN
Teste 141: ZBuDteHzQGEdiLpFmkIOWwPyNJxaScvhoVAsq
Teste 142: taIjMuUwrEcnNRSdZQJKCAVf
Teste 143: PQbefwNFuGYCVUSzLEAnWKidsrDRphBmovOka
Teste 144: zwlSoKCecPJbvtX
Teste 145: AbGEpSKovleZmrW
Teste 146: rM
Teste 147: ZawbDCBTmlIuFhxfpzkirYeosVKnXHAtvgjqd
Teste 148: luEdsBIYjtUHzXLMVhiCSmNabWZRvcDFypQOoJKTfwAxGnqrkP
Teste 149: SmdvNfniOseuMqZ
Teste 150: bJdpNBlGjVvgXeqwFcQrUxYHCPoSRznEIThAuiZDLsWaMOtf
Teste 151: usMiUAIGdoFlRwcjJTrzhkPBXvHfbnNDm
Teste 152: JLedxPWsQoyfTRIjNUzqDEgVacYihbZ
Teste 153: ZzkBYROIhjwSrJtVsifpELNPoQludGHCbXc
Teste 154: SriVjWAcbpYKzTGmhv
Teste 155: VP
Teste 156: meFgKarQpdcHZkyCShoutMxVLXORbsznIYUf
Teste 157: MqayhznmgjvJXWOLrtiofKVCGEBkwYZsxlcPuU
Teste 158: vDHqhGXBrPVEpUW
Teste 159: zbUyxKsmCarivkutqjXDPLeTHdNOSGWYElcwVMIoJR
Teste 160: WaDrlpwGKbRNXMI
Teste 161: IEfHRcYWsOxeSulQqoyrAnUNTLDmgKZjwCkdatM
Teste 162: zkLcFRaWubSYXUoiKCBdwreJqMIjmTlyfAtGphHOgvZnExDQV
Teste 163: NLIFCErDTqGKvXpbjcwOMQdmnSklaBiYoZRe
Teste 164: CXhIOFNdrcyEQZwPVBTvUtJzHus
Teste 165: vgyatmhGcRqJOQCIdTVnYMbwu
Teste 166: usHZaUOQYmiVeRIFTDyESGMXtNKkLhJlw
Teste 167: gSNxnomZcUtydjR
Teste 168: idpkbQYHUMDZuVhoegWtvRqwSCfxzlcJPBNmFE
Teste 169: xEaHvSQeFuDwcVIUjGPWkZTLytlOzgRMmoYNXbiACsBrJ
Teste 170: hpPCmkRzoNBiZLJrusEVcUvAOYgHQSMFTIq
Teste 171: uM
Teste 172: ZNWScKAGHCePym
Teste 173: jcZfPsdDSHkgeBJwEGyThQluLWvzONopi
Teste 174: vwxrpgbeJFaIzVHYqkOPnEiMUNflGKD
Teste 175: SZEXuPOgMhJzFtDpIdfexLmNWv
Teste 176: aBFrNyXuOLDIZh
Teste 177: nYumSrCtVaviwEAfMUQXbTKPcLHReINyopWFjOhzkDZqg
Teste 178: cxvGRdXHK
Teste 179: cxLhVedUHPQTqvKAWXpOnZowuCJt
Teste 180: hx
Teste 181: FsyCbRHS
Teste 182: HwJsGAotmQl
Teste 183: otYJOSveqBGafM
Teste 184: eBixMAZoqIFNXJtvmpSQPRuDrkWjcnHdYlyCz
Teste 185: EeiLSzTtrfVYaGH
Teste 186: CSAhmvezgkiloByVxLtquYOjdfPNDZQUsrb
Teste 187: FNMOfoRcGK
Teste 188: GRSBKFTUZCmONLbrqHynYWdJftsDjvPpakAuQowMzcheEIgVx
Teste 189: pOjoximzGKILAhnNUsTPyMVvrJe
Teste 190: LpyJdgzYmKkiceSaBHfZbnMFVGxXvwPDIEAuUOjRhrNo
Teste 191: yHShcErbBvXZNtoslpfw
Teste 192: FyLeisrPR
Teste 193: xcedjzbHrMEmGtVAY
Teste 194: CVJWDZEaOBgfvAhw
Teste 195: bwLmRzoEgqQxPyjTstvINaprcAdheGJnFVWDCBuiMHZfXSlOUKYk
Teste 196: zMuHOkxXsytnBeAmbEpcofgwTDYSKIRvhlUiFWZqrGjPaNVJQdL
Teste 197: GrJBoHt
Teste 198: BypkENHWzbqnFUQgafevmiwrjsVtJLAdDoKGZhuIXxMPClOYScR
Teste 199: MQKqHLdliDrtp
Teste 200: onGbjZAYvzqDXcgfwLsrQelduKTmUtCBMVpEiykh
Teste 201: YWuKvGNzTIHwdFirmoqxJRVUbjsynMQBAPlSkXLCtEZfDec
Teste 202: iWoRDFYc
Teste 203: FzYtxlkIinsTE
Teste 204: OEnCxU
Teste 205: o
Teste 206: VHzSxvUKQPRctoXpGisTnaNJdEFujOfwbMCrklhmIB
Teste 207: MnotIlhzvWZikJceKwVREsNjGPU
Teste 208: VYGgaUJNtykcnfrqTSxLpCBMvhPwiHKmAlzu
Teste 209: BMoGsgRVZyuAKQCifwcDWOjdzaNXxUIvtmpHF
Teste 210: wKirtyxUHejAJasuORPznCvVh
Teste 211: GaIsBVRbWAeZotLglmdkjOqHxrCfP
Teste 212: MRaKxziZmbcwqH
Teste 213: pdXLTJjaSOYDQCqtvEskl
Teste 214: QNdBJxzXTijlyEkZIGtrKhDMfmsCuAqSeYnUcgRbLOPVvw
Teste 215: CfX
Teste 216: XeCfqSVyHOPJdYo
Teste 217: foAhUBrMuNysOjcCWtkQPpwVmvnTFbEYeKRJSXlIGxzidHDZ
Teste 218: moDbThzaRsEFvf
Teste 219: CoUNWkTadihjRDEuLYKlPHFSB
Teste 220: vwDeSPjJGWxntrMCKNABqOUlsRfFkaZyI
Teste 221: mpJ
Teste 222: gIiyMHRtnEqPWYJNsdOUAubFXmVxKfvGSc
Teste 223: DQSahIECTKjZNHLigpGtuzJmFvPnUsqwc
Teste 224: aKZcxBSObIGoXhQRujlftenv
Teste 225: iqTXlfydArFYnEaMvZQSpjVGHgNsozmcCbxtJWuRweLD
Teste 226: NWyvXpzauAPgGIJwLrBVDjHmbsCQlfeFMYxZcRtSidEhqUTnKk
Teste 227: ezJLmQtavYGRFhMEZDyncguPSxKAXboUNBdi
Teste 228: GpdTkzJhLqZHsfOjy
Teste 229: gXZESuvJtLADBVjPFWGRYdbUpTM
Teste 230: Y
Teste 231: XLrCDHxISZqvoJfpMYVANlyajwkGQnKT
Teste 232: hHxeTLZPrcqawilgBYWGkUNoFubCKRI
Teste 233: FWcKpJOqwSyzNAuxRDMaUdkVTbgmtX
Teste 234: AIaGiPzDJwtCbUrKyBQOREWvcgfNdFZmqxXkpjeTLnYlhMsSVoH
Teste 235: QInCUsTAMhj
Teste 236: EXGhoIjqrPlT
Teste 237: wPqpZteSMFfzNoIiJQbrYjuDmsW
Teste 238: wWVAouULiCpQKaXONfGIMcxETSzYrJtZH
Teste 239: MvWOCgARumQfSrlzksNeFbanLxY
Teste 240: MNJWDwFBihEryQgcRXxdtOIpulUKPCnAHjGLSzY
Teste 241: XVpJvnwGijHdCZuzWUqt
Teste 242: MmswTxoeWZXHnYyfEkRdGFjplzULOJ
Teste 243: nP
Teste 244: oTMejZLtmCVWKuS
Teste 245: LXluFiJRDKPrVzECjxnTANcsMytpkbfYSIZwOWoeUvhmdHa
Teste 246: cQSLrgqioADlBCOEazFYGhKPyJe
Teste 247: PNCJmsRaQdFbqViMB
Teste 248: OtVrSFYuCJeQUKfWAzDNPMdlRmvoEbk
Teste 249: ywsFLIbYiHXVzetDraKfREABxjolUSTWmgvqJOPCQGZhNdnuc
Teste 250: opJrtqlkLEuKefwGbMyUxigNDjcPYOAVRTFzdhv
Teste 251: CqSmOVvMzgZbdiTlYLNnaxyhKDsXuQFeRPkIjWE
Teste 252: qCtbwQXxpo
Teste 253: yeQwSBlkpfGnbOAxriPMhqmUod
Teste 254: N
Teste 255: uJoZStaeKmjbVlWGxEnCfOdFykYQMcrqB
Teste 256: RecQVNmPdGJZLroOgskaSCxjDlXyKUHWqAF
Teste 257: xRYbZqVrt
Teste 258: VTFLnSJQvHpwgEKqmkldfaxeYhIzUutBRryGMZXNiobcjOA
Teste 259: hgtXwTlbkAUYKnc
Teste 260: WCjlmNuDPtFUIZzBaMXgqdonJkGhRxQO
Teste 261: ECpFoJDzvxXndNyYjVaSMQmBgfOHUqblATIwiRtucWsLreKZ
Teste 262: JCRLGhTmXbxWDolnvFdOirAKgqQVBHMpsyeNkZzYUjcPEatuwIf
Teste 263: HxpFNCgjrhXkvZoAQaIqDcWReyfLVnOUJuzlESsbPwdTt
Teste 264: beEDIhgTVnyYxSKatdUkqswHNpGWXocQrjlvPBJLRmiAOzfuFMZC
Teste 265: pCRiuyqlZxzVWGshwDUaJS
Teste 266: TGaiLmdAWoHjugZQJFOtrC
Teste 267: VSydPuqcCpMtKk
Teste 268: ovpmUrJaBKg
Teste 269: HuIJorNyKFcLQAbRCwakfgpEVnvTXMtxPhelGUmjDqZBYSW
Teste 270: MnfLjcXTIEvKqdYarBelHCOJgZsuQA
Teste 271: btRiMpTBoHXvQKgkDahzVOnAP
Teste 272: cRaNnUYIFfiBdEZJQAyKWH
Teste 273: WkqEsOHvLFSJnu
Teste 274: kwDCOhsjyozBZqgfcPNmdlFnAWEiSLHMKaI
Teste 275: ijDxfOzobaTsnLRKrtZM
Teste 276: UrkmvREqcPozlJQWKIAewsBjahSGfdLTxO
Teste 277: PzlT
Teste 278: wjRDeuXVEhyPTYxUMlGpvJzNQCcqdim
Teste 279: hCNIVtfHPvRaDqrjQlLBgzXkmsepTYMSZKEWOJcGduAwoUynxF
Teste 280: Jt
Teste 281: irfUqcJuKOaGMLgkNotSehWmEsylIRZAVFvBpbnQzDTd
Teste 282: iIRPWYTKmHxnBNGyXvECZJjMzeVqotSfhDbcLsAgdrQUuOlkap
Teste 283: wyKJaGWchgPNjRHnbioMT
Teste 284: RnZJe
Teste 285: nURqpIhvrKsEfCkatGulxTyHmVQMgJejXLNbZBwcOA
Teste 286: UBaiYQdpSemZvswDEbuf
Teste 287: yebHEgosUNVmpTvkYXZPWAjiGuaDJSRxdFOwqn
Teste 288: IMUTomZcYORQirslvNuLzBdtwEkXWyGgaJq
Teste 289: LfEZSJnkCbhwitopMQKczHTXdRNymr
Teste 290: rIOp
Teste 291: kfMYQECoyqgWmOeIVsZFu
Teste 292: ZnFsGHlxLKMgadYPyokrbtpD
Teste 293: YlKrsj
Teste 294: yrYOeZdNQE
Teste 295: iEbUYNDjqvofkWtVHmIFcwg
Teste 296: IlH
Teste 297: ZxhHYGTIpadSgbNOuWjysPoU
Teste 298: EZLYrwXSmkJGKuCpFjdROQxtWlqMBPaANIycDboHzfsVeTnhUig
Teste 299: oLMH
Teste 300: QjJKnmtABEXeTiCwxUkNlLyzhuMFGSpfvDso
Teste 301: hDiAajMvuGnWrQkUlEZzCfXotSPegIHOKsyb
Teste 302: xBlXcgTvGAzjbCyEuZRQoPnqehDFUKHkVWitpON
Teste 303: BKrDemGUL
Teste 304: kVTuWyKRENHehGSoFPU
Teste 305: ESsAJXQijZVnGokKWLgBmFbqHCfOzadNvTphlUDcRrPIM
Teste 306: lKYbhJReZtOiNvoScyQDBEGLPAfMFqxIaUmuzsrkCjXHWnVgdT
Teste 307: UcudyeMZmGnPLCOBpJVFkfwvD
Teste 308: oLjeWfbtgyDkpuHiIMOPsTUc
Teste 309: YZWjRrbShqwioFTHDsX
Teste 310: eCigwzJrRaxkIcohbLtKVpfUndSWFmTGAH
Teste 311: BVceKZf
Teste 312: qyfLmROsohelEKrTbZjIBxcCaWPkiXpSgVMQHYJU
Teste 313: RAmCizsTptQeYaMFvPhySouWqOgrDBUnwGVxEJdkKXfNlLZcIH
Teste 314: gjHQGZyOTRioLVUhsWtNIxmkrMbYlDKdncBauXSw
Teste 315: lDRwvqUarkSeHQIVKJO
Teste 316: HugIDhyLdCelxkvQbSjEoORiPrtmBcKFUJpsMzNwA
Teste 317: XMkCgEFBnRPGbOarlNdcSuJyVhHjQKvTLZIwms
Teste 318: kqVPlxFMjtDWoTmczuSLINgCbZwHYasdRJUenXQhO
Teste 319: tbVNRfLlOnucriMa
Teste 320: XyNRBkSZFqEKrcLneYxDJjAswTa
Teste 321: rnwEAHPVDg
Teste 322: OkXovMUGTeRrSFBsyAgIchDfbjJmuEtLKdZxaNCzVW
Teste 323: qirulpJTWEfmBnPFvOGVhcxjK
Teste 324: YtGvriNWZeKM
Teste 325: QvqtEldHPFJAhckIGuTs
Teste 326: UcBvSDuKNWxmldwnsqRzIEZJgtMyCkfajQeoF
Teste 327: OvABCsoFKqHnkLuTiJagywIzEhbWZrfGR
Teste 328: IVfjGvRekUcCLQbauTiHzWArd
Teste 329: FUosdbEm
Teste 330: PGBtkuwdjaf
Teste 331: bysvcACLXPOmgxNWrYzKjGtMZDdIUioakuhnVeESlTfB
Teste 332: QKWTvujBgzMOkrLbqEwCxniZseyAImFRVoS
Teste 333: cJMCPaGpl
Teste 334: rARZVcSCpfWvxDFjgGdUTQiLBPHmqNwbIsnuyoketXYa
Teste 335: vPzSicuhVYpHoywjqNADbgUemfTZQFItJRWxsKMLk
Teste 336: jnZ
Teste 337: EPAbvSsXYKCtdmIrJ
Teste 338: VZdwK
Teste 339: KRUEGPxIeWcLsbJVokjvZmhiSatHlTyXNBCr
Teste 340: ubodqYXrmwNVBCWvTtfnHaxZOLJFhseziPjKSMpDkIE
Teste 341: shwrkqTpJlMdQBEgYcNGXj
Teste 342: bELeFPKdykBTGXoDOVUazCfjWiI
Teste 343: lgEASRqsaHrZfWkcPYToUuJDKnQeLthbMxGp
Teste 344: RvEdBT
Teste 345: qhepnDafTOSvHbXNRUImEQYzPkydlLctFVgrZWBioxMwKj
Teste 346: xgjadVysnMLEbHlzmKWOuehoBXSZCNAiGQkqvTUwFcRYpDJtr
Teste 347: KrVvRJHYMCEdXFuPsgzLQibfoeDqhtkTxGSUBpaWmInw
Teste 348: lKEApqwXsjmtZfoObNkJxLGWIVhCvgzBaryR
Teste 349: yKXFvloHGPOdDwi
Teste 350: siRPTOLqUYfuaKWIrSgHZ
Teste 351: rCtvXHnILMRDYKEzVOFpswyQkgPjuoAbWNdchZxql
Teste 352: NfFotZBOJXLhgAxVsCQmSUrTwnKRcajWpdM
Teste 353: WbFNzc
Teste 354: OwqXVMgjhCzQlorsfTptmYFPdGNLWZJyunHve
Teste 355: RUMDHpEgbJSdnCaIylGvmusKTYzWNXZkPV
Teste 356: pxDltrcwjuCKebFWoNEhmQsiYHOAfBLkGqUJXzPdVMaR
Teste 357: CeAEacSDMBRVrILGshPObxw
Teste 358: gYPVUpkrIXjiZNqThxWFmwaGoJzHLtA
Teste 359: zkHwtvTCqBDPbcRSdUjxLVYsJo
Teste 360: NiqybgcjPRJfDope
Teste 361: cJDtifIjUxkoZaS
Teste 362: bZBLTCoUpqeDadNwRVmHjKEMxYnicgFrJslOAzfPkIGhvXW
Teste 363: tELzqDTwBgYFkimbMxjUp
Teste 364: JSWsaQBoIqzeKgEmAUPcTLYnGX
Teste 365: tNoLJdaOEYSnUehkVKrCD
Teste 366: rYSLVPejiowxsAhbmNuDJqQZMdByEHOtXClaUvzpFkRKfIcWnG
Teste 367: CrKyTYfVSvsjpLAIecHEQbwuXxk
Teste 368: QZdBGxeIwDRgipUHMtTrmsuJSPcjCXEKfa
Teste 369: JHbEsSfkacKrUAdqL
Teste 370: tTdIgOfqXLbRmaJEZKwCeHoSviFkABNrlGUuzp
Teste 371: IzulwfakBCJZbYemKDhtgGMTHRjrnxvQNpVXqcPdiAFUyoOWEsS
Teste 372: BHAyEwxmXGgbitIRcSJzodTakWhpNnrQuvYqVOeCLZKUlsDM
Teste 373: COPFwSXIuVjWKHmxdNnUt
Teste 374: ZV
Teste 375: avEXtOnFbPwVuMqxjfy
Teste 376: oLxfOKasqdt
Teste 377: aLCxhdufVXDPqYcwlK
Teste 378: WvnyCgjlJFcLfO
Teste 379: UaZhzKGJflwNLiMkOdAnIcSYXWeprqHC
Teste 380: BKPUdZLIQcJaRbEVuwXzepsHkrOfqTAlDnhvijWyMGCoYFSxNmgt
Teste 381: yNs
Teste 382: NxfQbXliGhTMUprmPIzoewCaAygLkuBdvcnqWsSDRKtHV
Teste 383: CkswB
Teste 384: JQURlrNSjAwYxC
Teste 385: rPZdzxKfGXnAMpybWsVqFwjgUaJT
Teste 386: OriXCfzda
Teste 387: gNZVhqPtMOWkQnszyFrTudxDSifGbUljcawCKXoLmHpABJRvEY
Teste 388: iqgzXQojdpLNnmSDVJlfWxArUykEBwHOtaYcThFsMIv
Teste 389: tzKmcOvDhUMXdIsCWbJkGgPjn
Teste 390: tWieODUcGkrvgwshaAlyCSjKRLfuNFdQEXpJHVmIZoxYBnMbqzT
Teste 391: JpaZQoTFhVMxgruLWfdXijvEIlKNGcRqwsSnbtk
Teste 392: xTZNqrFMPtp
Teste 393: pWaiYmrjSoIVDdGucgyKhJNsqLeOvkCfltTxBUEHQXzZnARbFwPM
Teste 394: QlVonRIJCX
Teste 395: PTWpfIBQsjqLZvXUmkeuMEbgDdhKclrY
Teste 396: aopUEBhscIKS
Teste 397: RvqtEcHfKSsJMeioIbCUayuBXLYjnglkpdxzDWPGNF
Teste 398: MgXkQybdOpafRxLVDsAnwZPIBYEcuiNJ
Teste 399: dgPkjYbCDIFypzQABatJGTxlvLRWewHcoMusOUr
Teste 400: jkSV
Teste 401: TuRHcxfydBrPMzkwhtAasDGlOvqm
Teste 402: DcAS
Teste 403: SloYCPeUyBVvRXKDdnOacFWIfTNLtxjJAiqgzGk
Teste 404: WumMDVxH
Teste 405: dXvApiWxuHrzfeNLBPonREhGCwVkQFbMDagIyqKjsTYc
Teste 406: WzPHAEGJNpmYXTvisROUSnIdBKZFgwajcfL
Teste 407: tikBQxXlJmZWvnsNFqyHYPjLwUKae
Teste 408: xKXIFdvVYksmTfhqecClOibaNJogSzHUnL
Teste 409: X
Teste 410: fxeLUErKRsGyPDtBFbTXZvckSlWAHpiajVCIJqNndmwoMuYQzOg
Teste 411: TxgfukMtWIeqynRcNHiOzBrsDbGwvlodUKQXYaSFJmZVL
Teste 412: yBfAOqrboPxG
Teste 413: UOghjVpJTDyZizxCFMLPurSwXnAQoWqkeEYtslfNHGBKvcIbR
Teste 414: kinxN
Teste 415: aejgLvuTlZGyXVnJo
Teste 416: PEziBOF
Teste 417: lDMAvcykaTXJCfzWUtedbmLrnwFYEG
Teste 418: DjHOdtqEu
Teste 419: whrKLSxvRAZzPNgIVT
Teste 420: bxnekwtQNsOmjrDuFyPJVSXMKGHiUqzIhafvAcdplCWoRgBEZ
Teste 421: aqtJCNfBKwsznjAYp
Teste 422: WdhaoeTtFqVZIiSUgjckQARY
Teste 423: SBprQVUWjHJMXfmAxoIcFGaskONnv
Teste 424: gBxNF
Teste 425: gxep
Teste 426: JRQWrdDySPiglhEvfknAqZscMmVTpFbHLuzNjtOGaXe
Teste 427: TVtmlnHypoKBzZDeNuMRcIfWvkJdxSACLbQhaG
Teste 428: vtOFyohljqMnfXmuziISNH
Teste 429: IFwCJctoRxzXOBiGukLnZEdKfslmgN
Teste 430: fgTBQkqupZNmeLcFyWaiOKGSXvMjJChHR
Teste 431: D
Teste 432: SeridUNZQjmg
Teste 433: wF
Teste 434: PwQvIeFrVNuiZtCSHOMfXkBxajzLbnAymd
Teste 435: DTulQFwyabrVvWiSmdZpkMNeHROAGtUzPK
Teste 436: ENjLvbnRMXHatKS
Teste 437: cpyGkdWVTaqhPj
Teste 438: prWkflYegHKO
Teste 439: dTPLzqltGgOUKVmBQrnHNkfjvFeYuAasJxXMZoCcWDiSyR
Teste 440: HKZPriwMCybGcVsIgFvx
Teste 441: DCbthYdAIavoXlrmMpTFBNUREgPKZJfkVWcswyxSQezjOnHu
Teste 442: kzVIrXNQiUL
Teste 443: ApBvdafsHiTthOyFZDeICqRLkbGVgYXmzQxnWUoMNJKclP
Teste 444: XJljwrYOHgaZFASzkRcuvVPbqht
Teste 445: caLrDXTeGEFmVKlbz
Teste 446: vMZymbfTBPOaRQ
Teste 447: TXDSzJkLBxyKOCEAGfupPFdZRqbYjmioWVQNwghslMUIrvteanHc
Teste 448: JCkOdwVtLYzNFveyopXMDKQlaicATnxmfGSjb
Teste 449: ARPhVFEbwvzHt
Teste 450: WywDUIaozcipCZHMjrJQFPEltRuqhBdLYAnkVTS
Teste 451: FDqKIySLMsXiJhCwczbQUNVpdnZTWHxPelakYmOu
Teste 452: svCjHLJVKmAYXfpZNRPOwkToFdMxzinGqeEgbIl
Teste 453: oaPInidFzJMpeVfAXsjDbkNwRglrQSvEyGTHLZqU
Teste 454: DGxApnyimHtWwVSTgIjPJNMuFasbL
Teste 455: RuKbDJoyfYnABZIwkxVNjreFmdlEOsaThiWqQHGptgLUPMczvXC
Teste 456: kZCzBhDJrliqOLYRweayoAfgGuvHsWNbTpcjVSndmEPX
Teste 457: iy
Teste 458: gMyCbNrqnfBsuYGzjVcSTlpePEvmWkZwLIdDHJx
Teste 459: HsglrJKIwmeUzRVxoYZLOEGbXCDFcBQiaqWvAhunMkdfNjtyTpS
Teste 460: HwxiUVrDQpkBsI
Teste 461: YbSaAQ
Teste 462: gxzirqhUDFcdkfVEvRtbPJoKSZwIOpAyYjsNQXHMaCm
Teste 463: EiVhRbUfkQtgIaDmBLAnsx
Teste 464: XbCSPZKJAMoOsy
Teste 465: MVIgUFkEBA
Teste 466: YxdDrieWaZwOyocMvQHnpsSfNLJgRV
Teste 467: MdAHvzDgXfPFKOrcn
Teste 468: UHFSzCnZrJdtmyEYjwALcWaOfIPkbKBoDTpNlQuvMXVsehgGxiqR
Teste 469: QmYNdqEPnJbTlxkZLOApXcCsW
Teste 470: MbRwDsuCNyaoEHdLvOmtSqkegGPrJAxQBfIFnXp
Teste 471: EYgoKhdSlvAHZyLQtkWnJVmDwUNuszpOCTFXIxcifaGPbjBr
Teste 472: taEiOnTvwRpyogbMVdDsXfuUJCFqLxIAYWhHKGSjekmrc
Teste 473: DSwcbgZYaVveyXiRuzOtNGpCBPlQdsFrkJomMLjUxK
Teste 474: vwlaoCiBXLxGmHTcdsRFPtqMDOnJA
Teste 475: cMslbfAKqTaFLptHEuQOeUjhGJdWZgIPvkriz
Teste 476: BsvMlZYhHtJkgRNdcCoqSTKxUIGPzrnubE
Teste 477: ZGxoFmVRfScpvEWNJLaqQXnlgOBsKbedjwrDHIAtkiCYuU
Teste 478: YSspKRokTmdQOhzCuJlVI
Teste 479: UDpPHaxYtyLAdSChKrbjMsXnVTzl
Teste 480: idxkWTVYRfvbZstDAjCONmKhIcpPBHSugnJoQMyFUeaG
Teste 481: dvJysCAtpNZmRQzXjGfIxeTnFSqairDL
Teste 482: kOWMwIQXScoRYZahHKeGgtruvPnbyiqmdxTCljBVFA
Teste 483: Lk
Teste 484: TeoiXYhZzSwgUvFDpqIxWsmndOtc
Teste 485: jxiWaHQAngqsYVFvJOwkBTNblZrLPSofIdzDR
Teste 486: WCTuRfFbZNOAHPYdkBtogsnUXGavDSjzMmVJep
Teste 487: wFbOViEuCLIPvltYqoJNXQjyeW
Teste 488: UnCodFjzyrsBawAE
Teste 489: AxczqmZSUrNKQWl
Teste 490: axbfvsNPRGLBZyKVIQSDilzJYwWMoEhpeUHFAdT
Teste 491: MNdXORSLaeGc
Teste 492: JLxYRTUHyEQhkiBVebmfpcACZPDlaKwrXFMntgjSdozsI
Teste 493: EjHuPSzQkWIyfxhCrsFqnlBXeUT
Teste 494: bWisTBfkESqODenUJFPjdmYKvMLphIl
Teste 495: eAfmMBlJYHnsoGicSOhNxrvVdg
Teste 496: ATyRrCLtdSmVMwXa
Teste 497: sCFuYySLioxQJMTqn
Teste 498: XJhKHbyDQiUeZsxYcNrAqTlGPwmknSEFLfagoCpzIWtOudB
Teste 499: lvoJkYsyHKgSTBcZnVNWMUGAprhPfwjxOutdCazqbRIeEiQ
Teste 500: eDVTQHjuaIrLmbZvRUSKwByidnqctOhPNCpFog
Teste 501: xRIwXgcZHnysimWeCLq
Teste 502: ulzRJaArUToDICsnPBQdMHGVvyfxjtXWpFEKiYcZ
Teste 503: KVU
Teste 504: gKnsjuEVSHdLZDXQtTCcNkxvPY
Teste 505: XEYqoazLFWibycemSuQOdAkKPlrRJNpvBGVDfxZjIntgMCUTswhH
Teste 506: nbYfLQGdmhDuVHABNTsKWkv
Teste 507: orNzEmFYOTjtiLhqIAfxvcgUaRpJPkGVCyZ
Teste 508: uKMYGNfptzQSBbmqLv
Teste 509: JjdVnCIONxLDzgGRPKYQcHM
Teste 510: vRHIyTLmxJUQfAkaKBrOubXtNW
Teste 511: IUlXNdvoeVcsLiT
Teste 512: btFRifWBYlPQsq
Teste 513: WFKdVQqErCIgbozTtRwjUJaiYnXHlAsukSDBhMGvPecNmLxZypfO
Teste 514: ICMhunjpdEazTtLGKOYkUHcqFNRvoDSBbXe
Teste 515: ubK
Teste 516: vBdOaJ
Teste 517: kZmUOIJgxvsyNobCFanceYAfRpPjKEQrLBSlWVTitzuqMDwGXd
Teste 518: cExJWeKohURXwgqrNQOfkFimMSptVTZD
Teste 519: XxLrypqPYAbcDzHVNOaMnBZSideustfgQUEjvIGKlTJWCmFkRohw
Teste 520: sdMh
Teste 521: vQFcTyetJXaMOgYjGilSqVfbEDLxBIpRUoNhuKsAmwknWPdZHzrC
Teste 522: pnyNWALqjSCQdfUPTcvbhrzgauRJexIkltOHXVEFwi
Teste 523: MVHGARonXtjrfBdExuiOhmkpewJvTNLYWycsClUgbSa
Teste 524: UjicJltfDVCKoxXRuhBsPgSyQ
Teste 525: UYdZIKMTgspOScnhoEDblyVfrGHazkvNJwmFLQBWRXAuqCPxte
Teste 526: mosnNTUchMpZHIrGKRyuCfYJjwSBLaeAqEtVzPWkFlxQX
Teste 527: hCesxnLrwQPKyAaiSWZRTgkOmbvEUlcdFjuztMqDBYpHfIGoJXV
Teste 528: IpWwrPLvQufbtVmZel
Teste 529: NBXSMzinyJaxODorsA
Teste 530: KTAQSb
Teste 531: BRUlXJMIsgSonbVQFYGHZCjerAhpDiWTL
Teste 532: nZRTMotLCpFNzYPJwVsiSAbHjGXEhxvmglfIrqe
Teste 533: TsOQyrmkDhveciMEZqRSaGWglKIoHFNYtpwjPuAxLBbnzfJdXVCU
Teste 534: cRXzitByePrpVFfwLguxNYvmZH
Teste 535: HvCwmPksbpfIDSdJAYtyhjXTrcFGBZNVLKqiQWOMgona
Teste 536: gvUdclzHRE
Teste 537: UBcpexhzEjwufYINKDHJPGytdMOLRlQnsqoFXZWmrAbTCSvgaikV
Teste 538: TjBa
Teste 539: FxpzleajLbqAKOwZIdETDPHstyRWSMr
Teste 540: ThnfQMcgkRtNlEzveDKGbdjFJoIpyWS
Teste 541: UWBrMZiIGgJjVxkyawsvLnPSOoQDXERftmcbHpTFqKuNdAeClzh
Teste 542: zFDRxc
Teste 543: JHrbySzYwqlTnAvkjFtoIOxWEMgfCQUs
Teste 544: ydARftTBMF
Teste 545: mByezODSJnoZIWHbRMGvkTYuwNAQpjV
Teste 546: axvzsRyinGMmujTqdVbFJoWQANDCYLUHtKZeklSwEgrh
Teste 547: MWdcBXjyFCVoUIYmwzTGONqfaLJtpeSAuilZhHxRbsgnDKQr
Teste 548: uUWqbIOwgjrPKXdMTcQ
Teste 549: fSDBisZwrcVYXgJopENbCQIaluyPzUn
Teste 550: VDWeciAPmSqUwvlEHZYtfQRunTsbJ
Teste 551: kvLejQdunUKMzCi
Teste 552: XIYKetQFGjOcBuNgdo
Teste 553: cClVTGLWHmOwKNBSqnFProfRZyadhjJYbQzetEXsMgvDUxuIApki
Teste 554: AfRbBgihjeomldyIYNnSPTUazWxEVZtHLFkuGcMsJQpDXqCvrw
Teste 555: ayJeDgNb
Teste 556: oAxatOByWbPKfiwcvzXCEIeSskrl
Teste 557: xDWvTSJmRnZubegrcYVLpKUHwFdqAaOhzfijEyCGQN
Teste 558: OeqMGZaYJdyLmoXbxDTgPcjhUCfEkVKirIQRWsBnAtuzw
Teste 559: yhdxBjR
Teste 560: WQkvnoqeiDZSJRwcTGtlHYEOjXVpKAaMzPBUhmFsyxbfguIN
Teste 561: LFyIgtnaEdPJuOqZDRhUSKCTWeBHcpXlbGArsoYMkwzvjmQNVifx
Teste 562: YKaUdikVbDhXrxCtJLBuIMeRSqOnEoj
Teste 563: MnOlwAhboPekXytijWrDdYzxJRZ
Teste 564: cZfBlOjgFUtMHqQnypGRboxdLJYPsKkVSmAu
Teste 565: XRCQgfrMbDpsTYSzOkaIhjWumJUNElKZ
Teste 566: hgWiRPfdSsLHXyCEKNqTmpl
Teste 567: VLOaDlKGzNSywfoctRrvBpWknIisXYJjCPdHUh
Teste 568: JqhnMsuAeLiTZypmVlGCrzXOcSaxFwKEbHgtYBRWjDQdvINoUP
Teste 569: OPmrJURDzBYSwNdgqfnivyo
Teste 570: VjIxWzGsob
Teste 571: VjTXUrykPpYMxtcHaCfsiZlLhIWwqvzRbeGKFdEgmnDNoJBOA
Teste 572: KMQxByNFcCzhL
Teste 573: rkQmJoWFsSApEdGafZ
Teste 574: dnQvMgPZqXKyrmEoHeziWChkwpYAfTFDBULONuSIVx
Teste 575: yXTWfNnjPuMwbUVQh
Teste 576: YpitwSUWToCxjINueQXsyVGqfFcKHPk
Teste 577: jdmkxPAMvYoWXOQpSagHbVDurBGNlIZJhFTwKCLqezisRcyf
Teste 578: XzOglbtPVHhwWNcTG
Teste 579: WBGRVTfIEzjParCZgLiwyDeFMkvtYKAdJqumpn
Teste 580: kEg
Teste 581: JyTaVlgxFIGBQPmzbntLrCfuKRDdeUjviYpWMhq
Teste 582: ZgkWyxpDvTbmLGXuISeQlKUzhnc
Teste 583: jObTJFcYrqh
Teste 584: XNbCZBHrWvfOuPAtoEaszMUcmkngShLGYyD
Teste 585: KLcDuCakBnOQJSzipFoPrGjsXxlAedyvRHI
Teste 586: RGapjXSJtqZsvxNiOFfuryCTehAdzBLckmEDVlHWMnoUYg
Teste 587: ugskOWPdbYUBxelMJtFnvNDRAyhmfwQEXqGKaHTCzLipc
Teste 588: UdCgSwRvVNeKZiJqsHAlmyhFPuQfpzIDGOnExMojrW
Teste 589: QtIPvLoeyFghBiplYjkwdu
Teste 590: vzNtiQXTAEmf
Teste 591: vpweEgWjGncuZCsVDtRIFNyKhHTUYaLM
Teste 592: CLhOgBHytPmGlUQWJdvfKa
Teste 593: yTIlRXUSMvAtGBYucNqnzjiaweJWskFxDCdKrfgQLHPopZEhVm
Teste 594: byaQBRlqZMXPJEAxosKevNHwCGhTizpfrgUdIWVStDmcjnOLFku
Teste 595: jyXHNBqKlVdQuFDzTZGhncxoa
Teste 596: AlaHbhGBOKfIZFpyWvmDQnMse
Teste 597: COpDVUhYcEToxHGQgenlLRMyIdfjkuvJmtKXPBqbiW
Teste 598: QSjvNHzicxWuyoDfbFpBgOVMrXGJ
Teste 599: veOyEQGKmUMpwTsljqPurCFXNntH
Teste 600: wLHEObMRISUQGcACFPzdgiy
Teste 601: KTIpRnALsDyYwquevlJNHaOUVkhWzjrtxmPFoQgEi
Teste 602: KWJOiZjnksxwyefUtPTLDXlVdvCYARpGbQBguroamHNcISEhzM
Teste 603: lIEvfWkqLwmTOUHerhtxDdaBZRYnQjKMoNiXupgsbcC
Teste 604: mFPlSRnIaEqeWHib
Teste 605: yZzoMiXK
Teste 606: lqEkhNjeHVsgKwOpuzBbYMdULZxJfnCatSiTmcGQrvAFWXRo
Teste 607: YkamUwDvXAqpQVKOijSP
Teste 608: OBVDqElAzIMXTi
Teste 609: pEhY
Teste 610: xTangiUbqNYzfcmMRZBhWwFoAJIE
Teste 611: sZuahrRMDbLJpeGjfCvISiAPqmdHWFxcXVgKtUBNElYzwokOTnQy
Teste 612: fTYXpVKHWnPujmFCGgROJZwBUDsIlkLMAvdN
Teste 613: grVfqHQdzBjT
Teste 614: GzOMicDNnvkTYplJQR
Teste 615: kpHPCRrzZGgWsFJDujdKyiSAaBeEVMfomthncQUxwNYLXOblvIT
Teste 616: FmWPCycXhJRixfMwABTZGsQOreSaojuVtbLqUElYnKkdNID
Teste 617: HAp
Teste 618: UjPbRKpwDrqGoYZdnfWizgmeV
Teste 619: kHPVjsyRUAXOBMSQiwbunFWgCDJ
Teste 620: qsX
Teste 621: eEbUx
Teste 622: TreBhkEIYb
Teste 623: flMEODUkouThaLQRwPJiGeApInKYjBWdxVZqtNFrvcHbsygSmCzX
Teste 624: akntzPEDolyIUVLrYcZqbXpOAFmMgJ
Teste 625: J
Teste 626: pKOMXnqmJehUkGTljftvwFiQCZBAWxbSsVoIaHLuDYgczyRrdP
Teste 627: ATzYkltpCagZLhrIVBwcUENxiDJjmSHesbOdWGPRMqXQfy
Teste 628: wiGJUfWBbquHtIsXadrMgKpmhkyDEznONVQ
Teste 629: rZMauYlVPekLpnCQm
Teste 630: VTngRqcsYHGdN
Teste 631: zRyvEOrfItk
Teste 632: beozRgwclPvSdkKZCfjJaUnYyOGDmVhsWxrTtLi
Teste 633: hVbdPpXcDOtyA
Teste 634: paMfoOiAsLbeBFCWQDIrHYJhEXKqwUlSgxkTuvZt
Teste 635: QxSzyFgaOfPBdsrRmIoAMYVWbcTUCliqKNLpnjGZethJHuEk
Teste 636: oqCfdYZwhRUpXIPBsKa
Teste 637: hwytYSHGXaJgVQcdUzkxMbPrWmKDvCRjln
Teste 638: IAseKOiZW
Teste 639: rmhZOnXGSedagNtLzbvcpwIlqCAPo
Teste 640: BQCjFiWmdYcghVuKRkbeANDGnwL
Teste 641: GlOzcfbFMxstLnDpiQqNoegawCPSvImH
Teste 642: lMhAsLaxzRvTiQGKwgoErYuDkSF
Teste 643: ntqFG
Teste 644: fFGkItvCDBYRAJbQphiKW
Teste 645: Ay
Teste 646: VjYOXxInsuMTHClBtdwSWEKRmegUcvbLohNZFP
Teste 647: j
Teste 648: BDEkLgUVicrvyGCY
Teste 649: CxAvFPqphmYkdBVJMiygQEcL
Teste 650: fFxcnCDdtGXmaBqIogWPAsEplMiUNvkZzeVurbQhYKjO
Teste 651: EqVTksvOweaFAnZcpIJDNliMmgbKUoSWX
Teste 652: RzXIBAoMDZcKmqPprFSlJaWbyikVsghxQnEfjCHedN
Teste 653: kcjIHMObnTymlFDZXNrzJBLSYQvswhedpiPgaVUWK
Teste 654: HRnKiLIqrpJSuQdxzgbcG
Teste 655: RMODBAPXnmpdYKeziZyE
Teste 656: lz
Teste 657: lRBDTj
Teste 658: mJZPa
Teste 659: aFwSGCpnPYlJNyTRLdhkWIbMugZzUAxtQ
Teste 660: THKcyAUdQaZEkWjLFVqlisSDMxpXfGCInB
Teste 661: xGYlhsUcapMLyVzAQbKEiDgWHPNCdwvXTOSeBInqfJoRj
Teste 662: aVgFOeCXiwnMbhyJc
Teste 663: RQokrLKJHniMUhzCGlIcuSDjZYEbwVetsxypX
Teste 664: cfNpnrFZbBdEWXRtaOK
Teste 665: oWYwKmbJtRNlsMXnTUPFrIdhLSiDkcQACqzZB
Teste 666: WpritExbKJlcHfDPmShQanjkqoVOXzAGNvIUTBCRFYeZdMwLsgy
Teste 667: jMCglaTtGRvcnKFWePsXikyhbEfmrASOY
Teste 668: ioutxqls
Teste 669: QfTDqRnetvYabzXgpjEdoukxCJKyiGUVlwFhHmL
Teste 670: EbcXo
Teste 671: pBTCOGcymiJNVuvotZHsDbRYL
Teste 672: CSIdBrWfjUAcwvKQshnpHPitMkTRxluLezNoZJVDgYFymEbXaq
Teste 673: qsHGBobmtjrZOd
Teste 674: ZYBUSxsVdKmRMycjXDopInvtFEJwkrOzhAWCqQTfHuiL
Teste 675: ZXolEjshmIzxHkFWPTtACndbSiuYVfeMDOBw
Teste 676: l
Teste 677: DQHWmvMjOSBTEopsRxtiKngeIfUAZ
Teste 678: RimcBdZjrXoYPJA
Teste 679: bflpPjHoLJYdwOcvF
Teste 680: hXOpteycICNnRzwBofFjVKvUdJqZuPYkGQMiaAlTLSHmrxEbWs
Teste 681: obuJsKwXWRQnGyeNhjZDVTqaBH
Teste 682: MKxzbNpneRtIGTYHFUWoLVlZsgOPrvDEJmBd
Teste 683: ycFCxHAgpNWPBmZikVEvbTLwl
Teste 684: nEXFdTMk
Teste 685: qmrTQphSuY
Teste 686: cfDxoJWPHRGu
Teste 687: Nu
Teste 688: IQqKZEzVPOnFsLbxcCeRMfWXakHiuhUgAm
Teste 689: rLpYzPsvFHwGhofiUctjuWQgATDRKbBmVeCEOlqyxnZIMdJkXSNa
Teste 690: lxpkYSGEuntD
Teste 691: SOHkCNslKZXEpBondeAvhxLJDQGaITqMwt
Teste 692: IeHxnAszjmqaVXwFSGkoKvtyPQZ
Teste 693: rGUtBERunyiWHCXaYoTsAqcwMI
Teste 694: ogzGIMxwqlDpLtUC
Teste 695: yphsjwzKIbDLONi
Teste 696: PFGSb
Teste 697: nvRWecTowaVItHDACkqZPNuQXYKxF
Teste 698: W
Teste 699: HyrRcSmYChbxGKvnjIaqkdMWNVBJ
Teste 700: omknRwQHKatSNTPlqEIpCz
Teste 701: ekQIwsxAtdpTbYFcyWfLnMlzVvGONPJojXSugChBmrqHUDZ
Teste 702: oEezHWfQsurdjpNUZRamqCbIvnxkDB
Teste 703: ioMOvWVbHqGrCAxcUYIBkzLegwtfnDjdQyhZPX
Teste 704: AbZFwGKhPuMNeJjQysiqkCVc
Teste 705: eYgsjIpUHVhkyaDZJNFSKEbzmiCudtoQrqwxvnAGfcTPX
Teste 706: tnPlreFpEgDTxJGywVLIbfaCZRHhSUdmkiWvszqBu
Teste 707: qQwkYTgxauDbNXOfFyZRAGLihc
Teste 708: BDyYAbiCoTetaEZXOsMwNqduWzFjvrSLUmnlgHGKJcVxQ
Teste 709: AMWpQoZGPgVJDBazmItkruSxycFieEdULwsNlfvhjqbYKn
Teste 710: oZYXsmNwazrJ
Teste 711: tmgjBPRZUNczEYJIQiDkuTsqbFfaCMpwOGAoHLKlhWyXxnVdS
Teste 712: KteyqncRrGAIDHaNkxfimTLEwYphvQuFlUV
Teste 713: bjqVORoPzFtBZSgwQWrHxyAmvD
Teste 714: NEzMsQJCXVAeFkHnaTKxwDRoIyUjdphqtvWlZgfbuPGcL
Teste 715: tepDrzk
Teste 716: BuhAtGSCxPferNLJQYnmkcHFjgEpzVZTdiKWlq
Teste 717: jUGQDdLnPlzIyFxvspucfWiXhHwJRqOVbBgokCKEStYTaZeArm
Teste 718: vqbgsQaFSMleREXjkPDwOZJGr
Teste 719: yxObDMPUKSoVETLsGutcreiZQWBnCXpzNHIqdavgAmRl
Teste 720: MEvLVrqCGjXRQWISTzYb
Teste 721: uBhiIM
Teste 722: cWOEoHYNwpgZTqGzfhBsjvimXkC
Teste 723: ySUXEKrsbTxOeuLpAjBnIYgmdwFGqlMfWQ
Teste 724: DBuXpfEkVwPzcdGlZqMyCONxrsRahoAWJQUSK
Teste 725: QzTnFVWcewObHRiBqj
Teste 726: DVthJdnaOMCqvNmFRKGjPiLfWZcwuHklbTQUArp
Teste 727: ltIbXBiHypfoEkZPsYcxFJveguWSwhdKRzNDnVjGULCaOAqMTQrm
Teste 728: fkIYUiZOxPglr
Teste 729: vhWurCSKiPxoeBRQTGgwmMHzUdjysOaDZtVpAfJcbl
Teste 730: MlhLrFowiuQaCGcmWqTXHpvgntKjVezBAyREfZbIUP
Teste 731: ylKZmDIQXSsjTWrUHnVANwz
Teste 732: cETCNO
Teste 733: WHBpAYVxMqOeIQuXRnGjtkFLoTJDldvfbCShP
Teste 734: VhX
Teste 735: sOcGMVHvbSQfzYhdrFWakJCjqouRLUKABTlxXEZmgepiynINtwDP
Teste 736: nFrvMqkjOWztDcXpiHPCUouQdJSVIElZgyeTsKGafxYLBAwNmh
Teste 737: OCYIgKVLPzHJQAUtDfFWwqZhyRpNrBa
Teste 738: dmWyRHQjothEnriOMkINqZLlxSuY
Teste 739: aPKnFespWqoDSXVyAtOfTiUNLB
Teste 740: sBSAOlujIKxVoLNYTMQqXafCtRHFWbUrw
Teste 741: lQeBuWZcSsYmNDCKgJfFbqpdIaOAzUhTGERoL
Teste 742: TprLUHNmDKsXOaMEiWneBhdJwqAQIkf
Teste 743: RSLegaAZWkiqPIzYybxpshoBElOCQTtuGfJXNcnVvdMrFmHw
Teste 744: LlGpTIJdKn
Teste 745: uyHVUDJvntlIgejGOiFMpCNK
Teste 746: dZN
Teste 747: jMaSflP
Teste 748: NbtfsTrPgiMLvDIlWeaJwxEqHGXdCVQYkoyARnjZOuzUFcmhS
Teste 749: uAWtCQwGdfITJKEOSRYBjXpvaozxnVchZMsleUFLkgPrD
Teste 750: ORxQDghTVLksouYBmFIjnSrqMKPNJG
Teste 751: cS
Teste 752: SdKyQZwilGPrcYVI
Teste 753: MeVtbNzFRAlivWfg
Teste 754: HJQfBXUsE
Teste 755: NrxQhUAwDmgasyj
Teste 756: WqxJpVahZdUCbH
Teste 757: sqDvIThVzmXfdeSBxRCcuijMgnLPFk
Teste 758: ujgDsAtSTKmwoVfEHhIkprQdGOUBMWCnLY
Teste 759: vOygrpPwVIqDWRnaeAHUxcJlBLKMEfSbGdTZjuX
Teste 760: eMsnpobtcSIfwNVG
Teste 761: FJVGwRWNeDhrQzfOc
Teste 762: yIRheZzvDudrfxGLVqMUSJjca
Teste 763: nywIGSYkdeCabMFAZogpRELzJ
Teste 764: DLHAaqoeGtsSFzdE
Teste 765: AMshZJxSWEXClYmLGPNvVtRqeDcdwFyBjTubiUHOQknzKfgr
Teste 766: AL
Teste 767: dhvsnDKOiGNRZbrFwAUzSmkyCQBLxgTVpHYaoX
Teste 768: CyIDpBZLUinFcwQabzNVlXofRJvtTYkqgPx
Teste 769: zcVqYgnWxMSDGhiajfRUJTLlPIHCtEyNOmsvXroBuKFwQkAdp
Teste 770: rSthREyqxJZTMfzmdKNpPwLYIFnubkOaWosgBcQUAH
Teste 771: qDnRyCVkwNXoMhWpbsHiEYA
Teste 772: RMzhnkeOSZdIYVKUwujGNvifrEQJlPADcmytsLBxagbCTHW
Teste 773: KTEOlXwysPQqCkhoSFUVfJLGcuHvNBdImzptRrMxAijWZnbaD
Teste 774: CriFuhkJsSvwPlptQaqEjzNVfdWDBmHMKRnXAyoOGZc
Teste 775: iOgMtyLFPJpGRINQCkYeTZdDqlnoHUKmsWxcwX
Teste 776: bUTLkwlAr
Teste 777: sbpjJOkXfxvhGrwqVAdRtySLDaIcouKNHMiZ
Teste 778: dfmlSzBtxjVcZUJEu
Teste 779: zwPWX
Teste 780: eXVvjukGoUTrINFpHwyMix
Teste 781: nrVUXGJkslyRexqiMAChKSQEjLzPZYu
Teste 782: KBuwVdQUsRhNOMGYXoxPFCtmEnvIS
Teste 783: WEzG
Teste 784: zZMhH
Teste 785: ky
Teste 786: cuMPV
Teste 787: vXAcDGTp
Teste 788: qPZedIY
Teste 789: KcdrZzGRyshFpqQEWLVvAXani
Teste 790: Mbah
Teste 791: EqCUWMbBKyXetZQizJAHpwcTSmxaOjYrhdL
Teste 792: FuHDUliMLoYAXwcJrBjkCO
Teste 793: GipecBInFhvYMowPUNLm
Teste 794: uTbEjyitwQhcONGHVUSRkWMBAX
Teste 795: jquMwzsYBIcTfSCEedtxaFkpKNLZXgVnhAoryPGR
Teste 796: vJkIcKytAsPbwVdCTmfF
Teste 797: yqzR
Teste 798: IjUBzYRoruAtZpCGhJMFnwdVESfekbLXsOy
Teste 799: CstYKNOUrxvojfAn
Teste 800: PrfvxgqjZOmHKYMRGSNDiAhBUIpkusoJlXFWQELanzT
Teste 801: qxvhDVRjCkEBZgOPdbzKIywJnrcmWYLosHGTUFtSilQufeMAX
Teste 802: xjscLrCGzpdbFVNwfonDuvKUIBtkmPhYJ
Teste 803: NUotabslihrXdfcWyEnBVMgPQAqYJKLuISm
Teste 804: HOhTD
Teste 805: uNRbhPDanjS
Teste 806: ZQbzFfwcJK
Teste 807: jkYuzcRDQLrfmxhHFlwbPstVAgpeyZJaKGovMTnCXIdUBqS
Teste 808: BFdjQDwaEtseUrb
Teste 809: JjMYAipvXNqUOIVnyeaQSlzfTwGsdcFgBx
Teste 810: MPVDUqpsSKELRrytGhBTAeXvHYnW
Teste 811: mGCYcIWgySlPMjnvuLzJwtKVEdOoaHUbsXNp
Teste 812: BRYluMgXIcCVH
Teste 813: uMyFPGY
Teste 814: sALBSqFGwvkENaCOKVrRJxetMnigZcuWphdoIjUf
Teste 815: RqFnYQjycOPlBNzbHvJSiVGAgMm
Teste 816: lQLRmkjIwhsqpzXB
Teste 817: mOtLiUhjJMswDlcCGubpgoyeKz
Teste 818: ysmodJqWUcfHthDLwPbVzjnrEXBxNiGSQAYKkCZRg
Teste 819: UzghpDCY
Teste 820: AWGJZjNSgsFDTEzamkLlyBdKVRrpUuQfXnOtbvYMqehi
Teste 821: mzHEtvPTupXKlLxnCydboqwJUScjO
Teste 822: IihAmWejXfFvodMZKu
Teste 823: ljRfBCuQhKSZIvbXDptPrOWiNadgsVnHoqcAyMzYGJwke
Teste 824: fvMcjCLsxurmYXVlWgSRPyeHIbOi
Teste 825: pAdxLMgiFCEmslUfwYXaOcZybSKtrPjBVuhHeGoTRzIvJWN
Teste 826: sFZgPjIEbi
Teste 827: pIjAywoTaFzxvViMBWQkeUG
Teste 828: xuSoZdQENPhjOHYvrCKglLskFDtGRMJ
Teste 829: nMkxabmsvtdAKOzYqRPTWXFJwhBufNGleoCySDIijHVLZc
Teste 830: KwCbHDifceVWMYgvjzoElupFmQkPXLtTUOAaBJsxGNRIqdSynrZ
Teste 831: IoGdvXEByQfhbDZTlNxCesUtFi
Teste 832: zTkKqHwgUCWtuNsdMviyaJ
Teste 833: MgbxAcmJWDvRGrjptKNB
Teste 834: TSvNpXPyVJWFOiRwKgjeAYaqo
Teste 835: BAncodbKerspHOLzfwThJgkRPqaxQtvCMmVuFWIEljYDiNGZySX
Teste 836: bijyhYUsxcLdlqOmAEwoJvrIZQXDKHtBSnTFGkMeRzPfNCpuWVga
Teste 837: DpzaPtdBjYQSgNUfMwnruecAITLFCGbyhZlsVKvoXJHE
Teste 838: mLCo
Teste 839: MrjnQcKSkPIgDWhfvuHJTwCqlxLeNmsoEdBZzybtUaRG
Teste 840: piOmLKqlvHYCNIsVBzDMdZAyaGFkTcgSxt
Teste 841: dFMBlLrgvQnXptJqzWbiofjaUYcsxyCGVwPSRAT
Teste 842: hdRyxafmNMYJtXTgsncpeDBbLGjuKlPE
Teste 843: nMbGPAguNVKwIBaolUfscrXSJLxOyizqhYEeWFQvkRD
Teste 844: JAmClPSFuLOgUtBdHbVWGMjvrEaxchwXITnysk
Teste 845: kFOo
Teste 846: dFhbeqaouMwrN
Teste 847: tfmKaZyRHsCUXdrAgphLJTFbevwxoMi
Teste 848: MvaCRmBZcDpiTqbzxPSoswulX
Teste 849: aOCVxoUwuZfyzsPGbJAdgTnDlFMjBhLQE
Teste 850: oYhIxdnFtN
Teste 851: xBtUrviRZqHPETyQhjVAGonfLKzaYcpwebmJlOMXNduSIg
Teste 852: FifuCAUTZnmyLzgvawYVKHMlEJOQcNBSRpIoGs
Teste 853: ysWlrUkqRIQxKTMSYOPpCniaVwZNhAoetXvLdBmuFEfbJGjczHD
Teste 854: WqEUJLoAetTXzhlwKZpfCgkOIjySYHFDBiGvrmduRbQxN
Teste 855: TAzhQr
Teste 856: AGbXPFHaViwfnZOuIdWyBQCTEeNzcmSljYpqxtRUrhJKks
Teste 857: nUuWRMicDlaOkrEgCwfQdxpsXjTVIqBvZGyAbtLN
Teste 858: cLPqidArCf
Teste 859: McQIjmeHJ
Teste 860: XaN
Teste 861: PMimRjcfEavKehBsX
Teste 862: IlFvUNzkQhugY
Teste 863: TylsmBd
Teste 864: A
Teste 865: AluQyrVDBcpdLCioaExfkgJzKPZSYGXjUNtmbqnF
Teste 866: KjNfwrMvoCutbXkxpJZFHBsqlyhgWePaDzUQdTInVLcGA
Teste 867: iCJWVsUIQ
Teste 868: CbG
Teste 869: JgVLovYGjxNPqB
Teste 870: mTYFwHeQbdcAnlyUp
Teste 871: ktPClGxHXEVhwDyRFmObgrMdWncALSIuBqiNeK
Teste 872: CxwOgEdrzhRIQPqkpefJoBLGbVSNvAaWtncZXMHmKUjlDuF
Teste 873: DlstyQMehFGVXmWjqRbUnHBIEPxzkZOAogNfpCvLuriw
Teste 874: LqxypODZUMNtbmfCkAjTu
Teste 875: bpHU
Teste 876: EdIhyjKfnY
Teste 877: dkwbSHUgKzC
Teste 878: DNhK
Teste 879: UTMpLJgXQqoxyEmADYkNtc
Teste 880: DeBduRgQxljJ
Teste 881: OHBaXAUtkhvgGFdYVJny
Teste 882: xAyTeZUvfurtsViDSdEnkQRGazbKBpWgYcJloFIOLwC
Teste 883: DiNEgtCrycKqnUeTbQAkRVZXWGFIdL
Teste 884: qNUEKJWozAB
Teste 885: VSYgqOFfNpelDRZLUnuWzEJXHbMivAjcBKaIytdGwkCxhPomrT
Teste 886: YWULXwqmBxgpcFrEDQsAbHNzajklnouZdVvOyGST
Teste 887: nbpdPMeOqa
Teste 888: TtgofOjrpeylhSNWmMwbQkFaYvczD
Teste 889: LDBGfPiavVpAxdjhMITwnCFbqyWRsmeocgrulZEHUzNtJOS
Teste 890: ejSWHxuaKyoMkdPAFgXnVipLqtbZTvGc
Teste 891: RLPUapSInEJrXhcwsDtTAoOfGvYKNmFQbWCBjMlqHZ
Teste 892: RHpQAsXFrjqTYLZzguKifVNMSdmlUeoxWtJcGPhEBw
Teste 893: ZjAycXUnfdOICFiDVsLeroxbTJkHgMzNvlQKSwP
Teste 894: rYcQnJUjzAKGvpVRIEmBybWsiCuFqtw
Teste 895: YAmqvygUsxJViHcQWl
Teste 896: yzLRefahJTIpnvjstUciCYoQgAHZd
Teste 897: k
Teste 898: AZFcrkyHxwfUgOJhsPRLduENGaivo
Teste 899: GulNyzPXSgcR
Teste 900: GWJmT
Teste 901: IsLeBZhSkAfVGNYvPoWj
Teste 902: CuqtxJSfzogcdnDperKlYVwhvjaWyE
Teste 903: g
Teste 904: eaUZYNcnGECqiRTLJKkDMrFSpsbPty
Teste 905: T
Teste 906: YzWDHRKhkMguqJrevLaBGF
Teste 907: GsieXWbgHpEZcCnmfDwzQvBxhSV
Teste 908: eCRosqXkdJBiLjIQwSFzNmtHDUhfpc
Teste 909: OqvMcnSWGwXxbJEaPeILK
Teste 910: cwuFjiWBKCQGoZMEzxI
Teste 911: LzYMStTkuNEDRPWQcUIhHdZXVqlb
Teste 912: oRguxNlaqsZmnHzLDAthF
Teste 913: ZsjIfJxGqzPQKmlWtaoeNnXMgVEiRyhvUwp
Teste 914: NDUnTkWMXxeyEhPvdwgrmGAtcuoJIYKaqFQ
Teste 915: DvcmQMYpOjgSNJIeoasVElHPwAKkFfRBqU
Teste 916: ldRTGKeEMivnVxJgCLIjarPBDyzcXfHkZt
Teste 917: ZLilTOMBKYEnykacISmvFoDGwrNXezxHf
Teste 918: natrhzxByWAmEpdsPIoTgJlcXHUM
Teste 919: XTGnuReUjfrhHo
Teste 920: LdvPyUsbmCiJwWRlKpQtneaNjkMgoDEFGSTIYqHZ
Teste 921: hZxnRyYlkqJEFoLrfSzcNQ
Teste 922: NqIeOVPJkpDQfhljKAZsTLGtzwbSBaRvYWUmHygrCo
Teste 923: ANCbUVpRSLeXiwnTxaoYrlFqjHEdyWKvtGZmgMIQzuJDcskh
Teste 924: hJmjPIszHkdOUicpnqVBZWAelEKbwyCvgaFroXYMDfGSLQxT
Teste 925: gqQwJVkfYBjXKmdiNhltMZFzDRHTA
Teste 926: UELkGpgwNDmB
Teste 927: OsibowhtAyUHcpVPQRmrJaNnlD
Teste 928: tZP
Teste 929: kPznZrCXFRiauVALGfIcDBqhs
Teste 930: kYEJiGhluwtMnFHQRfOmcWeqAraUKgSNzbpyBxP
Teste 931: nNPbAxcz
Teste 932: ZvSthYydrPlJUOuzwsqoacBpIGVQCERTLMDfWg
Teste 933: RgmZovejcabHPLurByIzVtxhiYqkQdUWpJlCSXfODKnN
Teste 934: hDIuQWXCbmNkt
Teste 935: NlmdMSuoTkQOHYFBxRpgtGfiJXCIwyrvEnLjzWhaAcPsU
Teste 936: BlOZAHCRtbg
Teste 937: MCQIKdihAzyWvFjXNoHaGBU
Teste 938: qENbZmynVhuaKsxLlWpGgDQTtJrfYIUXOHcRiPC
Teste 939: CTXzo
Teste 940: rlSXqdKGoeRT
Teste 941: ozRpThDVjcACWsGLeOyBNXqbPQxlHJiMmU
Teste 942: DrhfMjqVRBcJyYTnKoQsEgNAeupktGaXilPmFCzHZxvOLU
Teste 943: wZncHBSdCLlvQgiFKukYtMapsEeDXJVN
Teste 944: lwrtiYGZBHPKzyfpRDvLdEVFkSqAhsWbeQUMnTgXaIcjCNx
Teste 945: oqQjp
Teste 946: cbXOSGegrEFtIVdjBulUWPqNvfLiAkxnRsJ
Teste 947: gZRzjtfLVrXPAFOBYKxDmqscaIwSvJUWyhl
Teste 948: AHMdoNLTnjK
Teste 949: OsTCxGbhRDSliaqLAHFZpPVgczmWQYkrKojyIwnEtfMB
Teste 950: NKW
Teste 951: bZxXWwiKhJNRdyHQFVuvCoUpgqAMsPa
Teste 952: eFJblCvUQchBPiAWLNOGpYudaMXqSxkfwjRogKzn
Teste 953: jRWIxDOueoVlXyNwtfGiZSKrFYHgQbpLMhPzTksUCEJcq
Teste 954: qPSwNbJDmsERXKhQavFoGIUiHgjrcZtWAnML
Teste 955: kzLPmnWDTxN
Teste 956: LdAFTZWfMosiyHVaUwqBKlYheRIGprCtXSQN
Teste 957: ghjSoEPYmsnTKbiGzfwyaJZLQOAlqWxCXreHUvNRpVMBdIuDFtck
Teste 958: QMYNzEBKaAkpU
Teste 959: stDhUOEXJFaySZkLVWKGwqRYiBTpvogjblIxenfrHNmcP
Teste 960: WXHMYZqcSEodhrlPuxDLVjgAUyNJnzTvp
Teste 961: VNIwLcSJhoFRKrpfxXQmDnPzbMTZeiBkdHqCYOvGuWElajAs
Teste 962: YqNlCFUGayskwOXDfnvj
Teste 963: mZDoeXyUBMAhtlOJYSNvKkW
Teste 964: FpTyZKIWqMvRN
Teste 965: EhkgHdSbeBYZovOWGTxslyQFcIawXAjfpUitqurPC
Teste 966: IxUTcAniZaRmB
