Teste 0: kQatMWJmlYsRIKDwEnjLZF
Teste 1: rgMCeWRlsyOwYuz
Teste 2: qWaBhfxXcUMkmztGN
Teste 3: YbCcfHSjwAtgWGXFaqVdoEKPvirQDeRZU
Teste 4: sqLi
Teste 5: kySeD
Teste 6: OMpSPajxvbfX
Teste 7: mTQJHMFrkcUbNdvLBEgCOziwtajuDYePxqnlhpfKXRGIASVs
Teste 8: ClnaJRuIjshQcOdS
Teste 9: xfpaJDCkILdibvBeKFSyjVcTnGNurEtXAlsYzZwOmWRUPQhHM
Teste 10: fZeEHrDRIYvhQpOJtKzlaMoiG
Teste 11: IausEVFvdOKrAxCoyeTWZhbDzwXmfnpkHgJiPUNStMBRYLQGjqlc
Teste 12: BAbaIRqgdOJE
Teste 13: YukIdhBgmnOzAJwicaUoZNCfFKSsRqEHlbVMDXGPWe
Teste 14: SrLIHVbQjGpBixKCnqJAWogewTDEPUFONtZuX
Teste 15: MbLpughEHTeKFQ
Teste 16: ShcAfBwDnNEHzTvoPrjauXVFKRgpkl
Teste 17: RMBsHgmKFjNAPqYZDnUS
Teste 18: VvPmagfzUkpKGTJOFcEAyhBCZNue
Teste 19: UbMyaGlQeJCkHNuOoLXVhdTftjAFwxDImSEiYqRBznKZgpcPrWsv
Teste 20: CJvTSabYEPXymHLGFleVjhsZtxIruOwBzKUfWDNpQMdqogcA
Teste 21: zLTNXfUhpZtwrEQGJanmRFcMCbHjxD
Teste 22: aejnoBqcTd
Teste 23: tFExTQOZoG
Teste 24: VYtS
Teste 25: uqXBbyaMikJnfNVpOPExW
Teste 26: CFVspzEceZkaquXnTUotGmQAxyrJSPHfjbRO
Teste 27: qHsZJuPBQDNVoaIGjCAltL
Teste 28: IjPTRUlwNWZseSHBdgkJoDXFCiLf
Teste 29: BocHKUkgAPvrjnxCip
Teste 30: gFjdWAvXuGLQHczYnqEtSNJB
Teste 31: BJEohPqyxZcbDXWzGiSeIdURwgHvOCsFY
Teste 32: uJrQbEjpsoKmWkXLenATwgUdRhzqOvZc
Teste 33: lSYCaQnyFdm
Teste 34: XVTEwuQlmnvSsytJbNZPDHcWARxejkYipahKLfIMUzFCr
Teste 35: iuQDRWP
Teste 36: BLjAGXYefZdW
Teste 37: UBZYJoRvyPenVNGAFjlDamOEHh
Teste 38: HxVZYpPRBvGdUaonmJIOySNfMXs
Teste 39: nNCOMlrboSfjQePWBqUXhiGdcJtYwEgHLaKRTxzpF
Teste 40: lVFHAizJNLgGcMdtXs
Teste 41: iUZWygRJexAk
Teste 42: RPyLOHnvslBMAUCXzVadNrqcJeGghQkoFZEIfimwYWt
Teste 43: klKiJjgrWBNPhnXqeOGSFICxzodtabmLVyfu
Teste 44: mQAoRGYHTkOPBKpzcgtCZVLFwrWvqi
Teste 45: yigj
Teste 46: EMuFRe
Teste 47: UGFejNHYmWbPgVBLKztqaJcQEARrvZfIMni
Teste 48: QuFpZjPnrkWhOAJtNLGbcXCqIlaKvT
Teste 49: WpXtHbCMwLYrINaDFOPknxQmdSRUKGEjZzVyuBqslcgvJf
Teste 50: cLNhDUZgjAtnJy
Teste 51: QhZbjXDGBT
Teste 52: ftWRHKIuiFZjGrPvgkcn
Teste 53: jfJTFksZAhwzln
Teste 54: HUtBmsoYhFdMTIRDEaK
Teste 55: DikejbuWMSCKhLZytcIBEqOlHJpAQswoYXFRVPgxrGmNvfT
Teste 56: vzxjyuXCHfGFbtBSEkKAmTRiacNedPrsIMpZLJqoDhYWUgnQO
Teste 57: kgCjSmGKREfsovFiYQJuHWzwXcLbaArVnZtpDdOeqPNUyT
Teste 58: DCFGBnpZMsa
Teste 59: UFhEGMmlIgxckAjspoV
Teste 60: xEGKfhUWpInSJvLoQNMtuTcVXPbszRdrOiHmBeCaFZkyDgwAjq
Teste 61: ZrUTOYeniogcRmvwxNszPKSypdXQFahABlDHMWLtVu
Teste 62: ZakpdcFrgAquPUENyltfYwBISQvnWjbhTCLHXMoJOezRK
Teste 63: xJzwHMiEGDUQVpAvjKstkLmubgnZyeFSCo
Teste 64: VLHmiSzuT
Teste 65: HNQnFJYlPsLdDVqSIMhfivoGO
Teste 66: LmYonOIdaKXiHDWFjpQug
Teste 67: SQKgxUnqNtwdGXODCelZHMTfpPszhcrIvVJbmyEAuoBWFLi
Teste 68: jgskifWLwqTuGPKNHDUpSR
Teste 69: xIQgiWNjbwhrpHmUnGRkcEMduyJqZLToeAFXaPSKsfY
Teste 70: IVbzPOHEyivJuQWNgdpBTkqFaRrGmAKxtLwhofMsXlCDZcnYjU
Teste 71: zdIhmZtrSgAynFuXeWxPfKvUHwkVO
Teste 72: VDHAoCuahLclTOQMqrKNmJeSYvGwktZPsEIbjfnd
Teste 73: hORczYVNkpTXPGCqm
Teste 74: LQfCUGDStzBHhmlqAPncNwWZusFOeTIYx
Teste 75: hAd
Teste 76: YyTElOwfiheusUgBamjxMWzvn
Teste 77: irgSkBpJKhqnAULmRdXwPMcuGaVCsFOlHvEbzjxfyWIoTZQNDt
Teste 78: XAZWexjRtJMozulONmSwk
Teste 79: JPpRockSzEdeFgtXQfjBmnvYIDbhG
Teste 80: eMclkAdNjtamysuZUvbhJqWOiEzITQDKRrLoBSnGYFXwpPgxCHfV
Teste 81: RhTVdeMOCsyir
Teste 82: EmovlGSXJjWFugcTyRtIBsnzhreZAPQdbqOLfpwx
Teste 83: WwrRGUIYMfkcOuvAmshdKylNTJitPEpDgzLXFnHSaCVeoq
Teste 84: FA
Teste 85: b
Teste 86: wciCmKNUjAbzFZfpOIydYWDt
Teste 87: RjogSrFJHsVaZvEByxqGLNXU
Teste 88: HZBqNMflCsXxKphWFgvYdTtSOyGUDzLknAIJwaRum
Teste 89: eDPZjClTmavcGIUbgdHYtQyuoNnwKXxhkrqsFfARV
Teste 90: dkiIKJAtGeZRTjyCxWOnzposFEYBDqbaNXQvV
Teste 91: elMWaAzGFpmcryNhowRqPLKvOJSI
Teste 92: JYUtQHLgXAnzCZBqb
Teste 93: zvRY
Teste 94: IGlBQcpPv
Teste 95: DJhZSMLCoAucnN
Teste 96: huVXqFNJBzkrdWegLMnsvTEcPfxw
Teste 97: DQbBVneCHFmropAdtZufiEgqRNaJUczsPMSTjWLKOxIwvX
Teste 98: XMVjoOpGnaKPblheizrx
Teste 99: RFQvDnTAyBepYfCJzIoHOtELKMGiqbhlsdWcuwPUxjrNSkmV
Teste 100: CoUJMlaRjZEmPxXzbNSkTFyfBWvscrQGKIuDhiYLnOwHqeptVgA
Teste 101: pEBbIWzNkXfvQYnODoFwctsLHxiSJPhq
Teste 102: btiYQdKMkToPvcIaUyDGHurWegqZEhAROVpmXLxNsC
Teste 103: LhWGRfilKSIboFgjTCOVQDdqyzPpxMJXvUENw
Teste 104: CeyXTvPumhZAkERoKOjLlMBsW
Teste 105: ctQqVkKpRdo
Teste 106: SMTLXCZmrvcjFwVIugqybzaRdPpQAkN
Teste 107: beXnUYZjRdmIwKNvOhfJLiFaxPWspctCGrEoVASkzglBTqu
Teste 108: SUgEvhfIMbmPiCBuQserkwNdLYaGVxjzRtpKZ
Teste 109: eBNjdvrGD
Teste 110: cjmTyfOZahtVzYJwuGKCWDEsrUQINRXHBLonkbpxFilPedMv
Teste 111: fdwZTsJgbqrlDxmcaAHvMNzKPQGCpWBUEj
Teste 112: FKugirIY
Teste 113: QmCugI
Teste 114: y
Teste 115: uHRdtDxEbepKBmSwnrPGOlsjIckFTfQY
Teste 116: CjAgJVpfmOGYRxKbrUoyMwNikzBIaDlsqQWvecHntP
Teste 117: BZFWgvRxni
Teste 118: BGRSiuLyaVYqtwprModZ
Teste 119: jldVpoQRJT
Teste 120: HpgvCbLjDylsAJKT
Teste 121: mstOAhGUywbvjgHouLcerJERlMqFxTiDdaNYVXPpZnSKQfI
Teste 122: elaSdViAvHgJtwkmrIhEWRNypn
Teste 123: Z
Teste 124: eLJopaFn
Teste 125: OaEpiybfQtGhY
Teste 126: CViSajeMdJhZITQucznrwPWmkNqGHpABsgvDXxlUOFfbKoYRy
Teste 127: hcpOeZimQYJlRgUvHsyIBtrDL
Teste 128: yspvfCekNFgmVWDLoTqY
Teste 129: uZbcdpsfBJomaKvGhlWAXnYwDkIF
Teste 130: UoyOrXeQpsTubiaxBFSEGjlkLIRczAY
Teste 131: tsvJuVoPBhFXdbKkEHZRLMCOgWAzGiqnIwQYNfyamSDTerU
Teste 132: xhLWqc
Teste 133: DZsBGvrVCpAetykbfYXzQhIqSTdKcUHMwaE
Teste 134: DThAOtEoizRfjPBpvqmIQFLCMXY
Teste 135: qQEMuzxakTperfysJHCnXvPGiURlbYdLFBSIDgVWhcKNjoZ
Teste 136: qZPOIoJMUWVNBhtEwA
Teste 137: OPqvXsxDcMkjFlSApJ
Teste 138: cNjAzkFMgClGuTyPfO
Teste 139: MSFBZErCIvNftWPlXRbHThJeoOyzLqGuQwmsdVApn
Teste 140: VsUvlzJqTYjoBQNIyeMdORkuKDaArtmLFiwEcgHXWbGSnf
Teste 141: sjEHDfomFeaKlOBzQgrbMVSCxcZyXwRJTGhLukWtUdNnPpAqIv
Teste 142: jUrD
Teste 143: bARIsZxTeMoPfnKrGQFdBgHcmJuOqzVtDl
Teste 144: HFDGrlqKfgkY
Teste 145: xnlfdscAqWmXI
Teste 146: qxoUuYTvfyWtCwFMGgzbIdkJpecADlijhaEOKZrNsmRXSVLQnPH
Teste 147: TAYhuiWgpfSsFQ
Teste 148: YFLngDkjCcGINPw
Teste 149: yTOBLCsDqfwAiFNpuvI
Teste 150: dYWeKXEDspMLmG
Teste 151: coPrIvLbAQBfy
Teste 152: uLWBhSNvZKTXDHfzlGnjcJdQsY
Teste 153: AuFZshpEcKrbMiHPQvUTBedCLWylYSOwRfmVaqztGNkJoxXInj
Teste 154: TQMtdX
Teste 155: clfKunZdCmyDUgrBGjVLYbwhEvSxkPqFaQNMIJXtOHzeApRWT
Teste 156: cIjlt
Teste 157: wrXECWbLlsgKaDPFmy
Teste 158: zHjqpFVAWsxtYSQnUlKXbJegkwaMCGTd
Teste 159: xaMyYfTCEARFKVSXtLucbhpiZldGDkHN
Teste 160: EWvoBXKtQViMwPchOmfAUdeFRGYqSnlILDabgyCsjrkJ
Teste 161: UaqLYldvkVzPZBKeASWficXs
Teste 162: wPGKlghumofNBpdSiVOEYzJWRCtDkcvaAxjQysbMTqeUFXnrLIHZ
Teste 163: IxVnTyavJKHwCtNWlZsBOUARXLuMjEiFrSYP
Teste 164: eqCEJwzpjkDUWsYPuvtLNiBAIOxgGcmSaMnfKodXZQlbTVHRy
Teste 165: mKZPWXNyVbHlopLcAzgiuxfdDCatwvEsFhOMeq
Teste 166: JiQcfSFbvjhnTXVZAGwmsIWyLHrpluUYqoPEkaDBetMR
Teste 167: hnCoPkfIRvqEpdDjYZsULGtaNHSArOmMxcwKBiyeXFgJl
Teste 168: EJkMBmqAwgFtvhyVrGeOUuSiIPjKXLTdlYRCQZbHDWNosp
Teste 169: bTVYpBMLoEAkmcXryIDxjiPdsKHJQhWnGUquvaZFSR
Teste 170: ShgxjneqLlswGMRFotQbmaOWvJyVNBkrudcP
Teste 171: ucfdYAbnZGLlPTCNEjtHkmFxpiDXRBOzJwSQWahIVe
Teste 172: gJiVztPKfqATFaIXWyB
Teste 173: x
Teste 174: slGWHNe
Teste 175: KclONkyMAfbmpYZCroDvxXtgnJWRLVjwQeqFIuHhP
Teste 176: znkxEVWIXSQJgjYimAMTCvoRFdLfKytrBalhecsPpHOUu
Teste 177: crATjmdfoMw
Teste 178: ZPf
Teste 179: wBlWVukNrLDmnQqgXbYheoHypZPGi
Teste 180: inztUqFdSZAhkyvHYeJENsPQMI
Teste 181: FluMjervzYRpgscKaCBDLSUxIdWtHmQ
Teste 182: zsaUApyJMtmThOG
Teste 183: EpLicubjhyCflnW
Teste 184: jtSmgGFAwBaifUboVzvxKJTQnYlLHkpRWsXMPNcCZDudIOq
Teste 185: dBxMhTbORkvLHmgoyNqeCVuitZWFlpJzfKEYsQXcanUGAwPrIjS
Teste 186: KCHt
Teste 187: RqncWdtfLJSkGXNEreOyaZTuh
Teste 188: WKySPocrwGkThdVQXuIpMm
Teste 189: HLYf
Teste 190: LcIsJvmQaYWKOdpCZHxojqEFVDBSbnNyhXTtugkAMRlUwezG
Teste 191: OTcNiFtvMzHUgZPCWLlGQaSpJuBehwEAofbyX
Teste 192: HxGWCLqnzRQBTrgcVFjlXPJEMdbhmNokIUSKsav
Teste 193: ERiOFpzbYclChQfaArwj
Teste 194: ZJaPbHzgfRNDSFB
Teste 195: VWMUDldoNanhugvp
Teste 196: TJfXxhlubYo
Teste 197: puLfnZAyPsowBFiqHhjExTUVdJOXeCKaDNzvlWkIMrcgRSQtYmb
Teste 198: WphqtPszUikFlYmGHrjBSZfLvReDCNowuIOcXbdTAxM
Teste 199: vIGJHLiozObFegqKkVrDMxQTNSCnhtUR
Teste 200: p
Teste 201: LDSAnNuKmXhMQGBHroRiaVljkyps
Teste 202: OaVLTYpqxGXeQZPJIjoBSwFMtNEmugfWnzdlDish
Teste 203: oDLUiSGIPCuFZmvqYlnksxWJjbgXdEywhTeMOBp
Teste 204: ecNIkGd
Teste 205: wvyKmOYFEoCUzVlHifsTMuR
Teste 206: AQZYgEuPsityxeqMOSdbzJThcBoFXWRknD
Teste 207: dnClhYqGcAXKEFmyW
Teste 208: ahTki
Teste 209: xRgn
Teste 210: cRiIqzPjXhrgyEuFbneOYpGBDUvxdmMNKZVlQsAaWSTCkHtfwJL
Teste 211: pZrAwCyLbqRiJDaOYHcmeXfhkvNjnzFEUx
Teste 212: xUEvnbetXYzOZIcmPiyThRJNpMgawfCsujlLHoWkKB
Teste 213: ovszKXr
Teste 214: GMvHdbcmqEsYOuN
Teste 215: IgXdnZQkUcREGKMfCjmxbsaDilzNSoytuOqLPAHJY
Teste 216: dfswGVjiWzJhKo
Teste 217: TRiJyEXCbGsgMqztQeBIFHDAZVxPwLWYpNKUOumdfSnka
Teste 218: S
Teste 219: aeCXcWrBFVDpRjAbJGxLKhlgf
Teste 220: vQsRGjiVCENxBgMenwycIhUPtfmkDlzYaAqWTKpodu
Teste 221: RoWUyOknCvXBEJszetiA
Teste 222: dNkEDouOqWZMjaBfmASJnVXlpLvwRCy
Teste 223: lVBjLOwxDeWHY
Teste 224: CxBivEZY
Teste 225: HmOtxkZIrMzbgoyElfvhFJueSWXCsBjTai
Teste 226: KdbPocZjktDswxFSnauCTfBLQzJMHO
Teste 227: ePDVSgsFJHRBlohaUiEYQK
Teste 228: ptzLdSDUCusmjWlNbkhFKon
Teste 229: fVCZrGYQTktbRJWLwAmBcpzXOnEjFegUsdquMaHDNlSyiohvPK
Teste 230: HvbSlnqQykUFJOtuXesjZfRzChrAiw
Teste 231: gUiLeRyuTXOrhIoKZjDWqGBPwnVHsflJacbz
Teste 232: GymSUpdEgclWqofvtZ
Teste 233: eOXNtvuUdZprISKPGjJEyYgDABax
Teste 234: edxLqPkJHmhEWybwVpGSjUcOCRuA
Teste 235: b
Teste 236: xrRIwzekdJqoE
Teste 237: RhUrLOFxaeuKEwAklIHjnVbvStyDZgBdzYJsqoQN
Teste 238: vforTyOsacALKz
Teste 239: JCmNKt
Teste 240: iRSumlPUvsQcHFXNMzkpDrqCyEagbLn
Teste 241: m
Teste 242: tvbomTnMPKEYGAO
Teste 243: EnQdsPHzMiDCpbl
Teste 244: mlEDCbcjhJXQTHPpaNguKvOMFGiqrsYAnfdLItZkoUSewyBWxz
Teste 245: wEurbIPZWFMqxHUnT
Teste 246: KJrgtqLusBpcIwlaDePAZznfbQGWNxyYVUHXRFO
Teste 247: PvIWJCroayBfLdzOcbUgKHtEQqlDksGNpRSmnFuZeTVjhAXMxiY
Teste 248: lAPrnXQZwRgiOLDCFzsjmhbBxKNcpIY
Teste 249: GqLHpjiygJdsQbrvnFNkuTOoZmaUXxKIlPtYEcRfh
Teste 250: bKJRiyumXkoA
Teste 251: xJRibZDFnSYXkjsLAovfOIaPHUugzcNGqVKyThCplewMd
Teste 252: quhSQjCIrzgJwklHamdUyNYiLZoRtnABPKVxMsGDfevXcFWTbEOp
Teste 253: ZGiLqxArmwfXhCTBVDtgHuWPJNMISpnYacdkvOR
Teste 254: PmGozfNakEYiOsVLjZHltwIQvU
Teste 255: CDOlcwYgszmxTqdtSkboXnZpuWrGyhJfiKeIN
Teste 256: CPjwyMpaxQLlHWFiZhU
Teste 257: gTXPcmJ
Teste 258: QfXcOPLNTvVwdnpyaIFGg
Teste 259: gpf
Teste 260: THmcEhPvnVgwpxYdIokZOeRqyKDBX
Teste 261: gMvmGBhOIrZzecysLCfPAoYRUJEiNVKwFQqbWdHulxXaDtjkT
Teste 262: jfNhzgcCERMLxTrlXdIAoOWwSbknqyKtsiPJeaUVmQvFGuYp
Teste 263: xgelTCzSKLUGFymtuqvbMwAVQcBrPohiNJRYpIjdnEXZD
Teste 264: vmhPNbKGgIjzEwMYUXo
Teste 265: FvCzAclKXoGsDR
Teste 266: IZgFXmVAbP
Teste 267: NeET
Teste 268: YIFyAdTLkSqzXe
Teste 269: BrNFjepOMaxfdgyLEVIHYTDS
Teste 270: RngYvdEbhOFXeUjkiQJVPABlTKpaxHuLDcmwMozqSINysrCtWfZG
Teste 271: fatzPDVrgqTJBSmjkuEYOKRZpCnwA
Teste 272: FSEbHzCeswygvunjAtIDUcJZdpRfhKWGTXNrBqi
Teste 273: GlrdbTkaANtxDcgqQSuJViyRwZKMCnLEFp
Teste 274: zXMEsCST
Teste 275: JrFImwzTHcYRC
Teste 276: JPtcLvUVbZMgsfQjl
Teste 277: pdzeLbmsGwDoATSqVEtXJiyIUlhOPgaMCRHj
Teste 278: FLAGHpxZ
Teste 279: SbrHftJiLqnhWymMOFa
Teste 280: MjIRcPampYrCS
Teste 281: uIHMasURNYDeibvBjqdrgzkL
Teste 282: xHdolEM
Teste 283: UOjvnfStFIiuGLwcohxbsdYkVqAKzJ
Teste 284: gyoJAsdNzHfnmPWuaIQZvlLYUhMeb
Teste 285: YPmJkaishuCoZQUNvXypRwWnlxVfbOt
Teste 286: NdzLPVtrHMJixpEsW
Teste 287: fNWoIupMcmTwCghePSQKViGYXbRUtZsO
Teste 288: BMTtUVAIRXdYefHyZDmCgvGFSEjQwscLlrohzn
Teste 289: EpYWakTAqusdPnUhgxSbvFoHMeRlIjzJCXy
Teste 290: irFCdzgoGNlnPJeybDWRaqH
Teste 291: lrWqUdOsZfGSinokvAtc
Teste 292: sGEXOYQanMwqDoIpSRdLrFKZNzHbgPxkefyJTvVWiBtAljC
Teste 293: lYXdsZQHghDFevMazWTtf
Teste 294: sJActvNWeUx
Teste 295: kMdXOtcagqGEhsTUHLPZwonxiAezJpSIWvYVbjFuND
Teste 296: QmVRFDvSCBfiJ
Teste 297: pvxWbSJZoeuAEzUyQOwXHLTiVFgDN
Teste 298: XoWhGjcUpbAfgsidHJEzevBRFrkQMqVytLTIxKZSlwYDCauOnN
Teste 299: egRXZxoMFnbWthlfOdvSBkAYEUiJpyQ
Teste 300: ghGLiCcnXZfSTkWKMYdxJVBzvbNslFDmupIHErQoawqUy
Teste 301: rnNpZuoPmWbE
Teste 302: mXYqwUnlj
Teste 303: wuycKPjsabvLU
Teste 304: QPblKthxwfiqsSRcFzIWnDeyNYECGOjpBAmHuoJU
Teste 305: AuTZEGCchH
Teste 306: TIF
Teste 307: TnZDcEGbgWkrMBzheqIiVKjUQCvulRmSJtsN
Teste 308: dtHQzObNnIcYeCFRWZjKVyaLufikUmAE
Teste 309: opwKqOCWcMNnblUESVHzBAZdxY
Teste 310: nqIQtckJdYEVDTfbFhgrKCNvxLwZ
Teste 311: qtQuJYHwjWDpeFUKATlvxERZVhbimy
Teste 312: fAzoayWRYHhkNjmOetxlZSMuC
Teste 313: iFHlSMYyTNBRgXdbAVuLZIevQmcraOCkjJPxhztnEq
Teste 314: fIkPmKdzvUBhutqOA
Teste 315: yYdBzrlNLEiWwgGHaVocUpeTSJqFCQtjvbPRxXmDIfAuO
Teste 316: LVgHwZtPlyckBJxIRufhGWa
Teste 317: JwyPGCYkvTDoAzpRMLhIFNfVSZHdmOlQtx
Teste 318: tqDKkUlPg
Teste 319: rAM
Teste 320: raEwPyqnJVgYxHKkzNmvhXpZcLbeRFItAusUj
Teste 321: EMvqFmuTRxyrHgZzILJVtleibAcjkBpwGfDKahSnQdOWoYNUCPs
Teste 322: i
Teste 323: jvBmDJLZzIHtATdgnkxpuPaWecFQyVNrO
Teste 324: VRYKmniAdLUwoHZGXkSOQFMrbhjqfEcaypl
Teste 325: cbDTGCdXVHzgvqeBnSZYiyLM
Teste 326: pAEtFqi
Teste 327: uHAMkiLIDycobqTwjEQZONs
Teste 328: clwLgITAQFkMzyPurEYeKbtSVWdCmHx
Teste 329: s
Teste 330: rBRXqWMkFjOhzmPKigQaUxyfvIwluZnCDstd
Teste 331: SoNkLjvprHTznZQfuUbtxOVgIiWswMqGCcdAXh
Teste 332: PlHpYWqQGUThobzMrAICiLnkJxRBmdXcOut
Teste 333: tSmzYeDI
Teste 334: oRdBKpabfPuwyAqUhTVXljSY
Teste 335: MupyRnItPDdkegFTKzWZvmlYwVLJxQoGAOXhrbH
Teste 336: iOocFzIYZpAPJUyCxdqRKnXvfbDBg
Teste 337: KmyGdvDTaSuAzHcrIgqnWRJX
Teste 338: LGQAlRNkKcIeJqXnDwCpMUYsE
Teste 339: RCaGOXmeWsoYDdUL
Teste 340: bhLZGa
Teste 341: NMaKXdcFLvjEDsGuJPZoBUtpexWASQHqgwVOCIzk
Teste 342: zWZOUVumlcvRiGXwhsrTLBkjJPDFQIMygYoKqESdpH
Teste 343: ENWBwrquyfPz
Teste 344: fQWwRGqxrPOuzZIblJjHpyodkNvXmYsDiLFBVTShaAEUK
Teste 345: JBsbEpVerRtWKUyhgwLzONADqCHklafxiSjcmodnMvuYQZ
Teste 346: rueZOCGSswlPXibHIcVJgYhDytQMjW
Teste 347: jIRnlosUwmzSuHKcreJAtfWOBQgZMXdaLYiVbqkEGChTy
Teste 348: LsxGVNbTQfRmWljZDMeakcphPFYOndCqwtyrBXizSEIoKgUvuJA
Teste 349: IkUZOuAiTVjbrsLcRozHFtxlfyNGaQJdSEmKvpDBgnMXYCqPWhew
Teste 350: LKcedAkxWusCBS
Teste 351: UTgbcsxPOWjpoauRrzKinJLFtVdmGQvleIYDkCEfXwBNyMqZ
Teste 352: ZgMPmCv
Teste 353: F
Teste 354: gtDeVbMRcKuQSX
Teste 355: EblWitjvURsNyTnuFxQzkGMLwIVHOS
Teste 356: NOHfEnThuvscKFQlDSbLVmYMRirAoUWwkpjqXgteyGdx
Teste 357: lzkADRCngGHTqwWNKyBPjcsJa
Teste 358: stQxADRXimVqZaFlrHL
Teste 359: OHgsAyZqhBJI
Teste 360: jhvkucgVAGZbKp
Teste 361: baATKEiLlYOmXtJNnsIqDeVPFScMZywjQuxoHrpvG
Teste 362: RJCywTFcoKshIMzDqNnQVUBvYALxjStmHkGbEdiaerflOZXup
Teste 363: KGMWUolVqLcEpZBXndgOkHbvRtwaDPexmiyrTNhAujYSfFCIJ
Teste 364: TtkfJeWZrVDbpXoxgMUncA
Teste 365: MSfIDtKpvaZunOCQyBbcqVALYTsgJXkRFhzUoliHExWmN
Teste 366: gdwmFn
Teste 367: qDzIfsjEBrechlASaRtCPgbxkiGJnLTOFKXmYoVQwUZdWpNvu
Teste 368: v
Teste 369: NhlYQBwfSVacGgAxOsMpyFzZiotELKqWTvnCuIjrXJde
Teste 370: iyxZsvWPQGjYqIToVfKmrlMnJEuDCgAeaS
Teste 371: oNqOExtbhgTPmDMwyRYczisjfrLA
Teste 372: sHqUBYNXSpOo
Teste 373: DrQIVGeYUCEuRxcbdimoqHhSaPwBvLFtOMK
Teste 374: ArYaTltv
Teste 375: uiNhYncdUVSBbvxtkoJ
Teste 376: pmLesaAqHYgRvbzPjoDNlGJdIXcfUkFuQOWhVryExt
Teste 377: LXGKrishyxmAkepaY
Teste 378: mObIPqtrJWZQjulVxXyfovLChGYBUTRszHcEnAKdgaSeMwDk
Teste 379: jytYBzNcufxbFHGLOhwsiDVvCePZpnmEJXlSoU
Teste 380: eqhmiJSabnRDjfxWpuXdyCQGr
Teste 381: fblWqcyePECSIAXYsOnirkQghGFLMVBxmaoZuD
Teste 382: oyTc
Teste 383: OKVhivHkwbNZcMYEXdmtpfRDFSzgxULoBsrjnGCTyaWeQIPul
Teste 384: yvSQGMslRcCwdgBFEnp
Teste 385: MULdvVtjcSQTobafqXRygwhBAiNPKWHskGIrexuDJpOY
Teste 386: ZlqJrpwc
Teste 387: MqHUOxulZpmEcrPnLGodfbgzakie
Teste 388: W
Teste 389: MjTtvsSlqokarJGpNhUQzFdKegEZxOYPRDnVCciBIwuyWfmbX
Teste 390: SYCLqVwkmJNKHopPjQWxlsfncXFG
Teste 391: eJ
Teste 392: IHkeEsNCVdjhrTRuwmXQaUvpxqDftFPgyoLOWbG
Teste 393: JUVCchmPzXtGnTepMHqFdZiIlLQSbrsNwKO
Teste 394: hqbvCzJtZDNPfkOVTMKmgQUupGB
Teste 395: PVQpbwXgaNUATGlSFjKJYdMqOhmucREtxvoC
Teste 396: DTUuHaGVIoYRbEpNwvjxzeQcnrBkmFlgCOZidfJWqhLysM
Teste 397: gsCdSUfrNbEVHywDLuXziGvMZPlKJcQYWhBea
Teste 398: UCIokTAMyPzHtFZugewdVahBfsmvijYNxKJLp
Teste 399: cYEF
Teste 400: JcTpjxSyzrLZFVk
Teste 401: jwvcbxSgzoUaKeMW
Teste 402: gyTWoscCfYwSiqaUKFVJkepHbXIAZNQMnzEBhdGrDvO
Teste 403: oxwleVnmYFcNuUz
Teste 404: RbpusjTDvFGBQfzcVldOYhywUHtmCXeWP
Teste 405: zECYqNyGpfwnbidBastMWOgDePVUHXoFkmrvIlQZKjLRuScJA
Teste 406: vBPetrGUkW
Teste 407: ijRekKMuoYXAGxvNasISVyUrJCFd
Teste 408: QIMrLVFqfwjzvHEsANoXDKBGtlbUpgydSckCixPeaYZu
Teste 409: pKrWZcPJNdXDlLFBqHiA
Teste 410: sKUXlipqdcNvMwSnxLoybRTPCmtYDeAfGZQHBkaugWhjFOrJz
Teste 411: jkuWmfEezxnFSAvTsoZOMCdXYHwQIVbcaBiNLhgJlRqPtpyr
Teste 412: UYDeiHPMuQKFld
Teste 413: TYtqrLV
Teste 414: ksJiETxBoMWPqLtDKaHYFevNQGOngzdAwXpcrjlhbmUuf
Teste 415: PXFBcICJb
Teste 416: cTmnLgurApVM
Teste 417: SI
Teste 418: pnYqNluwWtFmTcozUS
Teste 419: CgsLbOnWliKRBT
Teste 420: UHFosaQSKXBqpgxEtknvJdYyu
Teste 421: xlHrLfwD
Teste 422: XsijBSkdVUNQhrwPyovCEDFTOxtYbcmupnl
Teste 423: JNsO
Teste 424: KuLCacsUNjwSPAfEIkyVFmqvQMRJGodObrHiZWTDXpBezhxgYntl
Teste 425: KCyukHjaqBvspRcxOPetzSiAYonXFDLwl
Teste 426: RTwfIbymjaoGqUJv
Teste 427: ZTnIecBAYgHfaoNwtEpMFdyCxkizD
Teste 428: GSeIOaNZHYFVtyAdCzwluKXJDQMronfWghT
Teste 429: MXVRBFhLeKAGItdHnqvgSmxaUPCODsYT
Teste 430: eRNZQcrmdoLsYtPMwXxhjHbIkBOCalvqpfFgiKVTUyJzAWn
Teste 431: PNILbARFETeimlfyWqxjCKzMGVuZHSk
Teste 432: BtJrmjQvUoAeMciRWlNSCqLVIg
Teste 433: MuV
Teste 434: RUanoAEKXWekPiH
Teste 435: dHXuoTqKbJZfWDkOxngGijRQcPVUS
Teste 436: funjLsD
Teste 437: mWQeYviuyZOoMzRsgjJSwXTPAHaxhCBkrVFEInKtbDp
Teste 438: NbDrBctQnfqTYGOPdgUFoWSHJhLIXaVzujmiCEwsAlZRk
Teste 439: dihZfLgzAFXCTVBuJjEQyOvla
Teste 440: wRzgHVxXtSYbJNuaGeITcjrUWiE
Teste 441: jmTEPHJhCdugfzQcDKZrWMynqIpeksSivtLlYxUXRNO
Teste 442: wJmjVcxkvIHLhAyYMaTfQPNuFndsqebSEKpoRXlZrg
Teste 443: CKsXnczBabNSjTuhkDFpqJr
Teste 444: dEuMDqAVXprWTCvsLKxhtcQGk
Teste 445: mQGdgHrRatnMWsCxjlNokheYbSPKIXEAJfwciFTvLpyUDzV
Teste 446: tcvwbYVLyKnuaXsUzpiMeEhRrBWFdmokSlqCANDxQIJZOHTG
Teste 447: diymatsnCQNOYShvRrxg
Teste 448: AIDWqjMtHoXvflRPT
Teste 449: PIrKOYDGoqfCgdeaXtpvSmAwNJzVFWMujUc
Teste 450: jgiGcLDyalPtvEhNkwQeBzqCfrKRVYS
Teste 451: CIsORtS
Teste 452: MthqyimopXrzJVvCSnlxBcePTIdwZNOHAGFLYf
Teste 453: BtUGibgTQMhEPvywVIKRczejLkqaF
Teste 454: XtJIA
Teste 455: Ct
Teste 456: SRZzuElOmpeDqTGIXoMYtLhBH
Teste 457: FGmRdMoTeqAWcOSsuiwapUPjBLl
Teste 458: QGAETqLrnftvVWKMwFNayciXhYlOgHbxjedzSRsJUCmp
Teste 459: wqmkoHWtcFeLfXhRsdGbygxBvpETUzYuinQKMPOJjDVaNlZA
Teste 460: qoKMACdkNhBsWDlELFSGtbiT
Teste 461: HQNTYEj
Teste 462: OYMbElT
Teste 463: lmiNXMFtbzucAhwSEsGPR
Teste 464: rtPfYaQZHvLpwljJWABRqMEmhuciIeboOXNyTgkDn
Teste 465: ykJUTuMKL
Teste 466: wjMLWUkRSvDeaTPiVlAKctzZHsBXhJYIbNuofCdQE
Teste 467: uEZAPcgdKfhiRQDJvqrnmBtMaeTsNpLFzHkCWbGS
Teste 468: zgIsZB
Teste 469: mySCRcvbqXlVgkTiuxEjZp
Teste 470: QowcZCqRJTA
Teste 471: cywtTmp
Teste 472: bnsyXCeGgMfrhYKNkOSpJdH
Teste 473: snXvwMCtguEcxSOqLYrzDpdQVyjNIaZoBlWmUkbiTAfRK
Teste 474: ft
Teste 475: bIRUyYxfJjoZ
Teste 476: rNSezaYFvwXfqBPdVmDjOUEGuAgniMxZHL
Teste 477: rjKkJp
Teste 478: TCIUcBjykzNVeQfJotMFGhHil
Teste 479: vHOy
Teste 480: lGPQDKIyoqfpsixFHkuvrt
Teste 481: MzgZswqouYBrXdnpeCQbLaEjJGHyfKDRvPIST
Teste 482: zGsawuANOIPDtTMpFQBmhLRXecJlkCgUqbxodWyZrVK
Teste 483: tcAplamMKJzCWnVyeZqGPTwdbgNvHroFSYDiOkfRXBUjL
Teste 484: uzINjimJdyAHeaBhqDnGMlVQofvTEtbPOUpxKXrgFRZwCLSYc
Teste 485: aGqpKyAmLMzbdIfxUNWBVTJunwksciDrSljgYRvEoCe
Teste 486: FEQMunHSixCboLzmYcABRqvh
Teste 487: tjixYqsrHOFRumWhKzLykI
Teste 488: KrhclfUb
Teste 489: FdaGsXrelDWNOCwkVvAnKBzpUhHo
Teste 490: BmodIYxJtilvKkVTrwQcZnWOhzgSsuaqPjEbFeXUfMDCyRAGNHp
Teste 491: mahPEULljrqCQGKVYfIyuBvzgMwNZRSWJAtiXToxcpnsekOHbD
Teste 492: zcQeqYZjtXdiHSvAGJLRCInP
Teste 493: RMAfmFWYxgDlbVjvSdXsGZekKThEqNOtazrwHiuIUJBPocL
Teste 494: zOfgyTeCsa
Teste 495: TfWoDFuPrSatb
Teste 496: TSJfqhxNBrCAbuVoaLkyZgMwUdYjezcFKlnHsDXQvGWE
Teste 497: yClWxThLfcn
Teste 498: pOMQkwdIGJnLrhvjifoZqNEVuKcS
Teste 499: ETBCbhQXgxUmeNudOPtVSDKvjiInFRAqyorkJsWpMaL
Teste 500: ShPCB
Teste 501: ykZNPcQKTJtwCfqeYbISHaxRdDVWFlgzsLuOnoEmrvMAXihU
Teste 502: AQsj
Teste 503: E
Teste 504: kAjgfTamECOWYPydZUqGBpwlL
Teste 505: crmyOTDPQMSIUigzA
Teste 506: ariTLPunhzSmjXsBJQcZYtbNo
Teste 507: SzguXICRHNZwqDPlixOMLhbKUoaEVpQvBfWmYerdtTnyJsjFkGA
Teste 508: ZMOemfpGVKoCqbcdiXFvRrwsTHS
Teste 509: qxKBPXhpzCJfkygIomdSOeQiVTEGnFj
Teste 510: BCUMkXWVruvGKStasbAypTYfczPmeglIFdQOiNxEHh
Teste 511: ELdaHYqksXcNbouBCtTmZS
Teste 512: rJnZkEQpFmaxjfoMDCVXBdYWhOtslTGwyNHP
Teste 513: GHCuMfbUZsJycRtmAqxvrVgXnPIDhWpYdiSKLjkzeFlTwEBOQ
Teste 514: LPZnHNUJYeWVa
Teste 515: AvNFcwOhtlPyMQerbWVKjam
Teste 516: vhDViQqYZEadONUjgFLGrecBSubCtfnRswxplPkyWmoHJKTzIMAX
Teste 517: plJLyXwzYDinTPofSembgjBMukIHUsxqZKAarCQGEFOdVWNhv
Teste 518: bGPQFmMKWoEwrtzicLZCXdAfIsSUD
Teste 519: bCoiwAUjOeWtaRYJ
Teste 520: BanpRQHbENJTAWYuXGjxvfLcresDzwodkiZVIlPUqOmFhKtC
Teste 521: AVNoQrJCGnUpLyiROzHsKlSevctdBuMghFwfPaEqDbXYxkIZm
Teste 522: SMGjDikovtH
Teste 523: mRHyJzqiXfKNjxorhVvTlDacMtZCpnAbu
Teste 524: HEDaJtzyxcgIewGOXWdVojsSUYbQZBTAfPknFCuqrvlmiRKNLhp
Teste 525: hIYRJixDpU
Teste 526: X
Teste 527: UOyVhjq
Teste 528: ZUonjIEMJyvlNXeszphFitkSwHKWDABRqVTmfL
Teste 529: xadbYyKzHjXDkoZpBWJPCV
Teste 530: KiutoUHvqTmjdMhrwRaJBsDYQCnFWOezfGkPLVpAx
Teste 531: FzdbqTELVhutpRymNkIiUGlDYPv
Teste 532: fkCLizVtoBSwhxTUbGdRXrqIayOgcPpKNZlFHjJsDvAQ
Teste 533: uFfyrTEcUbktKqi
Teste 534: PmeFrcWkdzvXwGCYH
Teste 535: CQdXONtIUzjrhp
Teste 536: IbXkHSvgBqWZKcjFDUmzEoTAQswinlNhPrp
Teste 537: pFMrXvdLfReGjzaUQbsZYEPlwAkctOuh
Teste 538: caqgnSOtPmRwGBjisMEfDTUzCIdeALvk
Teste 539: BjSFChybwdxapJnqlGYiAQtovMVOR
Teste 540: jTuGqo
Teste 541: YUFJlo
Teste 542: sOoBAFcxyTImRKLlHhNXr
Teste 543: Kr
Teste 544: wBSmIvjeiPdRrWCGcEQyDAsnHLVbkMg
Teste 545: aEkUixtdFJuSQMTpwlrfhO
Teste 546: t
Teste 547: afrAibC
Teste 548: GVWUpMHsCyhvtEi
Teste 549: VOpsouDFkmEqldPyrABxRQTJivhwWKM
Teste 550: kMqXJTQAYPzBGWsbUHyaNgDu
Teste 551: IEuoOvnsCRBTzrdxKNSlhZMDjygFWimAQHJePbGkwa
Teste 552: gaSWLEDpCZJvriKVIUyFoRcxnjQh
Teste 553: lTIcHSBzWarYGt
Teste 554: jtNVd
Teste 555: rtDhLnEwXxvKA
Teste 556: lsmhQBTuFYLN
Teste 557: clfLJpRGzVyvqoHrYMdAeObgTsWawPFZQUjxBSiIXKuDNCt
Teste 558: zOyaNsjTUqwigeEomSFMQADxvIBdlVYhfbkcG
Teste 559: RQAfWVXPmjugKBIYUFEZLiw
Teste 560: FjIirVDUkqpBgdSTMfuXYtmxaORCWvJwcZHsAhPze
Teste 561: wTlQPuJGpDmRabEfKtehxIBsjqogZyAFr
Teste 562: kwLCYFMSPlzGeBbvVa
Teste 563: eJyPRCZLag
Teste 564: RnOuejBtxkwJYiblApUDoNHgQrfscSmaXFMKLzTdWV
Teste 565: UMoZKHweFuNdpPETfraiGymQDJjkLcXBbAhRWxtgCvzYnsqVlOI
Teste 566: ezNkVcXMPKajDEOhUIdysnFqSGmYpoWbtlCZART
Teste 567: TwfyLjhtNzqPcbrvKWYVxdEpiJueOsmGlIBkgAXoaMURQHDCnZ
Teste 568: iWryuRZowSFdbJQUmCPGDsHztMeaBvLTAnlcXNEfxkqpg
Teste 569: djopDWQOchmiHJzLUuV
Teste 570: IHkXiAzQmsDlFMUCSgeBxwoZraPVYfyKNnJjvbTtpOL
Teste 571: XmFhtbVERnwplJs
Teste 572: HbqGzleRV
Teste 573: RoxqVDnbjlNXapCeuBidKgHrJmGhcFfEsQMOZUASyP
Teste 574: IPtXhUsOLruGaNDMQxYzbTmjpBnFqHdo
Teste 575: ZqKFbocGNBQwkThDeygAUXWECRxOdjaLvVJunrfHpYisPlt
Teste 576: ITmUVdLaMZPGAFyngkzhepvDSjHtYiKlbQoCBwWJx
Teste 577: WkUzCfOocLplZwnQGHAhFJBgSTaNivrbuqeMEYsxX
Teste 578: tmDQPdaexGqbYnyZzvpLf
Teste 579: UJCRbaEliskKDoMFBLrcYeXHNpTPZwjqnAWQymfxhgvSIOdtGV
Teste 580: fctZjJnHXBIukCVLdxbpTFYAs
Teste 581: ahfBrewkCgpJbMGvPyNuRLTHFsYDnSVAtdcOmQKXxU
Teste 582: ac
Teste 583: Ou
Teste 584: ZRjBMkdwyDmSVlIhLQFNgt
Teste 585: HGevVRwInAcQDuxrEoMBmbLCZpFKljtNYzWXi
Teste 586: ctMbnk
Teste 587: lhXJFVvrkcEbutgCydGQSMT
Teste 588: vNmPl
Teste 589: drjhEMHYXeWZvLGqSnRJolPVkKAwguztpNm
Teste 590: jRZrLx
Teste 591: dZHsgaVKIFekiCBfDr
Teste 592: lHwYVgG
Teste 593: aDOxopeAtIZgSvFXuEfLUWMmPGKyBicVRwbrTHqznCkYdQN
Teste 594: olvSrfXHuhmRZVGBQTpeELYsJqAFtiwMUcgj
Teste 595: LEwbazjluSnyXoMrImGYCdUgNfv
Teste 596: NzBFRwtOWcVrvJesQXMCjZagLdhPxqEmnkDpKlbT
Teste 597: PGfcWtVUSzqsnoNehlupvJOIgTmCXrkHxy
Teste 598: zegMFWZTcjLINqOYhAwUiaEGkCfxRysdvnVH
Teste 599: uFitJKVEcWdRnfBZAvkMbzYrHwmCOXspLoaNj
Teste 600: GsyzwIeZkfYbLgqiXP
Teste 601: JzrsBVNIPXFvpEwZyqj
Teste 602: PDwOtugNpIWoxXHdZyficGjaSkrsTQYKqRvLBM
Teste 603: vWMAZohzgcSdewitTrQKBmbVIpXJUqPuCkRaY
Teste 604: iLMBJqVmYkScKrpHhufRXsQUOzxajnwyItZlP
Teste 605: bcImRWlPEhfwSsArjLiznvFTqyutDOpJgHoYGZ
Teste 606: ilRaQqXtUKHvmbgLf
Teste 607: JXaidYpBoHK
Teste 608: hzOZXFJrlCHQTEvqawUcLijBg
Teste 609: LvAtVsTcEYuHWiIfnQGBmZzlDqwPrKayXNRxkjO
Teste 610: SKgj
Teste 611: uiExYgzbn
Teste 612: ERLMxQOBrWnKXHb
Teste 613: pWBIHnKdaJokZNY
Teste 614: kpOHVxYBJyXjNF
Teste 615: EotXMcipnUWa
Teste 616: KmFkVsAbMpXWYeBhoifRdwJLCraPu
Teste 617: gNBSHj
Teste 618: SDWBzjVtsdaXfIeOcgHZmiJl
Teste 619: dmHrEiPwDTxqUoWAuhQsOYj
Teste 620: rWzvqcFSHedygK
Teste 621: oueQHYNAMqJmVGUfrhLnOlPpzysKvjDactwIbBSCiWRxTFX
Teste 622: HRiBGMzotLmajePnwxTFkpKIyAClsSrEQWdXfZYVvgDhO
Teste 623: WFdOsHmxDMCErPGuyYwIiNcjgtZBeTpXnLvUJfVboRShzAqK
Teste 624: WgRfTQmtpOiBorNZJASDcdEIzXeahFs
Teste 625: tQMzUuJVfkZOhqYAIDanHgLPGisbTlFxXSvWjrNyKEcoCRBpde
Teste 626: zOtDSsYBMLRFhGmlK
Teste 627: oaZyeOdhiGTQEsUXAKwJNIlrgnHxmMDPvVztquBR
Teste 628: dS
Teste 629: FEhegxCtAJKGaP
Teste 630: YlqZbNdpvzcEWjHgnfUiAmLkwKDFPrRoxSG
Teste 631: SzfdZQPkUjnWYGIBNLhMOsoRwVD
Teste 632: xlM
Teste 633: EaVQzugcfXPDYTUWSyJpnqFKoHNwZslBdmIGjMxeiRCktbvLhA
Teste 634: gyI
Teste 635: pGSiFhWRBMLlDNaVKsz
Teste 636: TbGjVYFvHECyRMeIxkUhcOdSrtwDZAs
Teste 637: eyObowDL
Teste 638: FoWDAhtyHYBrzZmVJGnUiQsvTxkIeOSRqwdCafEMXuKlcjLp
Teste 639: waLkYZucz
Teste 640: cGFEbngmCpVT
Teste 641: yYKRjoWSCQZluexnTDmOpdrIBvaPLVbwsMcANzEXgf
Teste 642: PJzNLiOZXRvmwGSDoqIjKp
Teste 643: Rm
Teste 644: ijWVrER
Teste 645: pqXaEeNISLAnbfRMHxYlhBGtroikP
Teste 646: xmXCjpzeTWBSnYcPaOiVtuJoFkwUGlyqNMA
Teste 647: yipuOYeHoGlQVPdDaBRwEscnqIFLgKmtkWjzbhCJXNrx
Teste 648: wjUKgHZNEls
Teste 649: TvBRjnymOawYNE
Teste 650: goyHrBxZCqXPRVdOjiepatYnfNKD
Teste 651: kRgeCEXtANqFTvxncWBLZsf
Teste 652: excXIazRjTnOVNL
Teste 653: kj
Teste 654: AcldhXR
Teste 655: WczXiZgJfhMrLokxtuTKNDFaEGQ
Teste 656: ZomIdJqpygFnkPizbVEMDuWLhrASaw
Teste 657: VECOjmKYpJkeQywznTWbMZPlsF
Teste 658: UuQhoTjvzESwiJbHGFLKOIxaAsCDgkmPVdfrZWlcRqNMYX
Teste 659: QvxdWwqcTlSNDzYthgMF
Teste 660: vKZTuAYgESdhqmGtfeijxLJpPHlbkcOWIoyFMCaVBzRDQUrXsnwN
Teste 661: UFXlGzbJqiMycSmkNLdatBhroCxsVPwfWuZAIQvejnT
Teste 662: SwohDQFNpZieHksqTjrVxJnWvIEuLlCdBtzPfcAXKMbOayU
Teste 663: xCFNOiWwGLIVPbZyUpTHldvq
Teste 664: CXmswRMWpFtBLgaUHnjfVcEkJqbKuDelTyozYhrdvxSGNA
Teste 665: hoIZjezrpJWSxYkbCLEqfXsOKnDuiUByv
Teste 666: DZzdiXfExTwIqvGWclL
Teste 667: thzaLCsedHcDYxXPGJvRoQNKVZ
Teste 668: MxTGLwQpezjHPCUEDkWOJlVyF
Teste 669: OAqKHWDIEsUdrzvobkSFMgGfRVuTY
Teste 670: MQfLFIGsilkaKEbxTAhZqnRmrXPyCBWDwYNuJHjzvSeVUdg
Teste 671: LsIVcAMDEiXxghnCBfbzytuveSZmOTopWdKQNJHGlwYaUkjPRqFr
Teste 672: N
Teste 673: gLplWEAcDfovkJCNRjzrIMuTBZtmdeOwKHnPUaiXFVxYhQsGybS
Teste 674: rupWnHvRfBdyZhSNOimXgl
Teste 675: Vch
Teste 676: lWXZFApyqdUHYVgoMnjONsKCeDfhkcQTmu
Teste 677: GlZFQhEo
Teste 678: HwWmBRZnXoFGt
Teste 679: oymRq
Teste 680: kOpAbloURZzQWJmFgritwLXHcDuSKnEqYaINy
Teste 681: FPoZrbgGfKhHtmvwsOELDUJAuCXVpWIxRkeqylzNQYaTncSjB
Teste 682: NwLJfDrWdTCAQFIzjUhg
Teste 683: uJETlnGRshtIFBHkPUKfCeZjmDWpxXgwSLocObVzqi
Teste 684: slEQUiZj
Teste 685: AlGvFdoVnqzXkfTageZyBQrWiCwMURbLhEHuO
Teste 686: JNCRXI
Teste 687: fQjFpHbZqSNscgYmdzTnOWhwX
Teste 688: oKryupfLOHYWwMA
Teste 689: nAogJfWVishGXtKqFpzajZQdrMwymHNuRBPcYDUTLCEbOvx
Teste 690: SXDUMHTPqsdhzbuYoFwfBjQeKiAxJEmOGgkVnrZlptvN
Teste 691: QxrBzMiLHjRCgF
Teste 692: WBHyJTlYRAtash
Teste 693: fFtKHhrXmpeJOoyuPZQkVClWENnjwMIxzGLiaURBbvcYgTsSDdA
Teste 694: cruJ
Teste 695: hDjMXIlBdqpmSPcENQHwgsyeibOfKYvVJxrLou
Teste 696: RNjaYhtEZWOcomSqwzMIKgBVifUlAXdpbrJFQTuGCsyPHvkeLnD
Teste 697: GhUlyvdgHJxXqwpcNMrzPkAjnfQIeOWRiaSmVLuoYBCTF
Teste 698: nwKYzjBqWsEgDpkTNJULtMRcrfoduaFb
Teste 699: iCYLfekAFERnOTuhDJMPBUgrpHocvmaGsSZyQ
Teste 700: YuBszNLTQiCflmjWgUERZvVJAwDhXOyrIMtabcGPpdqSFexKnko
Teste 701: IgUkZDRrfpCtm
Teste 702: czmEkugGr
Teste 703: AOgvWItbSesmpMNhUXakVnYydDFzZiufHCojRcqlExBT
Teste 704: FdbEmDgYLkSRwTAsiHyaXnzpBxcouQ
Teste 705: nChWzMwclmdvfLIopTgjSrqVxiDAOkZaEbBNuYUFGJReQtyHPsK
Teste 706: sZmNxuP
Teste 707: KGkNDeToBMsxgAXiRpFatYEHSIrhLPUcwJqvOjbdfVm
Teste 708: wQlhZbSrmTEzPnptfaRVjODNux
Teste 709: BTbtWikdshGOXgSpcM
Teste 710: W
Teste 711: HrxqmDRelcgGoKXEFLBSTUhpvAbQtaVInWykfwPZzMCsd
Teste 712: NLBsGbHRPzTnkdhwOuQCEYfvjlKocDIMVFqyxpWetrZaAUi
Teste 713: Smoy
Teste 714: n
Teste 715: XU
Teste 716: aVbDMlFHoLyKnIZrBGTSpOqmUvYWfxNtidQXkeRCwjE
Teste 717: leJwIChufivBLnMYR
Teste 718: orSTBuMdvqy
Teste 719: nCsyBSomTbaJRLEuGOdzQFwkNfqAPUjVtlcMYvxZIW
Teste 720: FhfYMDNBTUlsXPadgOKeWknRCpovSLwjzQH
Teste 721: NzZwnoHQyRPsCKaDVpGchlAuOBfIgxvtiFeLSWUYTEbr
Teste 722: SBegprOUvQ
Teste 723: jrDfOEVGWgcPTaJRdNmuwsKHBCMYUyn
Teste 724: AacVvRqnEbDwuoCNJYlhUfTkQOStBsyigWrjxLZFIHKPmzXGe
Teste 725: rdQCUpTqKIxSfWVvzmHngYDRstZLhXbPGweEuJAMiyjNo
Teste 726: HvDp
Teste 727: jJvUQgWANonzseDhaHXfYmVZMlKu
Teste 728: AukeDGxsmUFTEVYrLtHpoRajXSNvhwZcgJOMIybfzQiP
Teste 729: CHVde
Teste 730: XEoxvmpPUGeQBICrzdDRcZVlhFifMkWqtYHSswbKJyTgnL
Teste 731: LNxbkrSdAHtqFjlfJhMwGmuTEKVWnzcXyCeP
Teste 732: pMWVZGcIsChKRgOAiLkuNyjwFvUdzPSlD
Teste 733: cgonbJCUVmLqyYKNlFvWxAkOsdaRSPIrXGQeDZMTuHfp
Teste 734: yLWiEVwqOB
Teste 735: cUJYOfgVSZwQavydkopTGRtnieNxjEqLBXmPhrKlz
Teste 736: IKzkhwEDfbXrxBZUJvmeHtAnjlV
Teste 737: nADkfPpsbRBTHESGhyZ
Teste 738: V
Teste 739: WerlPCoUIJVcyHkNtLTzEBAQ
Teste 740: YOtzyIfEQDxoHABMN
Teste 741: a
Teste 742: lDzjHawNfbLpGrWyXhIoVSPqYCsE
Teste 743: YZXRFwTsaxIdbnVWqm
Teste 744: bdjxzNXYpLIH
Teste 745: bvEXIZPoyfFALtOVHBhgpMnmScKRYlCuDdk
Teste 746: OxMYAzRIFlECcrf
Teste 747: XNoPTVLnRZuysbHKfWicDhQEIrJGjApOzmgaCxvtUdBqSeFw
Teste 748: WOudymY
Teste 749: qXaRDxfBHepZYhdVsbFGJnoiuCvtlw
Teste 750: sMlImGONdznquRDgeokvBatcSAKwhyriVCH
Teste 751: qNsLRlwhTYaJIjceEMrQXCDgAHmUOPodbfvVFtBknyKGSpuix
Teste 752: gzJaOedYXwViFkf
Teste 753: EUDQHXLwOkgMsJKRNT
Teste 754: OLj
Teste 755: szCSUiNwXcOaLfmjMZvkelYDRABQEnrdTxKJpHqhyVG
Teste 756: iYzh
Teste 757: eNTuqmLMKPtpcVZoEDvXSwClyJAFizxUjfkrQ
Teste 758: FfhAVsqyJWKCatlGDLZQpHTvmkErbnwgYPXIoSjBiRxUMOcuezN
Teste 759: KJwozD
Teste 760: pXmBPY
Teste 761: dbHfzngpXKMDTtaSJiVojCr
Teste 762: NpOekKWIifRZoyMSFjrDqChlvgTLHnsbxGtVYwPzdAaEXcum
Teste 763: nwHyoYROlESQrp
Teste 764: GLMeERhZNkPmWvDn
Teste 765: Yz
Teste 766: PSUwIdCKXuiLFbmRWAxTVaecljGqDnk
Teste 767: FvRbYnqJcMAwWiEymjBUVfsHkzIlXateGPrZughxoSLdDNpOT
Teste 768: xHABNVqRQngMLibydpKelh
Teste 769: aWehgxksVRdADHCZXUNjnOtI
Teste 770: CvWEZHpKQBTFXLuzUqAJSNbtOycsfgxGwVrmed
Teste 771: MTpGRaqUvysDZiuPBlhWIVQjdtOKfxkwXgHbLeCcrYANom
Teste 772: WQVIOkBNwGRXexvqATb
Teste 773: HqjWNGdzmplDQoXhTuntKEfxLiSsMPOkJCgaAcUZyeIFrVb
Teste 774: jbNkoMrPuwhRFYiKytpmW
Teste 775: QfSWFqcZnpHrgwUAasCTleObYmKIvDR
Teste 776: NrgnZXPydtELVozYWkHCple
Teste 777: VwPecuspTASxLtGnKzrEgJZvRfjUaOIyFkYMBoChNmldHX
Teste 778: foDgKtuPQTGWpxrjwzZUVIvcRSk
Teste 779: molSWteGfJ
Teste 780: n
Teste 781: Bvdct
Teste 782: RdliyZtNCrmEYDgBvPzekOhaXGsqJKHuxQWTfjo
Teste 783: inPjzZDMWNwyvJSUcLFTVdYBpAhagrQCqlmGKxEoufebRI
Teste 784: qev
Teste 785: rZnlkBjGXzudVpiNcosQDULfyMvm
Teste 786: udQVlbk
Teste 787: huNxbYTvIpledRMcnOKWajVAtHSLJsXEmQorgiDUZCkFB
Teste 788: ViDvqBEtsjn
Teste 789: cgfDuiCrBVtlYzKLxPqkEamRXNJoFhZMdbTnUOGQHIeApSws
Teste 790: WLVZyTfFUMxYAvRtmcqigdwSeJ
Teste 791: sbe
Teste 792: WdprDRiZOoxvMFBHJT
Teste 793: gpeOCwjKDWvyHRATUZXGxQmEnYLzaliqVMufPosINrtkb
Teste 794: RcGUAugmiXVjHrOJIEahlFPdo
Teste 795: KJocmGNwDzACeXRFlvOinUuqEdr
Teste 796: wnxMhBLmGyQogIbHYKvceTjSz
Teste 797: gUvbVAOMLyTjdaqtzxHBJ
Teste 798: hoZywMukNmlAixEYPD
Teste 799: YJInvwHmuCQRBSDsGVgrbkMdZczTiULPaoWEhlKFAf
Teste 800: cqVfQAWiELTdvSKjFJtoxHmpORbYzgPwInrkuGaeyZBCM
Teste 801: TbuDYadZpHnqXKgWVAheUotyLsErvGxlNMPOCIzmJwQicFjSkRBf
Teste 802: cQbntCIuHEXFokRjS
Teste 803: RVkuijoNxmGHOryYAFIWTlcBSvLPednqfJtZUXs
Teste 804: xRiWHybIEpNMa
Teste 805: hwCNvADGbButQMKifVyzYkmUxnsaRT
Teste 806: bzdkCYPMgyliwnjaumGHJseZfKXoUNrWqvxLDpIcOE
Teste 807: lVsrJwUixmanfEeqBXhTRyPgvcpDWHMLzONCudQjYKItobZ
Teste 808: egQqoJDFaUsVHZRuvjkcbGmWPYXtndMBSyTNOrxiwhALf
Teste 809: vOegyNpZcwsFtrlajkMDBHbQiIfxLmKVudGWPAJTqYnX
Teste 810: VOjWyCQZAlNPKxvqarzokeFtJImETupUnsfcBHSRgGLbwdXDYMi
Teste 811: CFWYMzxNQOHErnATGqfSoBVbi
Teste 812: xKMgHwzUAtlGYRByCSXEfFrTncQJmiLejOkpIahNZsuvV
Teste 813: OqzZXyBRCKaHbQscSkitgGrDhLWvNeTwAdFlonYmuEfJUPpI
Teste 814: jaxEbdHXiuwnSCZfD
Teste 815: lMVF
Teste 816: YKpfXLqzvcZUaFIJQmN
Teste 817: VtMjphFGycATLIDWoHdC
Teste 818: nEPFRBhsvrJwNSjpiMTGXkYycmlbHzDVfaKeCoQq
Teste 819: VkF
Teste 820: js
Teste 821: JhSef
Teste 822: pYPeUTuycdqwtsmXNhCQRvlkEgFIriLSBDZfWMHxOjVGAn
Teste 823: uDTscRyaCqEoPzGxfQMYNXtlJvdHZSUFnLgjwpkrWmOAheb
Teste 824: abIHefizsGxTZQMqpPkgUVAtlvSdBmc
Teste 825: eSxibNCrKHsBatIcAyPfXdjomGMv
Teste 826: buxjdlVhAFUeWJpCNPvtn
Teste 827: VwunboReZAXvgtGlpCMLEfiaIrOkhKBUFJHqPTW
Teste 828: XcvJPVDAShgIWmuxoGjaFBb
Teste 829: SZifyRAklEaBqDInNmPLWdYXHgrvGCojxwOMzKQT
Teste 830: jquDiSdawvHOUlrFXNhgYReWoLPcTAMQIEnmyCxsJfpKGVtkb
Teste 831: EFpkisXUcndjfahzLBrbtvRPMZCxHSNqwYTloWDmAyK
Teste 832: HKxrXpMGOusDcRwjPJSVYWgfIUteqNbTivmynaFCdABk
Teste 833: nOIZRCFrkzEM
Teste 834: tDXdpoNHjBJisKRPTquMlezLFQyfmnWSCZacbhUxOgkIvYrVwEA
Teste 835: jLghpwnMbkZeqBWdxNDmFcGaEPzVKSUHItXTAuvfoJlyrsO
Teste 836: TuOrIzknQpqV
Teste 837: JfBYloHVRKEcjgnXIUSsxrb
Teste 838: jMiGXPWgwQVRoKbUetkYzfZxFaBhpqOmIEcnHSdsvTDAu
Teste 839: pEiyjRreAOTBYScQZb
Teste 840: XNCbPFlfmGiqwnjsyRoTdASgZxHrQMzKUpBIJV
Teste 841: TrfpxvdUDNFcCgbMHkyGQZeBKYuPwVtAlosS
Teste 842: lAqIfgJrRDzotKCUTbyVNwueOHxEZsFkQiMcvhBnjaSGLPXdmW
Teste 843: ySUhMoOXCrKQdfYspBn
Teste 844: zbQXhNWRxdA
Teste 845: K
Teste 846: QYSFdnIiWxfuvHkKGNoURzVBagLObwZjhMpCrtJsPcEq
Teste 847: fmHblnFGPiEJQWAZwygkdYohCpuqxzMtcKOSITXLRsDv
Teste 848: NdAskRxZKBeDcEYngzw
Teste 849: fYLsNryTKMnO
Teste 850: usoBJtQhpF
Teste 851: EPpoqCrJYG
Teste 852: xwstLnMqcBJNKyQmHdUGevihWFZTACgEOfzDPkSuoI
Teste 853: VPuxIhySqwfbWdjoOJQiTkvGZHzUMXFKtlsBRanArYcDCLg
Teste 854: BQDU
Teste 855: nwfZiHguONJUWSCRqPtLxTEYypdABmFGQs
Teste 856: CzAGmYTqsBLQ
Teste 857: rWwsXzmkHUpMPDARYlOIcNEygLi
Teste 858: PZgivOGMICKTpzhXUytBrfLb
Teste 859: yxZakMDNz
Teste 860: VOUBKvwZRrNIeXAtfaq
Teste 861: LwjSxqWihkOgPenGBfHNZoyVXmAUvFaKI
Teste 862: wMsduKXHIyrAknYWUBDlovieTJmLRqFGVOECQgNtZfxabcph
Teste 863: NvZnWqKVAyRgOLJbslxEjUCdIHotuGXchBQfwkiFMYmp
Teste 864: TpxZmbwuQSqrUfORsDF
Teste 865: LwlyFrAVNZmcxQatnGshfTPe
Teste 866: bQrXYFenNlRdgGivLMjwt
Teste 867: ivALyuPHFEZ
Teste 868: hgvaZiClXRKskfYeOodETILHDyMwnrS
Teste 869: NtRB
Teste 870: tHjmeMuncGpAD
Teste 871: CaFBGkryoPxXl
Teste 872: uLBilAghZMDjVqRYJWwPsEGdCkNnIoHcxFamyTKQvrUe
Teste 873: cKrFokCTSvHwhjgbRZIeysLDqpAfMVnJtXmWOEQlGxuYzUia
Teste 874: To
Teste 875: BR
Teste 876: HVc
Teste 877: HaYMZiExBVuGodFjRwyJ
Teste 878: vKYkRwDIfjnmrSZyAdJCQauVsiTLWzNgPtx
Teste 879: iROeSYgtIsQNuGpLUxw
Teste 880: WbfzgwxcQpiNLYRFuhqsltAeCSJHZrBkDPToUdXGmjnMy
Teste 881: JDptBsIPwauhmoURvLGOybANjKYkxMgErSdTzVleWcfiCH
Teste 882: QMJTqcOtrEjuoSxAlIzLgHKfBGYRdnwhZmVDXFye
Teste 883: qhIfbZcwzmHFEtMVUrCGosSNPeOAKipJDdaQvYWgBT
Teste 884: eybJBwsakELPCWKlrHNhXfRVQgYuqAtviSmjZxUdIDnpOMc
Teste 885: bKY
Teste 886: DQBZEhtbujdPWe
Teste 887: PSYKiCBrR
Teste 888: frFwElLNhp
Teste 889: EvahwKRcAsfMpykIrSqoGzNYlVWDduOePXxiCTBFjU
Teste 890: YVKjclaMuSgrFZqziXoGBOnfWwxPpyDLhktIJNAETbCs
Teste 891: S
Teste 892: fabnNCStFPzU
Teste 893: rxEQvwOXNnA
Teste 894: lxftFewciADaPmSEy
Teste 895: bVMLPuYIjEknhxwAWoQgztacTJmBKeRDGCpXliNvrdHqOZFsS
Teste 896: vbECcnQPOYDoqsLWNiyugKZGrfmjSlFXApHBzR
Teste 897: UqLgkwKWsbJfeyBjhRcOvEXlAdFMioGaQZmzCuDSINrVxY
Teste 898: cDxmtaEGWTPiXfZdseMQgLSFrywpbzouvnqjRONUB
Teste 899: RdZvn
Teste 900: nvtVjUNsZAzGcWSQCYXTauByOfJIdrgHDRhpiEmxkwPFMqLel
Teste 901: xWcgfDHdvFmTtAZsliMQBRjNVKUzLSkqouYOhy
Teste 902: ndaIhqEvcDCMTKluGFgQPkBSzRHjYXJWrmebtp
Teste 903: njUDhusctfyGVJ
Teste 904: bP
Teste 905: zoWdwBaOCJhqZfLSKilAbUtkTEjY
Teste 906: LoUcRknEAtyWPubrhOBKglGdVmYJSzQqfpDHivsaxFZNCIweMTj
Teste 907: vPWGZwRHyVxpSJFMOLoEajgqYkUnhIAmdiClfctKNbu
Teste 908: QGsCfxyZEDcaWi
Teste 909: QKmqZkOSYTGLlWwBegcyjFJiroVxvuaAsInzHDECfM
Teste 910: kfXpDCSsNjTumPvcwGIyUzqHJdhbLYaVRMgrEneKioBtxO
Teste 911: dQyg
Teste 912: mwhsW
Teste 913: tzPFNLDUGmAx
Teste 914: lvBXsrRnKfSIAWzctuEUgOiVHJ
Teste 915: zrlEQaHGFvmbtxgUehpSwIRWACOiksdYnfjDuqZTPMyJX
Teste 916: tOniuBwKLzjSsHVMJoFXZNfgrbTDWGIeaUPkcApYvmqC
Teste 917: DFTP
Teste 918: HJnflspobMCLyuIDhWOvcEdiUwZBVKrgqFmYtaTGzxkRSAjeXQP
Teste 919: MbWROKetnPwUorZIVuXHzJlGhCyAp
Teste 920: aWCPxtmkZFLRSjMsleoAyvqwUJBYiQIpfdNhcKuEXVgDOTb
Teste 921: lBCpXfURcmEkVxuYqbTPjOoLtZ
Teste 922: QioPfsUFYCzT
Teste 923: pSAiGfdjwUTbVBKDqIkYrWFEzJROCgNaLPmXHltheMcZsyQ
Teste 924: LlIdHZxXqoysOTpGftnJCvFjeERBg
Teste 925: gzHpboDNMcy
Teste 926: dVrSDYGHnsvcBLTXwKfepqg
Teste 927: ichDIbLvjfKSlpHzokdytENVOqMTBwQGeg
Teste 928: iLCPJFHEfeKcYNBRlqAtsZnmXgOaSwIhDzvQrxUyTkpWVMujdboG
Teste 929: QipGloAZMyFvcgfXqmBUaCWN
Teste 930: YEGwTPRJvoHQVOcaIgUiD
Teste 931: QKptrXdeDVAoGcuyaLBTjfmRMFCYzZs
Teste 932: jcneNwqZlMRAmVKfLzhSoiTtvCEXuOJFkbUHysYdgxQpra
Teste 933: APcUjXotTWrinIkHgDlELCaupsY
Teste 934: EULl
Teste 935: TbXgaPsJSqDWfGxBjCnwKEOeoQprRLlZuUNkIAyMmhV
Teste 936: whkR
Teste 937: qoScVzBrOKdGfXwCYIlEHkuAJZpsyN
Teste 938: MgxQmKFjD
Teste 939: WGODXLTtBgC
Teste 940: aZnNUAdXjkDqROytEJsFIVbpueorlH
Teste 941: IVZWeuiLcRGl
Teste 942: cFpEmPXhrRzkolYndaUuOLIxMJ
Teste 943: lwEQGNyLpubvPDXTMJYhiAq
Teste 944: XLuyRHKOwVzvpEbBqerANMDhxfStIkGYTFc
Teste 945: BebXGoNLyxwfFmgjzDIhkatARrpsiYKclQHPEdqUTWv
Teste 946: xblwfzIrSpthQW
Teste 947: SYzkmgJZGXNoAwrIefhVcvisudFxpbnLHWtKR
Teste 948: MiEjBsKuNCFTVqDPdfYeGJnrkbWplwcZLzIRmoXaAvUgxt
Teste 949: FhHNyc
Teste 950: VLaCFbPuTn
Teste 951: mCGXeMdTIQZPEcubjWOlNqtYrxgVUvfR
Teste 952: bRgWxfhTGAyveE
Teste 953: VegRJUEKDwuCahFXqTtSnBdpZvbsQIYWyilHzjO
Teste 954: ljgXGWRipteQfor
Teste 955: CiaKDSsghWxHyrJMfVbOXod
Teste 956: rKnXSqmedz
Teste 957: vqsVjAJpZaoEmUrHXYfQieFLMRIlBtyDNK
Teste 958: ukBPxpgYGhWEyJmsUaeNtRzZSQqDij
Teste 959: OCtXDAHuNKeRkfFpdLnZG
Teste 960: lHgN
Teste 961: irjTOIWHdpnXe
Teste 962: BRENzOMFPtWTrsIAljUoHS
Teste 963: bqOXpveLIsQxuYH
Teste 964: xOEuNityWVBZJwhUXGjYApCDKMdmSsLvTflaIezPQHFrRngqc
Teste 965: YtEmCITGxNOJlikorHSfXWUBRMspPdAFLbagnqVzyKec
Teste 966: D
Teste 967: G
Teste 968: NhHDElMjqSVyAtFCWXY
Teste 969: cazhxuFXi
Teste 970: NafckSMjyGnVuWiYbrlIgHeQpsETZRvwCFBmK
Teste 971: nkQbRWjBaxZzyUOoNigqMFKlDGsvEwCmu
Teste 972: HcKoevtzGBFx
Teste 973: tnQGLINTxDcyZsJumkSqdVAhEMapv
Teste 974: JDdLGYVCHQERnrTzvcpAZNfwSmIuB
Teste 975: jaKZBMpkTxsVoYWPGugvtOwCIEmD
Teste 976: yWhogjMvkVQnXSOZdKaNmFculpsq
Teste 977: JUGgxwPuSfHLepWFVNZROBzQbMdAYijsEoXyKlmICavtk
Teste 978: qrkNjE
Teste 979: deCSZAJbuqrTfxp
Teste 980: GZKVcYEUjrwvlA
Teste 981: EFtZWu
Teste 982: uwhMcRlpWtECDjSQYsHeLqbngBzaiUGTxVO
Teste 983: yRVCIKuHNaQkPAeEJdoGvhLpzfMlDOsjxrBtZYXqmbTwSWUcFgn
Teste 984: qftzVYvURjb
Teste 985: mQeiFkvJMWZ
Teste 986: OXTucBlRoZnGeLUjhSgxrfYyMDsEbVkCaWizqQtpHPI
Teste 987: nyPIdlArmKRYtJqguCofzjkXVDswaScOWGTbEFvNhQM
Teste 988: wmqKUCbzepgJNEvTPnIBksaMRorDWhV
Teste 989: WlLkI
Teste 990: fwBbdPRQCiolxIMhZs
Teste 991: rDisIadgGkxTb
Teste 992: fVHeRKLDNsFozxyB
Teste 993: CnYsqDlkpZNeMUAmKtfEHaySJiOB
Teste 994: lXxMOVCisjecwGnAopzmSUyPkKdbrIaWFZLHNRQgJDEYqufthB
Teste 995: uEeACyqhTwOzcigIGDbXnQJvlR
Teste 996: wzgbshLvdFmGNpTWIaAJrXSlHD
Teste 997: kGZqgVjMJPeUphiEzNlKdmcABuCTFvYaLRs
Teste 998: nVYUtAwFTbhKXqDPsOHyjNIGJaeWuQmgixpfzvBMCESLckRdrZ
Teste 999: qAUNYgL
Teste 1000: DKEqukWxBUGzLfiVJycaCXvFmNA
Teste 1001: GTpKhMoBwkWsnJOLNaxfvjICuHecmAZPSqtEDbl
Teste 1002: AJqWUCzHXMscrpjF
Teste 1003: MStfjorbpgmVcszaOTZPAyYvdLIGNBukwqWXnQxREDUlFKehiCJ
Teste 1004: RQYbiulvEMInUgCfTNoPVOJKhqDdSXcw
Teste 1005: zZXxwW
Teste 1006: GHvKOUTnlbEmQWeSY
Teste 1007: EfuDcoSZhj
Teste 1008: lLtZXFpGwRNraTieJCsOuVBkQEHMdqUfAgmhKzobYWS
Teste 1009: SvAdKc
Teste 1010: AytRgzhfTsHGbDSEpolWBmuKZYrLVUwMJcXaQi
Teste 1011: MBZUeClFctsgXJIQwyVGPmWkYToDKrSbuRjiaqLONpHAfdnv
Teste 1012: GUzNsCWoEZVBHXdkaKfwmygPInjveRLFbOQDYThpJxStuqM
Teste 1013: KchRApqZvoDgrPVElQkmCMajI
Teste 1014: uBplMmia
Teste 1015: PKTiIEwlZkhgJOfCMDQq
Teste 1016: qSjpmPGKXJLtcVFBfUHMrQTZNwiWkvCaYszhEnoedRObIuy
Teste 1017: iCyUaQgHztdOjqnYPVmuKsMlRBZDrTvwfGWhN
Teste 1018: QRCyopPHVYLrcgaxjEkMBKWeq
Teste 1019: iEIYorWHlFuQAgvbhnjkPTGyZcmNfXVqtOapwBzdDC
Teste 1020: RuzsvdeXagONBJCKIntqxLoMTGfHViyQDYkWUAwZrPcjF
Teste 1021: uYINjmHaCKShWBGRJLlQoUqPOiDkpybXEFtwcgZAvzxfd
Teste 1022: SKAJpkafETOgrvLVyiUMZ
Teste 1023: cxsvhfMGROzplZeAyoKCmkTjEiqwQnrIUJWLdNYBuDHVgtSb
Teste 1024: CXUFtvOrHkxDnVLNJGEAfyIuezYmPMRQlihTKbZwqodsBSpWj
Teste 1025: qyAYtVpRWSMdXrg
Teste 1026: XDWMEQvyYLPnhToeNcORSGbgaUpuqfswBVtriIC
Teste 1027: zhlyIdWkEFtJOijSLuTDRXCaGQNUmKYZbqw
Teste 1028: RpxBsiVSIZaUXPfyCmGEJrjeWTHhdQqAuwNkcntbvlYOoL
Teste 1029: c
Teste 1030: OjcxfIgEsudQmKqUGJaYHlLWBo
Teste 1031: qVeZfkXgbySmphCzPOUvLEMuQTRtYdaKNiJHIljrwWcnFAs
Teste 1032: dYzTfDGMUoOWqLJRsvmrIicpygCenP
Teste 1033: KFcPbgVXfIx
Teste 1034: jlCPwfkvdDNtRIXgYEeamJ
Teste 1035: qGAzXevsultfWdxckLmnFUbYCIwiO
Teste 1036: QsfTUVmqRSPxHKpoLZWJwe
Teste 1037: MadSGifxWjekYlHmbBLIRVzDphPwAK
Teste 1038: BfKPVtSeQ
Teste 1039: TkLmEteGPYwNpVdobiBgFjCzWshnxJcDZUMvySOHIRauQA
Teste 1040: elxoyrvbzXKRwgJOSZGhYkcCtVaFqHIdBMnDQTjUWs
Teste 1041: pXKerOxqwYsCoBGTMukAdbIDtaUjPLngzv
Teste 1042: MAJmiZDgGjYveTXsrLdchWBNoKqwyHUQuz
Teste 1043: Oskaz
Teste 1044: tcnbekXZAgxWJPOiBMsIFG
Teste 1045: lAMHGVTPfnFStpDEjvcOrxegoiXuRmqw
Teste 1046: mANHiOvBqKndwCPGTIUyWLVuYExpXasFfblJtrg
Teste 1047: bYTxBpnXqCwfjZgVNGo
Teste 1048: sycdLtvNYJwGfmTiuoIlPShjDrXAMU
Teste 1049: TZQLnOCPDuXxJrSzFGBwAKsYloaHjVqNmyWMRvtg
Teste 1050: RnkcIjWQCYezlZpXNKiAvMHTdfraDJuLExPtOqbSBUhGgmsVFyw
Teste 1051: AXfErCwRhmsgaiyxMZLdIVzqueDjobBpKtQTPHkGJOFvlcSUNnY
Teste 1052: RbFDGUlEnjAXoeWkBgQZcrLhMxpszPCHKYuTqV
Teste 1053: pLQBUkZYCsHzDtKqO
Teste 1054: JQCROVTKZFv
Teste 1055: SxsiykWwQZmcUFrAVpYIEJnghde
Teste 1056: vsQdaDFyGopYTHx
Teste 1057: sVznWcJaYXL
Teste 1058: QwkbWJBTLXYvqOmHnrouehVEtUxsaRgzDSKFiZNCljdyA
Teste 1059: PsdZjSMIgNFOyphvYVfkeBlnuJiEwxDRqUrCzotTaHbmQXAcL
Teste 1060: rFdAwfPOSXMyHTlmCYVDzieKthsEGQgRxJo
Teste 1061: BnxeEHXLRNIhkiGbgPpUdZmuwqaYFfzWlysArOSJoDKTvMVQ
Teste 1062: SvY
Teste 1063: SiVTalZqDAnOoUmhtfkzPvLubdMjeJIG
Teste 1064: OcWUGYhSDKnRzFwQPdsmHtBipuLEvlgTqMkZ
Teste 1065: ohDdRyYAQmpelPnTisqN
Teste 1066: pXZKqCsokixBnNbFDtwHGrhERuSePlAJjm
Teste 1067: oAWx
Teste 1068: QzDdKxAGJapmBvVUeLng
Teste 1069: rtUiEevZbBhIRFmfLMXcOqoxJHQjGNwTlszSVnWkYCA
Teste 1070: VKcUzbsYCBDWJyXhApTEoLifuMQPnFGakHltZveIROjxS
Teste 1071: JMvTnEoiuNpQlmLKykUDzb
Teste 1072: nhCmrPDwlWgMiaNVIbRQLkotTx
Teste 1073: HuUYijyeGKTgJdPSkILsXWRQEAzpnDCVBqflvrOaxmNcwtF
Teste 1074: HNAwUB
Teste 1075: KaowZPvxHfEchqtiGRjykdFp
Teste 1076: zYhWuoKbaHgitUvnesOMwXyqVfdZSkTBLCxpDI
Teste 1077: XJvioyWmYdMLa
Teste 1078: ihIG
Teste 1079: UfrKIJBdCvtboNGeqgHOxDTihapVMPSWnmusZjkLAzlYRwQFyc
Teste 1080: gDcSMeNEuIvTjJhbzoHVtdWZpGPOmKYRwLCsfaBqikyrnF
Teste 1081: kjFdgVDwmLriR
Teste 1082: OGmPskX
Teste 1083: KjWIiomJawyzbscRGAU
Teste 1084: AxpcsYQnOLruwFdemRGWzqDHVNaEjKySXvZoC
Teste 1085: IbrjTJXnSdgfsypueCzVxUKtAkiZvRPc
Teste 1086: NuxIZkPfoArYGsRyUiKvMqmWLXEVFgCndJjSltH
Teste 1087: FWmNsqxBTSgDtpcGAwJfVuPUdRbMkQeYILizjEohCKln
Teste 1088: ZgNib
Teste 1089: FDApSdME
Teste 1090: qv
Teste 1091: SABzavMCXuEeTqoiJWZnYPxIsHlfmbjwKGDkgNLtpFR
Teste 1092: bUaGCTePKRkMIw
Teste 1093: qTskvVEltNAHOfULJrzm
Teste 1094: PoJExCqgnBrQFMeSiYVmXOWRdUG
Teste 1095: KCoYdlebqDwPtSWRuk
Teste 1096: mHo
Teste 1097: QPSATMfGVEmtUspyRlJziLgHFBnCWXkYeujbxhorINv
Teste 1098: SqjufCVKXkWTyPJINhsHnwgGitDoRbvQLUOacEmZMFlB
Teste 1099: uoAkMXhUndItqDSczwQbvWGTgeLJBPVHZCr
Teste 1100: KMZyrjHJxEqgWvfFuICtkOcLwDspGXaTo
Teste 1101: YtAyqRjOUBleK
Teste 1102: UVurKczvGIhsPem
Teste 1103: ZwexVEXzHkpRBTMbKtjJIPDUA
Teste 1104: wPECodgxDjkXsyIHvuiTLOzZSVlmKrFeqRnfJQ
Teste 1105: oYNmRIqFAaUf
Teste 1106: bSmgyOfFhQrHvilRxkEqtTdKDJpoMnZjCcW
Teste 1107: TgRkdcwUzMPlSGLxCNYOrbtDaFJi
Teste 1108: GmYwFuiVLCtEoTAkJMzhOeZlycUNnvjBasdPQRIDSr
Teste 1109: fKklWgMQiXZPxqjrowyJSDRTEHhsLevdVUztYnmFGBObAN
Teste 1110: GDyfTBYJPIbUsVNtpiFQnhmZjCXlErakdSxwqAczKHLuvW
Teste 1111: StLwUedCQsNPjfAEoRuTvOylIqKhVJYGmcDgHkZXxzMpbar
Teste 1112: s
Teste 1113: vSLdeXaJIFPGghpzQWEiCAMnoxNfHBUyjwm
Teste 1114: upHCKTnidfUaDzOEWRYwSkh
Teste 1115: yNwGqtIX
Teste 1116: Y
Teste 1117: hMzGyFtPpKswVeY
Teste 1118: AyjFNaDBfS
Teste 1119: lCpqVWuirbxcmHSOUvyjwkTs
Teste 1120: CyjVYk
Teste 1121: AuXtBeOYxJqGlUVyFQoaTSRzsgnHZiCKkfIDNEvLdcpbPrwjWM
Teste 1122: fMz
Teste 1123: GxNyARYMXoeDPaTilvFBUOup
Teste 1124: OP
Teste 1125: tXpFgav
Teste 1126: PIdOWqSBxlusmaLgfzFQKicGkDM
Teste 1127: WgZycrmaRMTtpkGnUELVxqehAbHwCsOJldXiFSuvzBYNQDoIfjPK
Teste 1128: lBqTIWGbEgieHYpAQdPOXL
Teste 1129: KRYLnlGoUzMOJkWEiIQBFdNSgxCcwv
Teste 1130: YHwciSUeEAWhsbGjrFDJkMRpoIvxzKguVLmXCynlqZdtBP
Teste 1131: QsV
Teste 1132: yIdWVhMnXDCYqEZsguOGTpAtmvRFLPQzrcJNfHwxaiBlob
Teste 1133: hfTJwgCeP
Teste 1134: QNJEFoIjWhsUbzuCG
Teste 1135: ckGfrPHjouFgwhVWlLUNDInQJRaBKxivqTdeZsbtCXAM
Teste 1136: fJyjVKBkYa
Teste 1137: fPhYbIVuDogLnMSxUWlZsHctkjmTaByFOENXiGJ
Teste 1138: ajXAkxPsdLVSihcUm
Teste 1139: kEeFl
Teste 1140: JsAZjfomeSFOREtKlniBwxyWYzvHNQdrDbpkcaThCgqXPGVuUIL
Teste 1141: WjnBMHPApSaerKXiLYcsfFvutGlCEIoyRdThmzNkUwqxZDQO
Teste 1142: wNiABqdoxjgDGEWOUtpFunzhv
Teste 1143: rqALGWFYeMZfcTVhkaIPlsDuCOzSnmQvK
Teste 1144: cgFbNIOsimSzhpyaeTHnroYUx
Teste 1145: GeKXuTEybcAwFUmSnxfVrZzIMiskYoaLRJOqHPhWdjBtgD
Teste 1146: MXPLyVuBnjxlEokFYDTNtweirICRUSvAphZc
Teste 1147: VELnOaBduDqTxszbopYmSfQPIJXlWkAwRjc
Teste 1148: piCEyUSzLDoVasIZ
Teste 1149: LgwkdHNSVpcrfZvDioOKIzXWyTnGYqABExjPChJ
Teste 1150: uCTaUpVnYFbzxSicgmv
Teste 1151: cfZxgTjsXDznpkrOqHK
Teste 1152: zVZviEfYjWyMnrAeNxqSaXtIplhHKwdRFCQgJ
Teste 1153: GpTKtRgAf
Teste 1154: BCFkIMwlmLyqWVQU
Teste 1155: HhMdzTtOoEQGSVInbvUlRikPqXjFNJpBYuLweDxgsZCma
Teste 1156: CtdXe
Teste 1157: RcbTsJnkpazIOgYwXjHEVtuvGoyFAfSMelCdWDUQxrB
Teste 1158: cbTq
Teste 1159: ESleTvXImBbC
Teste 1160: CTImxFyEJHKrbtUPvhcGjXd
Teste 1161: vOjgFylzknLodZHeQTsBpIUEmCXYWiAhMDucfqRSrNJ
Teste 1162: m
Teste 1163: dQuMEprnyLhxKtWiAZRveNUgmHlTXfCOzIsjGPwBcVaFqoSJY
Teste 1164: pfjltV
Teste 1165: iXeU
Teste 1166: IrnCFiX
Teste 1167: UgGseXtrWT
Teste 1168: TqvNnBtHWRKyzePkFmJGwf
Teste 1169: UtDMK
Teste 1170: wHxJqPtAWMdrOZmDjEgThUzfRByVLGsavklbSKNYe
Teste 1171: fuGDOYsyQzkVoaKwMSUmh
Teste 1172: BPIpbWEUJSqkgZamDohuMnxTV
Teste 1173: lrWOZEfaktDKboS
Teste 1174: tmPKkArid
Teste 1175: HRmpUeYPQOdiBZWVofXsEvhrGFNljwzALuKTI
Teste 1176: QUEvzCWbHVxF
Teste 1177: rZFiflvIbNoQEwcsYMOgdjSukymxK
Teste 1178: yRWjJaXolSsBfgEzqHnbxCYNV
Teste 1179: ravPpyiN
Teste 1180: CgpNJEmuYHFUebwVLlXyD
Teste 1181: iJqBaXgImREdLZYnPDOMpkwFyWGxAUtTvSQuelKorzCjNHVcb
Teste 1182: vKVUgjMIZNxinmCLkOuBQtpAhaPrbGcEHeRzqywlYfoF
Teste 1183: WTAhjufKxBRpkEYNrnIqXOgCmwSLHcGzPF
Teste 1184: pzQsfWZIY
Teste 1185: UXzwQ
Teste 1186: mMzwRhcXK
Teste 1187: cnVSNGuoiWvAltsOwPhaTjbpBFgXCLUHDekMKxfJqzZYIRQEyr
Teste 1188: XhgiltQRd
Teste 1189: TwLjiIlmKCaOxoNzpGUkBgJSVsHWdRZht
Teste 1190: ZKWpArUuJwLMfPGToOvdg
Teste 1191: lUeORMjprCBxbLQtJKAuyczSsN
Teste 1192: tcJBEdZVuSKPOs
Teste 1193: sXzOoGPSUvbiCJNfKkLawIgpYMRWmyxHcZnQutehjElqBD
Teste 1194: UZAYOCQhnpMVrDoBXW
Teste 1195: JuhPpYWLCsfBIKyDqbjdmVtMlz
Teste 1196: HtujEFpdqMNYirGegwJLhosVPTZCWbl
Teste 1197: Nwc
Teste 1198: xnwksfCbmHeoFrUgtju
Teste 1199: kvzcbajpIPfQFXJwHduLAlNmYRSoMEVqtZDBUinOhye
Teste 1200: sONwklSxMTftQbhnZvcjgJeVdmPUFyLuzYGqK
Teste 1201: AcfadrtIWLRFimQPNeTgZGbSnHCVDuKpzYwvBOqhUyJEjlo
Teste 1202: ABLuDSlexEPzKX
Teste 1203: EgDOsuMIxkVelKbqdUvPJiZByAcrQSazNR
Teste 1204: ucjMPiUKWNBwH
Teste 1205: GZfkweWIqXNvOsa
Teste 1206: YylnHjSoAvtGRheLJVWMsXTDcOdaguFUiBPpzxbqkZwrNmfI
Teste 1207: gMWibGecxwtPUalKNFEHBXDmvqVpsfuRknZjYArz
Teste 1208: QipNInUSEHbJaV
Teste 1209: wNWuRlptiYPfkhd
Teste 1210: tSdQcZNBKpeLUVoERYMDywilOJuqGWmAXarzsPvbHkfITj
Teste 1211: QUDeoYHIGTM
Teste 1212: LsijgQcSewhktCWfPV
Teste 1213: hBzQgvSIxuY
Teste 1214: YkFVjRmUrHqbKiaWTtEupALvcBOlZPeQnD
Teste 1215: ugmUt
Teste 1216: TINMpDFkotXBJLhCauvGi
Teste 1217: ea
Teste 1218: fZPLFAKjarGX
Teste 1219: VKcAPGwlgHxotfRLzbWjidFQnNJkvOCEUZYDaSqsB
Teste 1220: biXPAUuWjaIDZlfMEtrhkJe
Teste 1221: jWRAmuOEkNPMXFZVKzexcUnITYDrwhvsC
Teste 1222: xukABRjXrdzSfmUylCoVYpHcWiJhb
Teste 1223: WfiuRhMKbyTqvPkY
Teste 1224: OMzVAytKnCDYrocbIeNPs
Teste 1225: VYoGeKyCgjtrakUlREFZqusPWLcpXSIxiAT
Teste 1226: qSFQkphcJdrBZGaglxL
Teste 1227: ahQgWHALrCeIEzOqFcmYNDUbovJVPxuSlfXj
Teste 1228: wEkFXOZuzoSAphUnJbiLqgK
Teste 1229: lnoEBZt
Teste 1230: JjGCnvSiLKBOm
Teste 1231: VglGCNabdhKrumDpRUJzMvwAsSHfykXiLBoQWYZOxtFencP
Teste 1232: LEhfFGsUuSrTIMXiqWV
Teste 1233: jMihvUzEdn
Teste 1234: IoPKRNijTedzOCstmVhMcADkvSuqgWalpJfb
Teste 1235: bAeWhrZopnsOwKmSLDtTzul
Teste 1236: LTPqXYGHNi
Teste 1237: XOmylFEDYPkBnaoHJ
Teste 1238: gXtuGhOBoHvQACiEPVJzj
Teste 1239: MuLTt
Teste 1240: LQncIaSGF
Teste 1241: Nva
Teste 1242: zuFQAJjlUwLfIYDxdPoRMavSrGiVB
Teste 1243: vNUYOLafVbmPxTrGZnKHsF
Teste 1244: rvlEdfFDgboCw
Teste 1245: XoRtkePIpsjaBADYNnTcbwiLfxWqZUGdOFhVugJzEy
Teste 1246: ybefExuNvSPkqGaBwpKTWXOAhlHrgQRJFoIdsZ
Teste 1247: gSKyNCXDO
Teste 1248: qUfDyEMgOQZLiaVdGpJuNxWnmlPcBCTewboSHsRjIAzYhvKXFtr
Teste 1249: izJZgXqCMcobm
Teste 1250: J
Teste 1251: hLxMITqOn
Teste 1252: UfVTFQKWpxJABv
Teste 1253: cbmeqTPSuQN
Teste 1254: WKfnY
Teste 1255: MIArNVBvEYSLkXhDKcZiepfOdURHCFyjlGxmqWanosJgtb
Teste 1256: MxtCWNkJIsKofplFbBDGgZiPuEzwcQYmALqVdaRjHOvT
Teste 1257: KtPgvZeVjqfiACsJUQoBuMbhpkaWGxFdDIwRXmcyNLY
Teste 1258: eROyAoapq
Teste 1259: lDdWENXaCvpTbuokMUmnQOYsxHVwRLBGZifArchPIqJyegtKSjzF
Teste 1260: aBtuKhfJcknoACDMsbxIUSGLRYVHqriZzEPmNQwOeWjlpT
Teste 1261: onuWOQqZaBMjyCzYEbvcsLGgVdpmxKhSPNiwIRF
Teste 1262: mCflSjcv
Teste 1263: bxRKMmBpazTXdSkVLOosCyj
Teste 1264: RseoczPKDhpqmXHACvglMBfSNwOQLEIxiTdruZjWtybVJ
Teste 1265: TcyRKXFGgzkxsChSVvNnOoruMwWlYDmp
Teste 1266: yzJbIFHCdTuqYNExlkme
Teste 1267: CrnZjMfDUTGOYvuFmzbKHPBQslwdqkJXhVayARLgoEiSNecIWtxp
Teste 1268: jOtKuVgeCZaQUTASIvFHWPsminMXoylYzhpBDkJNcxqbw
Teste 1269: ZhcSRzyJQslBqKLnraoCudWxYvImVTt
Teste 1270: JdvqQZwjsucGhrfigblot
Teste 1271: sSlBtMWUhgLCVrZJpGiAPvzqjnRweTQaINcHKXxfEDukb
Teste 1272: ZVGKYsgphdbqtjx
Teste 1273: vgKTodPixHcBRlntMjFLsNzpmeOyCGkYIauDXAWVrhqSZ
Teste 1274: PxwOotaCDRrASukUMhclTgyfYXvbpzdKHmEjGFV
Teste 1275: IQhfAbOWTaKez
Teste 1276: gMJsEObTUpraeNyFnWvKHDqzfRdtYBjVxSQCXhI
Teste 1277: RkYXqLwClnoUZSEbBxrsGNzfeJOyvhVDWFTAImHctgK
Teste 1278: Wyrg
Teste 1279: BkgYwbGHLaoPZTVJWutCFNevIKzUdEpsRDlxArSqfjyiXcQhm
Teste 1280: wqTDkQMLtKCcWBeosbJFjYNyPiduZlRrGxI
Teste 1281: crKQkBfRFAOZeqmwJbxVPzyDEaIHuClYvL
Teste 1282: iDOBSZPtKTdwsvljJMEL
Teste 1283: xUkFJiuQTdSHvNXw
Teste 1284: ETlgjfxWVhRtwbNuGXrPAoaIDBS
Teste 1285: PptQflDzYjgmqMXvBVEyiLKZcOGbWCdSsaRreFAxHNuonhUTwI
Teste 1286: BzeMTtUJHRXZOurwlnjPcDasdgQfohAbVpmiWIGvxCKELSy
Teste 1287: qtbRldELuNgCMVfJh
Teste 1288: hidLTFjuYHIpzWMXatDNJsgywoZOkSqBrEPfUmQvRbxleK
Teste 1289: tkbiFRrBsGalHcAUdeNWIZOVwofj
Teste 1290: YtSGcWTHUyuXfnZDRwrImxNMLKjvdskPOpQaBbChloFqJ
Teste 1291: xCoBKwYkMzRPNZaIftengruHcFX
Teste 1292: DaOpyHTlIjtxdXEGNuLSqwAJhncmvBRkWeMZPozUCYFsQrfbgVKi
Teste 1293: DUCnQGcWSFoLisvJaeZXbPkEBKIduNgyjTrqOlxwVfzAhHRMYpm
Teste 1294: GEQXwZqspkyxB
Teste 1295: oOcANJpgMlBYDfvIwdLabhkSRPHZWCnEijt
Teste 1296: DcKMVqFNdlEGPrwBXsCLxpQgWtHkfAOITZajySveoRibnUYmhJzu
Teste 1297: g
Teste 1298: UbXvgNBcmfydxwk
Teste 1299: AOKbZmaVdlGfFgpnwtzELXBRrSyJMPUNiWxIoquvHkjD
Teste 1300: GvuqjK
Teste 1301: BecshtYGQLjqguzDkHobmNSXAwFiRWVxEUTP
Teste 1302: SoVdkGWzsFEuTjhplbrDwNYgHqmJnKxOc
Teste 1303: FgaOYLTlcstZBAeJSCHKqkGXyMvWozIQjrdhwEnfiVU
Teste 1304: MDAFOliuaHNKJ
Teste 1305: IOfZrNSeoKWtYlvd
Teste 1306: JkCMRaGTdEuOqtZjLzIe
Teste 1307: yxcJhbpiCwQHqmGesrUSuOFlEZLfjkKanWMg
Teste 1308: CTvrVqzdcynIgFQMhEBRwZJGlYAjbof
Teste 1309: NmatzneWSpKDMdXOChJFRwxkPAUgLZcjfHTlyoqsYBVEvbi
Teste 1310: DhYMfcZBHnotPVWmdLXJeigEG
Teste 1311: COeKuZRAtDpifUrkTlxGNWyQPhYoXwbL
Teste 1312: jqRBH
Teste 1313: DdtNfGnLBrgKTJZyjkEAXIqcoMhRwvemlSWVU
Teste 1314: bKIzgoHAyTeqRmfEQwhCvrVZnOFYjkxSBLNlWaXMptcuUsGDP
Teste 1315: SxkYUutFPqjdeBXLpOsrmMKwfWgToA
Teste 1316: RivsuZXLpwAWJzQMghPKOqo
Teste 1317: BDrnNyLiIXvgVmHFbZzATMtJK
Teste 1318: NiBLYgsXJqtb
Teste 1319: VEBwXCAQYrIcytmnsNlKdzkihaOjJGLMgRboZpDvqPU
Teste 1320: pBqvFUeuZyIdzmLQEWxGaciHJ
Teste 1321: hHECOVLtxvWbe
Teste 1322: UVTJGHtsfoxprauwRicSLgIZ
Teste 1323: cZSMLXGn
Teste 1324: ynKcUOGqvYHDkwBRMTobLefzdispJArjVxtZhEluaWIgPXSNmC
Teste 1325: UrLJaEmsfgDuqPkvnIxVKCyQhdjHczTORtMF
Teste 1326: LPdWThvKeFHQtEiOMRGalmunYVwrACIkZbUXqDSxoBfp
Teste 1327: vXCpsDtjSHqbyRchBIrukdOLmoFEMazeYAfliQVNWwPJxGnTZKU
Teste 1328: XWwTDnMtSpkjeKrYZVABPlRxLGgFaHsfmQOyqbNuzd
Teste 1329: CuAYDgUHJrcoVabKqyXsdkSplePnEWxGtFL
Teste 1330: cRqwgNBtoHiyuFfTMpXvWIG
Teste 1331: ufAKEpgFQSkWjNiBq
Teste 1332: ecaTPUvWMVu
Teste 1333: RlenhDsSrCkKMpwYobHifL
Teste 1334: QSXJCDMGwIaZbyKtAkp
Teste 1335: gFNlxHACjnDeEqcmoLZvySRpdKWJ
Teste 1336: DfGqzxwKOQlcIgHF
Teste 1337: WbzQylBKVrnTgfpckAIwxjHYUdEaDLCMvNhPiXGsJ
Teste 1338: YXPwCvVcuIgzFxyNrbZWJeBshQK
Teste 1339: EHz
Teste 1340: FRBThYdnkWNmrbuqagEOjcXCzJMvHxPyVtl
Teste 1341: cgZyFNuqiMoOwBrTlCAtabjJmVLRE
Teste 1342: UvMScCHaNtkLGVzgxFTqZnPdhIQwEObeiuAsJflr
Teste 1343: GcdtiYwPSnpNBlyjMgsHTraxuZJKemFkQfAWOoLhqCRUD
Teste 1344: BqRyFsNTlDdiCLWQVxMeUrKuYIPnv
Teste 1345: wxClG
Teste 1346: DtWbFCqynYgwevhfaHTuJQXcsVzdMBZIroAKOpPmiUELRNlkSj
Teste 1347: EtMmagFhVNekfzcjsUITnGXu
Teste 1348: WLOTszUywEPKSeFIBXGJhxHrDRilknb
Teste 1349: yUvLicHxtrkWRMgESNCGYdBbjmVfZJKuDQzaoIpX
Teste 1350: HIrgtSdxcXnvjkNuZEVBeCDFzTPOLfiwqJRYAyMmhWKbUpQsaGol
Teste 1351: bHkdiayORjnUvmXANuGqLfKBgYTWDJISeshpzotFc
Teste 1352: vu
Teste 1353: SnEsomZuUjXGwKBWAMCHT
Teste 1354: mTBJiNCnkGtIKcjdxqrLpfEZRuolbPsehYQH
Teste 1355: xiJfCcYNzsukmHPjTEwagRhFVIUdXLGSKvOpbAQBlyon
Teste 1356: IfGcPysWepTNdvJrHFjkaSnQOUMhoiZCzDLVmgqbtRluXE
Teste 1357: nhblTHiqfVGCr
Teste 1358: PSVxljR
Teste 1359: ARVwSNlCfgkcIqMoOFBiUKeWuQyXPEHZJzxvLpdGhYnjrbmDat
Teste 1360: boFCugREpfcMIGQXmnHYlAjhriaJSZKsT
Teste 1361: FUKSAbxwjJoLNDHaERcmVzfItYTikQlegdyPqGpXZsnuMhCvBr
Teste 1362: AnaXyHIlKkweMtzuxBfoJNjCYdZDrWSOhRiFGUv
Teste 1363: kgRtDXjaLAZqyhCziscTBfvPVHnKEFxeOlmMbdSINJUwrYQWGuo
Teste 1364: iwbmXRIyHSoacrEfLKqlDvFsGuhWQOgpxjtNB
Teste 1365: HPOtMyuSFGJRBnELDxvgZ
Teste 1366: BIkJxOQzPMFsmcvEoheUTAgZpbGCL
Teste 1367: ZAJkLjeaDoigCXFhGyYUBwcOsfndStqTEuVmKM
Teste 1368: bHwInsCJMDOkfrVXodpUZKAYGvEamlWeFzgc
Teste 1369: PKiDzdOCLomjfwXpeQAyxvhuHZbWtR
Teste 1370: JzPqHetnyaGwMjTfvxAmEYQhsIScNKoODprRb
Teste 1371: FhmfrJaxcOEzbVuRtHvPUQeB
Teste 1372: yiOjswFXeL
Teste 1373: mTiIMoudBUsPWlSVGtZCfg
Teste 1374: ORmMtxHEDzjUJ
Teste 1375: yOgwxBRpVoMtsdYDQnLkAUIcKhzGW
Teste 1376: AyouWX
Teste 1377: wfYHmRXLgSZVbjyEIedpTKDsMuonhUCaiFJxlQrq
Teste 1378: Boiqf
Teste 1379: PABGgyCiIJkluHFOSQVaNXdpmsbr
Teste 1380: ZwBPRngqpadWTDMfJUomxSrYtQIeNbKi
Teste 1381: S
Teste 1382: FbfxBqSnkrQYaTcvJDGPOERKLCihVg
Teste 1383: pvMiYHzflRPjSIwFrAQcEdNoZ
Teste 1384: ylgURnxdePiQDuo
Teste 1385: wPTHDUYbORSykfGZWsdlArhotuXNcJmvEMKLpBejinQzgqIaV
Teste 1386: qOEXxCjwIvmkegUsrnZYRADVaphPuM
Teste 1387: aSFgpAmvWPoydZGMnXRUxHweYsBiIfN
Teste 1388: vGdUBiaPCuykpAKTRZlXjEVYoOfScxqHLenMhw
Teste 1389: eabrZnzpWSRgYkVtJXQcEdwCjFilHAyLfvmOMohGDxT
Teste 1390: AamofDOcIHqFyQYnTgGrlLRV
Teste 1391: nREVoiYZKpcOQDmahrPUkzCxgHGFd
Teste 1392: CNYKOgaXvnqHfPRG
Teste 1393: PJnpRAwdivkjNEDYrMgfz
Teste 1394: LAJCTYVFMKbnZmfoj
Teste 1395: fnHxpU
Teste 1396: mfRJEydvhXN
Teste 1397: vMHthrGOXumISKiWjbAnEcBdYqaZoJLfypCTPl
Teste 1398: poVgkRGPNxlBTbtFMXz
Teste 1399: fNdPrUSQuglDHGzbtRe
Teste 1400: qPESg
Teste 1401: sfmyavOBAkwCGuYPZnEHoRKtUxjTb
Teste 1402: WNRUulvrEqZiQIVdfBHaTmChyoLtpkYPnX
Teste 1403: cC
Teste 1404: fazUlTuMXgnvbsxdQPWEYRiJSLHNp
Teste 1405: HpqZuAQNtSfEFvXBCWRmdbPkUznIJTLDMhcgwG
Teste 1406: vVd
Teste 1407: VJySKPoaBqtfbATXlWpmMzZuOHLNFcREYrgevCUQkjnwIDGdsxih
Teste 1408: YPZAdiBRLypaocgFbQCeNuhV
Teste 1409: KyYEzwxDTlgNPfnGVhLUbFtHcAZkWJXjqavIMSsCiBrmOuQ
Teste 1410: UzChcoTSXHPrOb
Teste 1411: YaemMQnkItBVzZCTHGFoRLdwSfAKWcvqPJjU
Teste 1412: sTodIAVHaOQvtyJBuCinZjrYDbLq
Teste 1413: wmCgZDsRoicFVU
Teste 1414: fhVDdyqiYRWFPzxB
Teste 1415: KpnFmrfUwecdSDTyGHMaZxq
Teste 1416: uMcyVlKtABJYbZTdXECeILfxNFv
Teste 1417: kAgZV
Teste 1418: JcvuIYRZQHptsbPqOfyBSgTjGnwkmxAh
Teste 1419: vSlpEydCZFQcGYwNJA
Teste 1420: pYCRJWTwXicdSQsZEkoubNAtLrjzOvlhqFy
Teste 1421: wvdujDFeWMashpZfxY
Teste 1422: beHFDrTPjoSJxWZnACmsQkgtUyiIlXLYwKNucOfvzV
Teste 1423: KhgrSQosIHbqGyLfwTtpnAuDOZYPFUXkCzMvcVJNijxd
Teste 1424: dC
Teste 1425: uqEQYDptzaRSMvrkcmVCyKUGJijLeOIFABfH
Teste 1426: YaXMtwBGSWjNdpFOLEqbJIcvlQheKuDkfxg
Teste 1427: YMWcGmXgprldTDSB
Teste 1428: jNESiCuROcTteI
Teste 1429: fkEsLeAvnocbPGaIjyRBKhqgQYCDMiTSZlwpzxHrWUXN
Teste 1430: PnsIrUuQaiKcvYGWbZkhdTXlyFJtBmxMfAwVHLRzNpSCejEDOoq
Teste 1431: oJrGmjHlMSknEUuKbpNDfACWZTPeOYFygVRhzBcLsX
Teste 1432: uMVHxPQhtmyJkKGUEjlwcSFrAaoDXTinOC
Teste 1433: quIdBmOxJob
Teste 1434: tLvUrjWRhQfNyBKMxbcHGFTomE
Teste 1435: ZhGjeYdJsFCqXtnywoOcVQkNfgvSxAWp
Teste 1436: NZMlSBXHrvupkTw
Teste 1437: KOyNYlvXehLCoFngETStGUAIzbJcdrsRmVjQ
Teste 1438: MiLfbWaHmnCcREtjZuJeQNzyBvUXFdkrTs
Teste 1439: t
Teste 1440: dPTEIiYrAlpmxwbVnBMFHNyWgCRckesZXjKvufhODaJLztqUSGQ
Teste 1441: fxUnWZosrpkAYRcbLjCEaq
Teste 1442: axkCAvIQFPHWsUGmdbMthSEe
Teste 1443: lSZNHTFrhnRyMc
Teste 1444: EjrtMdspPYkzTmSbchVxvQZLAFIReqJoNngywflUDOaXCGu
Teste 1445: NcRGKFJPMajUyrhV
Teste 1446: ykAsoczwjbEPFdfaqmGBTXSYDJeiWQRnZlKUOxNLIpChtr
Teste 1447: gsWQBeluwj
Teste 1448: MVKkRe
Teste 1449: piHcgraKGXCMqIvm
Teste 1450: UYCMnoOixbvrHpzlwqTSPeGatjKZXfEyNucQdVRWLD
Teste 1451: fXju
Teste 1452: JxYCAdFSkuInD
Teste 1453: mlsuOEeLM
Teste 1454: hPJzfKStbpUQTRWcOdAqBujnFxwDoimMsevVECLyaZGk
Teste 1455: NAQvxTHJymwqopCsLBgulXPiaSzRjrYF
Teste 1456: FCSAaKbtlQfWNoGTrwPhIYXUcqyBmEjODziJVxReLkspdMZn
Teste 1457: IwMPGhqkn
Teste 1458: jbihLSAOU
Teste 1459: wbCyuqTBXreckZhgtPSjpJULYQMEWxHfKvaiRnGNVoI
Teste 1460: QkprxILeJSuBPKvqMjZlAdECbhOyVHfoigwnDWYRtcsFGUNmzaX
Teste 1461: CsUozIaQhEkbxMLWHgRXZNJqyrGBwnfAmKjTPecSOlVpYuv
Teste 1462: fXkFpaZtUV
Teste 1463: YOaRIXQJstoBVGzCkphS
Teste 1464: uMfJcOaH
Teste 1465: NCAagDbKxzldVTrEMJhXqwOec
Teste 1466: ATIPYQygjx
Teste 1467: tEYeFOuwfcrQJbvWxsVj
Teste 1468: fAkEUGRhgCHMoDIvnXBbJNcStQFmKPTrWzdxplYZjseqwyVLuOia
Teste 1469: CcmhOfboYwLiEqRyeSjBGIVDZHlTdPz
Teste 1470: qnIrTDQlLjOwMsWCJZ
Teste 1471: oObtaTQqvHdplY
Teste 1472: GCYzqXBKuIyAaPrLoDVkW
Teste 1473: YJxBXZkGirzljsuhKdHOyLbDIQwqCW
Teste 1474: srbYMPDhaujEUZLnmzlWKpiIvCSB
Teste 1475: MlsKBcJWrqLwoRmGOnahxkPNyDZEjguAYieCFzpfQVbXvUt
Teste 1476: vqNQCfmlwkeyLiPJsBFHj
Teste 1477: oVweJPysNlxrCgRfiYkcpbzItn
Teste 1478: kC
Teste 1479: zx
Teste 1480: chtgAXWqiUdpEjVlvBkxKeNLMrTuPzsJofwmyIYRDGSHOFa
Teste 1481: uNwgAqdcDxZRpWliksoGVUahPvTtCXHOnLmyFYjE
Teste 1482: bVTAJhq
Teste 1483: pjMgSJxYFhEiAUunwcektKBamHQXsqdW
Teste 1484: bSPZDWgAYnVNa
Teste 1485: lbqztmRMOEQdWgDPXJoiwGayBeUYrZcjTL
Teste 1486: uIGrdvXVNgCaYkesBAhUlJEOmMyjtLxoHpTDZSRcqPWQnbziKfw
Teste 1487: ZxGubtIomhMCdcLD
Teste 1488: MlAfrxQYgnoaEkhLwNFqGPbWvTB
Teste 1489: edByaOsuRcgxphrXIiGHUNmoSbQLTtDZYWFfVPnJ
Teste 1490: htgBGJkb
Teste 1491: YPWfEdiawNtmVksbxXuylRLHIUAFQgpoMThCj
Teste 1492: ciabjZNARfGldtQOupTeIzUMghEqFPYnsJvoDSWx
Teste 1493: qRdhCroeXiYjsDBazJpMKPxGytNnwfcOWHlbUTL
Teste 1494: DjhPZTmBeMszIfEGLvWaJFtYlUxpHqkKVONrdwuCAoQicXy
Teste 1495: KwgyQdmshvDxjSlFRGCXbNPAWraIifknZLcuqVTYepMBEozJtOU
Teste 1496: CmjJgkDfhIBZ
Teste 1497: WYgjSTctfB
Teste 1498: mvdzPNeiLGQfyabIDUgnqoHTKFBCWskVlRJZrMh
Teste 1499: duoXzKSptyLx
Teste 1500: jzCtuBQPkDeqLFEMOlcUWYwSmsp
Teste 1501: CRTgs
Teste 1502: WlXKSILDPiUmEpRndvAseBfoFMGyNbhku
Teste 1503: dwrpWBPHIzLUngTEejFXOZyKGSvQtlksmAVYJqM
Teste 1504: sOqMRLzpHSxTCct
Teste 1505: WjtPimyuhVUz
Teste 1506: dpAniYZCjewoRXgESzqMGBmhJWQukKsafbtlvyVDLrNPITOUcx
Teste 1507: hafwFiQylrDIPYKzjScxTJdkHXbAqGBvtnuWVZeELgpCmRUoOMsN
Teste 1508: aIlnZbdiEKrvUQgJctFAXmhfOYoMzRDywHsVLuGjWkPSxqCpeB
Teste 1509: uykZPExncCaKHRdrpbmvhlYNtJgwfBszGIo
Teste 1510: WJruHaRdC
Teste 1511: bIjJyNeXGpCDaxUfTgM
Teste 1512: VDkHbeUoRZXBgQwPtMaKz
Teste 1513: LEitafeFRyUslDrGAuShBHvNdxkwTOIXzcPoVpJbCYWq
Teste 1514: PhyXldKMgwTHqJkSYRQzCrGvL
Teste 1515: tzXOBLlvpZgnJIEcMxrCQ
Teste 1516: UVgXZftnuThklsHe
Teste 1517: lzOIftDUEiqQNpJLPoF
Teste 1518: TdODQNGZrAWCilVKnJcEIYmq
Teste 1519: zNfKMHBGpUSnWXsymRvPVwTLtdbaOZCeYQJorqiFDxIjhkEuclA
Teste 1520: tlyWNjG
Teste 1521: Nt
Teste 1522: zHxZTJQKdfMwXUFDvqCWbGhyNtAEcgmYILlpBRrjaOSuks
Teste 1523: fldKYFByxkecADbmTLPwuhXitovJaZqSzHnrpONgIWQRVsM
Teste 1524: XCiNKdOvqWFfExLJuRbmPposjVSyQAMYTwUehgHlrnazctIkZGDB
Teste 1525: NwFdMXvDYCsRyEGoHgUrxpJkOWmBbALQacVKnSqPiTfuI
Teste 1526: NOvVeKXMtwSsiIxBJjhzamLcPdlpgyQbGCqkRTEfFUoWZHnrA
Teste 1527: YnXoexBPDAGQwIqCVmdTkatcuLSFgUvKjhREf
Teste 1528: pgOhlktBnPHWdcmQLfAXG
Teste 1529: jUuAnzewVKWp
Teste 1530: gLxwYyXdNtJaWnPG
Teste 1531: himEZNyzaOrkgSUueIYlswPADKLcTC
Teste 1532: liDxQzpwAUSkRyVWFZh
Teste 1533: YgpwQWEZkoxblINOivVSsXfBDFcChjdGaMeyUJq
Teste 1534: OHqmEysCGALwneVJMPYFScbvxRDjpNIdliguhzXUBTakr
Teste 1535: rNTPdLFYKplXfcjDMHEWvCbtzaRJgGexqnuowkiZQmSyAhsBIVOU
Teste 1536: FAUynCVGmRtOqzecQLMiZojYPJukNglXHSWfT
Teste 1537: nSCaWDkM
Teste 1538: kTjLvJXibASgGDapeqQOfHnEIdrtuyYRxmowlK
Teste 1539: YHI
Teste 1540: ROcWbmND
Teste 1541: AHrkBUvXjhaTqGgKWOeczLfslVmMQtI
Teste 1542: alQOJDrBVp
Teste 1543: aICoFLJBiAEfODKnZMTycsPvlShUmjQYrWptebdkuGwVqNxzgX
Teste 1544: OT
Teste 1545: bkZiRaufzLVDQGymhloCnBTtvSpjrcHIFdgKMPeE
Teste 1546: BvLDaqPIVREWYGO
Teste 1547: RnjGyWCUqpXIrEmLVdskJDfvBYAhxOeQwSNZlbzPiFT
Teste 1548: rMkQSeYxGbmUwNFzKRp
Teste 1549: FaSHlczgeqyDuLpYnAEPMwKCXGhfIbQWtrijRmVsUBJdv
Teste 1550: uLRaHmSMlkJtAcC
Teste 1551: qyxNebtvmEAgHrURLPXawIYuVoCGJMDfFhcnKzpkZiQl
Teste 1552: AayKvsSlFWZGHXNxrPdDjTwVbMJcOqgnLUkeQ
Teste 1553: dXgolvZnSNieftUKzRVLOHqAWBcaDJrwYChEjpksI
Teste 1554: cGCDruNJFBVhoeILlnzO
Teste 1555: vsBXwUCNiMfohFrTPayjtzVIYSJelZdDRxWqGQH
Teste 1556: TnomKGjLiwVphWrIlUsvHdBuRgEJzFxOaPAtcZ
Teste 1557: XpHjcsTyQrYqCiLINGoKz
Teste 1558: qUMLaKDzNVcPiCod
Teste 1559: ANBTUpLEFmyKiekuoMvOqPtHndIZJYc
Teste 1560: QqNcAZObYghwLpHGvFCxIUkBDozXEy
Teste 1561: HlbXaInZCjOoKFdSurwVPLkYMRBcTimyxt
Teste 1562: mGQHxCFYhBOMNSKzwolf
Teste 1563: mrcilxUKFpDWuPELnysAhzTbofwJBGNIjgQe
Teste 1564: kxwuPmNyOATGQrgYsKEfDFInCheZJodpivXlqMVSHjULBRtWzbac
Teste 1565: avWNicBsAneoMpqCybIfjVSxJlYHKgU
Teste 1566: kdSwqXgQWZcGnhOHfIaNijVseYzuAKTPbEMLR
Teste 1567: keopByQUXJhWSTZNGDvlPYwfbErtqIiszLKcAHj
Teste 1568: xRTqZUlQACkmcNjbOFGaBesoPEvgJupHinXd
Teste 1569: BtZQaJqfyDoNuziWMcTbUhgFSPHsYIOnEdXpjxrlkwKAm
Teste 1570: dtR
Teste 1571: qzNRKkYLweWIBnFAPJDscpjrvfGHithlECoQabud
Teste 1572: BbFeivzsxSWMEPJZQoTXOncIpdCVhwgKaRyfDukG
Teste 1573: dyNmYACRHtILJafKekZPirGVoSbDpxElO
Teste 1574: RVWSLa
Teste 1575: BGSCoHeQTj
Teste 1576: VaFpTZcXlJCkWYgqzMyHfOimNnhAbdQsS
Teste 1577: YFKkHypxmoEbXjMvCZWPhludaGRtLV
Teste 1578: jKwFmfuavoNGBJgpxLAyensrQOTEtqSDYRkUiZWz
Teste 1579: egbhtvPyKsVRAxXfiDwZ
Teste 1580: nHamLqpbKlTgiDXyuERYkd
Teste 1581: dLkhxCVNJjfswbHFqpGKUMQPzuegcmyDSa
Teste 1582: LmgJOaUkfqwNlrEPBWnxISzTbGZDsFYQRdXAith
Teste 1583: aWnUbYkcZhmGFVIKuvQOLNyoqSDAtTXwzrpgE
Teste 1584: zFslDt
Teste 1585: hrgbyMJitRZfWDFQIjaK
Teste 1586: bXqxyJpnPDCBrlmOoueAVTZgtjUvEchd
Teste 1587: rKWoskJjth
Teste 1588: ZJLPo
Teste 1589: UHcXrNMGvC
Teste 1590: hfFI
Teste 1591: VCEwkKvJLrzcqNeHQWRSbdjigxumpOGylF
Teste 1592: LgrOJUFhSVQmzwkGBTIbNYDutXHpcKsaEqAnRfdCjiloeMPZvxy
Teste 1593: TRrpDmVXU
Teste 1594: qileV
Teste 1595: OPBobjRaLqYvWJTgxdQencK
Teste 1596: RLVIJYEcdKZQoreGlwtshqmANgCTax
Teste 1597: vpZeMNRUCKfuyBhY
Teste 1598: IGahrXOJHCqyoWpDgPivbTNSYKzMelLxVFABftU
Teste 1599: AxHTnWQuCyKNDzmlUZtiIpEFbje
Teste 1600: wKlcvCSxrfOWAZXPubzmapqL
Teste 1601: SLrdalhgFPxQfHvnDuMYKkIqocUweBOAy
Teste 1602: whxgDQpaNrRkYeKZBGsuOMyUIXAEFcSPWCTbmqdftVLnHlJ
Teste 1603: BDHYbeLfZilFySoWIGzURhTCtdwgrPnVNpcOMKjAmJEs
Teste 1604: jLeIGHTVQdOPoinpumNaS
Teste 1605: budQCyj
Teste 1606: uhLaoCJApWcGUzZsHnIbgkMNVYdrOmPESKFfQXjDtwTlRxqye
Teste 1607: DXYNsJygrOVbjfUZlMciqTEtSpdwIFkuWQnhPe
Teste 1608: ioxcUEanYyKHOlMmCjdRfhAPWVqGwpb
Teste 1609: fShmEZd
Teste 1610: aRZtiIdzoswMUjCkuLvQ
Teste 1611: UxtTyhZJqHLaoORSnPwQ
Teste 1612: VYxveLFJSpBylmtnUfQTirZI
Teste 1613: nRwFZuMGUthkObqgAofNVaysCTKeLmcpYvElPjWrQIBJizDHSdX
Teste 1614: sbCNxvAUIdmPMZqpWSDlRgXQczKuwBJet
Teste 1615: gIhPJLHWwSCBXkmoElTurQbGAxf
Teste 1616: TXObBEDKkSJsdnvcZWQYVFePqIoCHhguji
Teste 1617: JTtPRudvOfCwlBZoKVSAgLxDihInUNWrjYceas
Teste 1618: uoetHZsLwjSJCdDGUcNfyVazrvBAm
Teste 1619: XLSHxBcejQfsuktPTwYhJdvRiCVGEzIO
Teste 1620: JjkSWdfbxvwtrhBXZMpDRmGKIiH
Teste 1621: eKsNXZbvSGTHqPnhQpOLzCuyJfAMwiBoradkcDRWU
Teste 1622: PMDJTQGCzOFKnLxbrjslHghBqcUmvw
Teste 1623: JzNjaCRFZySkB
Teste 1624: oGALnbRieZcNP
Teste 1625: cVGZ
Teste 1626: PubyQkKegrxjtZUfsDMzCoSaWi
Teste 1627: DhjLYAwUEXCxBkgJFfmcqaWMlNzRtnQZTrVPseoOdvIi
Teste 1628: hLArmTuPGQCaIzcvO
Teste 1629: XkWDYaKnTyJmIHqtdZlOhMVgriAQLjNEBUoSCusRzwPveGFcpbxf
Teste 1630: EZCkQKtwjDMlRnpUeiBSaHyNsOTqAxbPVvrFuhcdmIzLoWYfJXG
Teste 1631: UkjfKQZtsAOIxJEqSumYGwzMhlvT
Teste 1632: jcyhaCrPY
Teste 1633: nLNEHJvGAmflPMcRUdaghYVeOSCToqKkiuQXywIbBjz
Teste 1634: xFRAbrpkaSsizXmfnKhqUDYJWgBNMyOLPGjEolZwTVHeQcCvI
Teste 1635: nPBxOEGzalc
Teste 1636: iyzeQgvtkIlbMuwfYNJsGWhKEopcTZXUmBdLCaRPAHrOD
Teste 1637: noQjUZkMDASBTLCmyNhIs
Teste 1638: LBfahdtRv
Teste 1639: VBYcx
Teste 1640: yaBFAeoPtcVIm
Teste 1641: PWMvqOsLmTlGujIEhFNCZSrankwbptHyXUdcDxziYBRVgeQfAKoJ
Teste 1642: TNLoSPEhvkYzWqrFmeXpxIRl
Teste 1643: OmcWftaUvgKulxwGhdjiBVLIs
Teste 1644: BLoVTPqYjDbdvnekFicyZMmgpIJGshNzOUEalHuXxRWtQr
Teste 1645: lvFIoVeSghOaJfXEwQWBbGdqynczsrDmCRxLZYujkHptAKPTU
Teste 1646: vsLEmUgDJfxFuGZoA
Teste 1647: qTKWrNzDBERjAQPXMwIaCmlGfhcogkHbsVSntF
Teste 1648: cmnieHzDNjZKPxhvVgouwQkqWraCAMdbsEOyt
Teste 1649: ULjSIGoukXCVBqKDcEM
Teste 1650: HKdmeRoPplaTnEAfMOGxDgNWvUXyqhVFCBjSkwbiJ
Teste 1651: EhCUbOwZIeVoiyaAtqYLrnGsSDpkfPXMJBzHvFjRNKxdm
Teste 1652: HKbMcV
Teste 1653: hBeWREx
Teste 1654: sgZShYGLUtprVMWXvkudobRPczmEDnBKQfeyONIxai
Teste 1655: BWxvnJSUOlGwkMeYuirygFVfHoRTQhIaZcDNCdbt
Teste 1656: GjlQZn
Teste 1657: bpsNLDUvEWSQlOdqRIGMK
Teste 1658: xZcITedEHgrBUFlGwLKSbPuOaDthsjCypoAn
Teste 1659: YjQzBsSGrhDEAdycLTONkHmtKixuawCFMpnqRebJUgWP
Teste 1660: CqPOmwZUSAfTxhigaIyBLVledrWpM
Teste 1661: TscyFzkJxpVraSbNdmYMLROPKuifDZBIXolntejCG
Teste 1662: yWQNEUMzflKabqsnZjXkRugPiHICJtBYLcvOGmAoDTVSrhFe
Teste 1663: HIhjqpZPKwXGCzTfmWuyvUBLJckDdiebxRrogO
Teste 1664: NcZaSB
Teste 1665: rETHvkGzdjsuVbNtPXeAFcYDqyLaWJw
Teste 1666: ofiNrQkAWFlaSDYbIxvsLqXPdUujGthHVKmEOMB
Teste 1667: GQhuklNXUWbOdvJPHLAqMz
Teste 1668: GwhIauOYkyfQrSUPbmTgzHnEqiZoxpLBdWNDcXvCjFtAsVe
Teste 1669: XCIgKfrBDyloQmGhF
Teste 1670: lpVHYOnbAmfSTkNx
Teste 1671: OmDXzQMTUthfPlFSBKZGjCLpVaRevuIAYEoqsJy
Teste 1672: ohlZUnVCWvzitsLeDdgpKqaIRYFfEyGBmcj
Teste 1673: umejgAcSLrYpFRyOwBGaxND
Teste 1674: jpJalYLzgGOBikMuS
Teste 1675: forinScehjBUa
Teste 1676: sYFujHTzyfwhoRGPvSXCQtilKNWaZdnUkEDMqrVpIcebLOB
Teste 1677: VsMHDbrOhRqumidpGUBctwnLPkSXajfoTyIeYNAJ
Teste 1678: MtvZgaVuKmOAcfkzWHTsojGUCPIJNqrlbdhQD
Teste 1679: NJCijVHRXmEtDQAnUWrBzhdgq
Teste 1680: NZX
Teste 1681: wqbylc
Teste 1682: PzxIWVHrNDKgikocQnSeGtaOsdLYJFAqmByRvpXlwZCMUjE
Teste 1683: VJgXhmePBwvWqxfSHrEYRyQpliNFZKITCOscduAzano
Teste 1684: XVhLMTKuafpBbcNGRFsDxHCriPjvwtzkeZ
Teste 1685: zrFhOPTLeGQKbumsYqVDRIA
Teste 1686: yJBvFqtImGaCLKTpHXhEoZbRYrwDUVc
Teste 1687: oqgaWMwRtdCVGZBrSKLN
Teste 1688: RkzcEKCAVJOTfHMsjSnQaNeZYDbG
Teste 1689: fHCtZahdscGQwjEoOUrDIzvWmMSLilBTpNenVPbyRqYAK
Teste 1690: XSgDbFmYHONvoJGIKRhMawecyVftTqQnlr
Teste 1691: wrZLEMNygsxiScfVzCapuYjvhGU
Teste 1692: yqlXxJfQNRpAEFhsnkuSPazKdWYgDwcZM
Teste 1693: zolGwmvAZFTaUCbckSOirygxDLjdRpPVs
Teste 1694: gjGyQZeAwvPYJKNkDFICraVhBb
Teste 1695: SahAnQdPxCKvwcMXIFpEOZokrRm
Teste 1696: nLWsK
Teste 1697: IvUOkTqXaAihucYMypPgmFKlREdBLfwZ
Teste 1698: UElvrZDLnzcBshQyiuwqIMRxdTPaHeGpkONKtSXmFofACWgJj
Teste 1699: qSYZwnDcrszGxOtXMJUdbIWNjfuvaFeHmokEPy
Teste 1700: ILSdCyBnjueglRaQMTrFYXKiNkvGWsbVU
Teste 1701: SPmjrJvwXUNnyCeRlKFuoatcbiYIDsG
Teste 1702: VqkdLxDFsetpBuQbrWMUhXmlTAIcPwERGayOKogi
Teste 1703: GMYxKmocCkJuSTIbOhjZFpgztWLRfrnAywq
Teste 1704: z
Teste 1705: kUivqFPXshVLlTzngAudYOawtBDmpGSMy
Teste 1706: cVQGbBMOZ
Teste 1707: sKaiTWZLSOovmPjInGuJeUNwRdlrHpBYfgyEq
Teste 1708: JnDuzNExiZGeRSrvoHsYfAy
Teste 1709: wpOnYhRxvfqamSEDXFjZUAyMGo
Teste 1710: boLWtcYZIqgXOlwauPvkGzDyKBjpQsTNCAfr
Teste 1711: WZ
Teste 1712: NeCclAYxLmoPVwRbWnHKhsQD
Teste 1713: WaGTPlYynMJFpjfr
Teste 1714: GRyvVAHOKgUrLMwFt
Teste 1715: vOmeXDzEyupVqTiI
Teste 1716: CFA
Teste 1717: IrKgdXeARpTfcFLQlCMnjDqoWbNtSvhsVGBJUaiHxm
Teste 1718: zlaguTEMnfFjOsGCdYoeWwB
Teste 1719: OsmRiQpdDvKMETGgeuZBPIqbrFn
Teste 1720: kAJCXcVdbHmBnUIYMFaDLrveEfZO
Teste 1721: ofBeMU
Teste 1722: WBDsrjQnGuFxpIaMkUSCH
Teste 1723: SJTzIDideagptsyxOqhCHroXYnRVclbjAMQLKPGkFZvfWBENu
Teste 1724: EjnVdJHBIYWyGKxQetqcSACh
Teste 1725: GlPbX
Teste 1726: XvGBpqDfri
Teste 1727: QKEifS
Teste 1728: lgE
Teste 1729: caAIsoqMWltLeXPKhnNwBRJFCYQimdUzpTOHb
Teste 1730: pAEviKrFMDbPzqohuCQLlIGwNemyOVcYSn
Teste 1731: YvyIDsxFir
Teste 1732: VBqYdrgFRvHeIySahtAQTiUbxWsNmJ
Teste 1733: bMRHPnIwYdsGt
Teste 1734: QJLfFAsuVmj
Teste 1735: LOdt
Teste 1736: iYyQCknTOKcVJfmlHoRpdvwhNLPDteqjbBF
Teste 1737: ZUBEDqQra
Teste 1738: YXNEuOMiQGhISZzcfCKqgnBwlsHVkLoRreyvtpTWjPmdx
Teste 1739: nRJNGhxCbygSlPBQTwjiWYIKcHAOZkozErdtLveXuUasFfmDp
Teste 1740: NmupkWMYGtdQXbSFfasvlZERoTI
Teste 1741: uOpNSekiEvdVLmzJxQjIwUscfqRHClDyoYhFGMKPZgtrXTna
Teste 1742: HsUrAjgZnLvR
Teste 1743: rnqzsceFbxuaTCVpY
Teste 1744: IXKtNMbPQlghGryVYOLzHuJWdoFxnSpmicZfACTkBeasw
Teste 1745: IUElJmubSCDLawFcjRyvNGXdZoTkM
Teste 1746: ruijLxpVwfkGQREhCbHAPoYTm
Teste 1747: mqUEOMwQXeajSHTkKY
Teste 1748: LAdvClTEhbwuSizsfcByHgpUINJaPkYWFxM
Teste 1749: YAgeVqOkMtQzcXTCwG
Teste 1750: tuLADzchmkpyO
Teste 1751: VsocLemBvgENGtWdIRPSDaQyKhxJCipufbz
Teste 1752: UnAKDvGPVwRjaJSziqkxplcMCQsoOrguIbXYWfZEdTh
Teste 1753: IiwKMYWkCvuboyVDcfHZJtRnjdNLpX
