Teste 0: IvsMxkweQTlDSidYaVRAyZXb
Teste 1: ynzgIDdZUORhqmWNHolSrveLjTCctXiupxbJKAVaYks
Teste 2: VtKjvwRkCUhsxXirmZun
Teste 3: FzNuRMopWPbnkSTJEDsrAyfqgZlUjXwHvxIcaLC
Teste 4: zxeIdJHWZhayNAXSKGErfcisTtVQgjlMmqkFwBCbnoPLOpRY
Teste 5: J
Teste 6: IsEhkKgTSBdDNoryjWlvxHmUeGF
Teste 7: AYODsHmcWKdIBbCrlpGMXekPfSLZTJtxgFUjNRzhayQ
Teste 8: kSBTrIUyvaeqgYWKEsNtV
Teste 9: KOBCpwrv
Teste 10: prXeCUqQyxDBiNsvHzYJPEloZcgmIKLnOAfVFtkGSwhdRWjb
Teste 11: ZOjYThPy
Teste 12: VzJDBPqL
Teste 13: pOMzNPWeaV
Teste 14: dbVRZXCOqwDcLfuYIENJxykreWMaBmzhvQAs
Teste 15: RK
Teste 16: bxNASJsLuiC
Teste 17: GS
Teste 18: LarTfb
Teste 19: Up
Teste 20: QXWkFoibtmCcwpGD
Teste 21: VLfthbujCUQnGip
Teste 22: xgufNiEjeIhJmvtCnLFVUk
Teste 23: WYhaETRcUrAZIwnNVMGzJvXqubtymLlDKPgo
Teste 24: Q
Teste 25: mUtHMRueNDYAhnzbFdJgBSTOQLKVIiZavrWcCqpwPfGsjykE
Teste 26: meEnDlTfvpBSNzUj
Teste 27: GADaWhjEoP
Teste 28: cEukBZQwlGtoChPRpnmIDrYqLKFayfOgXzbHWvTNUsA
Teste 29: LcuBARYbfIDiQjFxSs
Teste 30: aDXKYZPiAdIFxHsgCehBk
Teste 31: kXaqbMLHpQcW
Teste 32: lAaPpMVoBOTLkdSqI
Teste 33: ZciQdTnxFeRSIMkEpjGqszfwWyBlvaYmALbtUKJ
Teste 34: XvFVRlatzZkUpwycCQiSmnuLBsJD
Teste 35: fxL
Teste 36: XKSjgxYO
Teste 37: cPtWjeHVsRfAiny
Teste 38: xZhsJkXHluVtTbWgd
Teste 39: tDfJbgLlHFYSZjKAGsMwIyvNPanWzqEVUXpBihrkdcomOxR
Teste 40: qIGkrgnSCEOjJAZBwhVPiyalcxpbMDeT
Teste 41: IcZWEBLumyC
Teste 42: telmTJEZwMaAxs
Teste 43: QgKlPirAoUDnkSWavfRCmptqJYz
Teste 44: aqMv
Teste 45: rkGTA
Teste 46: cNZITsivoWlSAagDeJVUktXjyKfpmMbQBr
Teste 47: DpEgBVGJLImY
Teste 48: cHkKuhYmMIOipEZSgtCRnzfxwjV
Teste 49: JbvG
Teste 50: DOSXYRbdhBclEmuAMa
Teste 51: GtYzhOA
Teste 52: LXRenxArhkibmouqPdEcaJvFIGDMSZKg
Teste 53: UNwBLR
Teste 54: T
Teste 55: wCorQjeOUDyZiWTdpc
Teste 56: KZejFzUAkqCHvWbtrYIwhXPNmRMlBuSVGgnxaD
Teste 57: hIgEAoZvpWdQyJqbOSBfKHjXxLaTsMPCDNtzlkYUcewViFGn
Teste 58: vFgYzKbmuDZAQsrqCldPaGiVEjHc
Teste 59: AsCxrfBlNhaKJZwTMQcmiRqUHePXgIdyzOSLo
Teste 60: bhYuFDNMAVSJKxgGTsEyBZPUmoCvztW
Teste 61: FXvqobwf
Teste 62: vDoqpuFMznlJjtYCGSIyBUHrXiNVQWceZsxwLbKfEdAhaOTRPk
Teste 63: vWqFyAoC
Teste 64: zBDWMNIhFdruPaTovAHYnUclRipfywJgLj
Teste 65: LwtlucbZSfNkgGxiHmP
Teste 66: mDKvEyRnQcuVFUhNCwGMkLaOIlYxpSAqeHtXTizZ
Teste 67: aCRWPekmZcLSUAdrHKNJgpFtsfi
Teste 68: dqzfPtVgSBZUGLvFIEjTDmYaJphMyewWiKurlnc
Teste 69: EQZsTjWPyvAcD
Teste 70: MEcSFfHBPpCNIDhRuygnLVjK
Teste 71: vwgB
Teste 72: Jaw
Teste 73: AjIufZHLkxtFBqgYDaUS
Teste 74: eLbzagDEQZGNhcusBMqVmWI
Teste 75: sPgJQuirchZRaMUeIxXyOBCSjpzwHtTomqEvLlDVfKFAkGnY
Teste 76: rNBIDfeE
Teste 77: JdOWCEAjfYXvlyBcwahumL
Teste 78: XiuBNFAIEYSdJVqpWOTPmGb
Teste 79: zJLPUEuaHsBbKeNDRykxfXIZdwGo
Teste 80: jLJPOemQMwdCkNDHvIbcEAR
Teste 81: QVNYWHitZBIcxOqFSKGpPfnaJuDhlworsTMUmRzbgAXLky
Teste 82: tqI
Teste 83: sjiwTudZlQtPIx
Teste 84: tlYcynGsZAbdUIFruoxevpQNPVCJLHfzKgiOmShkqMBWEjwTaX
Teste 85: hMbagmZNjJn
Teste 86: pIqKAO
Teste 87: BQhZInClmuJgkLjOcKiYWURFyAtHrsXqoVMvExwPpSdD
Teste 88: KRmJQVgDYWvPEFXniazHAMZGUkbfIwLOsphrqlyCTtu
Teste 89: VxgFhwbicmqNMrXyoCpuHZTGeABEnvfUPjdk
Teste 90: IcTlBphrMYnvZjVAkFoWqUtiRbHEyLsueOgCGKxwXDS
Teste 91: lmTwaEGsFqIuH
Teste 92: ZoDiOnwLTWhbYQIkHgyxPFqGeKuzpXrlJjvSMUta
Teste 93: YURVICSfrxKiqTcbQjvBeoLPmJAslZkhGyOXzgNMFaWpdDtuEHn
Teste 94: EBKdXtvqbkHNuARZMVnSoOQjfDPChWGxlFTiawsmyczpIJYLeU
Teste 95: tcSyNHkjwTdAPqnObElYJLZorDhFQsazx
Teste 96: EHjdXhAOlbYkrvMNKTtnUo
Teste 97: BbeExMQkjyFcgwvPut
Teste 98: anjRXtBqzwSdhJibpEYHmxrANUKOFPslvf
Teste 99: sQTytMfnkPbreFZEIhqvmDXLCNGdRuKU
Teste 100: UAaZITPinuEsjBmb
Teste 101: rUdoyJBxPAYagFSI
Teste 102: fvSARBhyozd
Teste 103: aGmNgAJnqHROlTfxsSyFeYZvDhUMcXdLPukbKwEtj
Teste 104: SxvWYUdGFQZBXqTnfKimPgRAsEblMcHyzopI
Teste 105: ydkIMifUrLe
Teste 106: beJnscivtkoPyZSWGUNAQlmYqxVHRIfEpKC
Teste 107: fkCmEzIqVOyRsXoNZtPMAcuGQLdFHDapKb
Teste 108: tZrjhFVupLQBDfGKkbY
Teste 109: eqHQCUVGocMrANDZOTgvsPhFufBREdlKyzSwXWkIatbpnLjm
Teste 110: iuBvntapegzkAJVQO
Teste 111: YzEliNpIBmkQZaAeuvqdbUnxcytCFKrToV
Teste 112: lPeMrFzQGbikcKDLTWJtZIw
Teste 113: mdbsNAWVqBHDUwfjarTPeZ
Teste 114: rMFvApWkNTnCutIKaOJzGE
Teste 115: qkAOBKYytfeQNTGuHUWrhwElaFxXZvRPsVicdgzCMJo
Teste 116: hDoLbEcVuefnJwISmzZaNRMAF
Teste 117: LBuxfpsEVnTzjlOWMhFoCJayqIZkePvgrRUHiNmDSYAwG
Teste 118: sKynJRWzSOlTZQbvpYgoxXatGqfjdHVUkPIC
Teste 119: yjSq
Teste 120: xspNgBvlRDbLjJXZTkfF
Teste 121: Hiw
Teste 122: ZhqwlByD
Teste 123: dKSkxbPJcTLFAoZUOfzGMntpyliYDjQVHrvRIhEXuNCaswqgeBW
Teste 124: tCQRMVHzIiswaJ
Teste 125: gBr
Teste 126: khdUsJwjyeRfCuoMAWF
Teste 127: eIlTfsYgJGzFhMtP
Teste 128: gkMyHrxplbcItJaTAERXBDOmFGCeSoZhPqWszUdVNfiLnjYQKvwu
Teste 129: MBAlmobCKVRZySThraQkeIgivNLUJ
Teste 130: GBAyHEsqROCFcmZPXLglavx
Teste 131: SIGUBgOMyEfFpNlxoDKRkJVjmi
Teste 132: arLCVMnDc
Teste 133: OKNTpfuiqsXeMzJvhCGDcVWQbjLwZSmlHUtgAREaYoIPkydBxFnr
Teste 134: Qsy
Teste 135: wKmOhCNuXyBgRzMPQvcTLlHdxSJWqEGtIZeAFfjoiskpVUaYbr
Teste 136: iEMUsASfxgPdJlXBGcon
Teste 137: nHydhzPCeVobqYIiWpJk
Teste 138: BzhPmbXZWx
Teste 139: yWlmJbpziBedwCFrvRtOTVxSAhfIoULE
Teste 140: lHkiFdIPUYCKuwfGJnczsQLtVReNyBMDXjWgbOrEZxvoSp
Teste 141: eaTEoCmIFukhZbrLfnjpDOiBqxXlvzMcYPwVQNWyRSA
Teste 142: LgDJxOhSrCZviGfyIqAceFpHMPXtzksoTRalbUQmuBVEWwd
Teste 143: ieMLZyXBWszwHgRfxVErFP
Teste 144: ZdTIRHYxLMeSQbDjtghAPvVf
Teste 145: uRlPOkXhVFxTdJwSDZYBQGWMEeAytfnzgK
Teste 146: azhsoIkybwnVANPFqZdrjfUic
Teste 147: RvmXlQbYIkoMiBpnCJecWVtFwOUZhxNTLdasgjrfK
Teste 148: PjNKkScVvrbgYMoLEIqdBOfQtxCXaWwU
Teste 149: WSxDeOPYkntmsFjCAiBXKIHMVEJfvcT
Teste 150: YjcwAXaIEoHhmTxylnUe
Teste 151: wfjxdKqXyinSNYhDegv
Teste 152: GEIsqSMvixhNuntYPcjKybfOWzDdTJRQFLU
Teste 153: cNAnDbgQVBHaZpdKMuXFUiTvfPLjzkWeICsJGx
Teste 154: LZfNADItOXbyQlGB
Teste 155: AQanYvrSBMkDRsZdTXJhzEwCKugiLImfyjGclxPNOqWoV
Teste 156: CHYyRtbcJZLFQNrmgsBSkOoXfzvAGKipxePlIWaUT
Teste 157: cjntsE
Teste 158: qYJGPfpwNFaQgcZrykiWe
Teste 159: QzLNJDduqekbBPKSMtVGoImswxECUOYajZfAHpWnyXRvFTrihlgc
Teste 160: BkNoPJsjgXhUcQSIruwyDiOzKdWnZbGx
Teste 161: TdStYOWzipCZbcmDBKsMlHwPehANqLXGxRrUyFjaofQgIu
Teste 162: yQxSCYRvnFLNqucfXhsMZlwTzOdGabWPBkjVepgtDHErAoImJUiK
Teste 163: lAVqXzHeWRNaUTiKcOtSpM
Teste 164: GcDorIF
Teste 165: cbyfWxjUlDStdgNJkYiOhaGrHCnPXZLoRuEAFKzMVBwTQqmIep
Teste 166: ycgMUBD
Teste 167: BTDIXrtjR
Teste 168: HLeakTbOnpCyzcDrWoqdKJNtvAQFiUuZBIPsxXgGE
Teste 169: SUarykoQLKVeMlbPhqFOHw
Teste 170: j
Teste 171: BOVpSJqfWLz
Teste 172: BdVQUPhNAqDaXzucfsrv
Teste 173: ZSsvKnL
Teste 174: BDFfAjoERevqQYNUldCmzMJIKbwHscg
Teste 175: JjAzKbcMWPxnurYFfvTqVLSDZhoOXQmBlwtEHGRedp
Teste 176: HJPmuBnfOMdGQjXvgRSyITrZChqDwLzteAYbUaW
Teste 177: GdpwscKqU
Teste 178: RLzqMjZSpWuxGrtXhfsAycdiUBeNOvIQmaTE
Teste 179: byCWdJKlkn
Teste 180: R
Teste 181: JXMQBugnl
Teste 182: iRhPykfozZUwTWtCKlNYVXF
Teste 183: NkZcRAvLtelxgsCMWOSrFbKuzEhYVfqUJB
Teste 184: wDYeRMZXAKvuJOqE
Teste 185: PwenqlDKWxoRmkMpXSaYfdzugLcjCIbrhBsQVHUJiAO
Teste 186: lBUksyhVnKxADSeHJoGEviWYmgC
Teste 187: gulyfTx
Teste 188: OyMsmAouvUkRhZCgIWdxlqaEHnPTFtXKQSrwYcj
Teste 189: yCEZBWwqUOmoGtFlzsdhRMKHTPafkgXIpnuVNYQxejciDA
Teste 190: heyZNlYBOIvWuQAxqtcbVnTMpRJEzKgSPaG
Teste 191: TEzSPQrAhjBOJxGMXlKgiIeUwqnWyLoYpFdRDuZamCvc
Teste 192: kujzxAToBmYDMwdHE
Teste 193: VkZYvbLsuhajzNtixnPXBr
Teste 194: bkuNq
Teste 195: RliBpXZaCMQLDOVtGnExWus
Teste 196: YIgySUzuBbLRxHoleWCaicfVrmkht
Teste 197: YwQxpSzbXtMchUONFZgkG
Teste 198: dOchBuFxgkNHCqQTrZJUGVKePpjMfiLltsRma
Teste 199: ztjECTHaobKFLUc
Teste 200: QVWPXqMFopAcNlZyDerwRHEzG
Teste 201: stYBiRAoDPKafHpyOjUFQkeNlqzXGmnhZLwW
Teste 202: ugXrHKtVfNeLOMGU
Teste 203: tZnVWJIwdrfsPiCqQTgXNGpvSkKjMhUc
Teste 204: sEWcyeIwgARjJQBduLXbVzmfKtOpFMYSPoCDTHhNlZ
Teste 205: ionrxXwWaYRIvbjqZhFMTmADkPQJBNeOlCgGyEcKstU
Teste 206: bdsnRzBwWfMaTuyjDlAPvhYicNOkCxprIKmtHUSFgVE
Teste 207: LWhCbKg
Teste 208: WKgLVdlMtiUESsIQzFGBujaeCZmTkbxo
Teste 209: fUGnLwtDWqudeKcIhrMkjQybPOlSzoBpZTa
Teste 210: B
Teste 211: sodCibMKNuYfkIFLnOgSpwctQUWGvHBJlxaTre
Teste 212: hiwgMWOPZHpyzNGmDtavIBeSLofTcYXCErKkQUnFRqJu
Teste 213: iOlPytWEIJvrMdRcBaGsuQjCKNmobhpDXkgeAUVzSnwTFLZfx
Teste 214: KXujdv
Teste 215: ShvRiPsgAG
Teste 216: WOgHLwmhzJRMpxfBr
Teste 217: AL
Teste 218: bsJiyvI
Teste 219: c
Teste 220: oYcrWNEGCtuaIVpPOJejRnbAgdKyhiSk
Teste 221: mJulVCsaopbiKrOTwcADXHvPdRLQnftEMehWqNFSzBZGgYI
Teste 222: PWrVQnvBXwyMiYdhsDARlTLmcCOoutfUzaZpqgbjGKkE
Teste 223: ZLBNYQOzqjWmPAhEeHaJgutIRUMwbDXdlkivrpCycsfS
Teste 224: HbWQzo
Teste 225: gZ
Teste 226: ZkslFxacGSIYhQLWngKERuOywdMHT
Teste 227: BhGKAgkjdOoJ
Teste 228: GgK
Teste 229: vMBfmxrknHlujXAOthbszTpPdLyNSwWFCQagJDioGZ
Teste 230: JUMNWtbruaOdYSwVn
Teste 231: YxdRSjFapwUGhbrILECfnWHZcOVolqJNAgXtsyQuPMB
Teste 232: KImzpqRfGJZ
Teste 233: wXZhAYcvVeRgQMPmklfuOIrSBNtdiGoUKbys
Teste 234: wHmrKxhkzgvqUZVIsBDMfidXuaocLERljFGTOPntYpQJN
Teste 235: WVSRcTJGn
Teste 236: uWP
Teste 237: umxIiZoqbzlOWRMwsEpjNt
Teste 238: VSnksMdDuxaQb
Teste 239: rQZDTkVsNmMEbPUaBYGKzjqXxdJWiCpRL
Teste 240: islzRjyIQM
Teste 241: qhoFYkXzfMBxLElwTZaDJVmuNUvGnH
Teste 242: re
Teste 243: petlZWYgXuNhLzibqwJDfkFKAmEHcSsMUOIBoQvjTVPxdGayCn
Teste 244: PRINOmpsAXbLlVEQhynKCoreYHjxuZSvJtMGgdT
Teste 245: PLsBTGwMVcr
Teste 246: orJevGCjUIfBWRTFYbnqxXHsgyQSAlzVmLwDtKMcapk
Teste 247: ZJcxhvglFtI
Teste 248: KrWFIncJyjSgzsZwhaG
Teste 249: JMOazsnhHGxdpvKmRfCPWQFoIuSDlViNTcYBwqgrk
Teste 250: OUYTgtVqr
Teste 251: STGEAiDoFwgdpBKVnXlZYybajzNWPv
Teste 252: VZSBUwukWolqTjgMJLzceKItCFvGmOprnAbHREQDhaXYdfyi
Teste 253: pkuanPvbHdtlWYGAwmFNxrBOVIqyCoXjeZSEfU
Teste 254: gLTbFnJRueCUoSciZfHYrdGAkEIPhmDWsqjlX
Teste 255: LlzfArqcGSmsOZNwgbCdFp
Teste 256: pxXnSzoJyNeWOtMArmvIQPjsVlHwfkqcEdBiZbhaFCDTYuUGRgKL
Teste 257: cEtdfZoLpvwWGQFSqlHsruxKz
Teste 258: FvhN
Teste 259: hMCQZgnRGfjdiqKpEcrFAaNkPTs
Teste 260: yQRcPzCkgxVZdJjNAenaOYUmi
Teste 261: gAEdybozQJmiWjKxFGkNqXBVPu
Teste 262: xcaBbqZgJvEpCPusLdhnGRMUADtWQ
Teste 263: VdNTDpMlKcRimHZwjOn
Teste 264: WRsVifvGwJnHSDgdNptqQChPUFXyaBTA
Teste 265: fmvUkarSbBzxsIiYdehQ
Teste 266: FYNPueIzEwtTfspnrhDSQRKAl
Teste 267: jgtGrnKafUiYcIleEHMWZ
Teste 268: pmIBsZQANYy
Teste 269: DrNdYghqfkyHTOulsxiMIpJjcKtZamebzRFELBSWVoXC
Teste 270: FR
Teste 271: DovHAF
Teste 272: nviEDsYXkVWNtLTFKu
Teste 273: HvLYiszEpWQJVjGMnykw
Teste 274: NeMARJlUGtxI
Teste 275: QOirjXbAcVhgIsRGpEHnxdLmeNwktqPBouCZ
Teste 276: QlgVNrCYvSiyMHPcuWFXBsjqnfUITzZ
Teste 277: DohHPJeAOtnzYlarI
Teste 278: JgzpNDSqtQdnPjafHbelUBLMyRrWoxTsIwGiEFkumAYcKZVXv
Teste 279: RucOoFnKerkqjXtYQlEIipBxbVwsCMNSWvdHaLTUGJfzAm
Teste 280: YLABMvhSFlkuNbqRTQrwoxPmiG
Teste 281: SAyObHnTdkZNsYiGCe
Teste 282: sUhYDj
Teste 283: WYPkLgzurfjyJampwKFRBvHeIONDZMbhoUlEiTnVG
Teste 284: ZKUBxerkLaYWF
Teste 285: Dok
Teste 286: IEqFYsJidhQm
Teste 287: TpsHEdNAiLKvnSucwobgGUReqQXFVtMfYOaIZjCWlPBkJrzDh
Teste 288: OkiyqGaPNQSKWdUvCRhftMrzXHBTLonZI
Teste 289: eCSkxZvrfIBaD
Teste 290: otLvMWUnIBCyuHZdgerzTVPYXS
Teste 291: zlPFJtDUyAuioTSQnqvaNVLfMgKhsOZRjwYCGpWEebHkrc
Teste 292: KsELbSPVjHXkFMniatWcqAhzvNyCBlxeQrYRgZfmGOTdUoDu
Teste 293: dPIhOvxiZjUSLcfwAGMqmJXnNCpHVKatkWzFEoBruD
Teste 294: UqoOXMQtfximvheWRuZdPVLYnpKN
Teste 295: IUjTJzQxRhlquMKdn
Teste 296: pHRFftXqUzaySvnBemIcWMujCVZPNJLiwQGTdhoYl
Teste 297: FLtyEPRvZTkohmxWawHsU
Teste 298: T
Teste 299: jAdrflYihtyCpI
Teste 300: TfAvZxDkrOMXqabiRWmSNohuLKtECPVdGz
Teste 301: yhRfgDkSCNFZmpXHxvWMOKJuadTcVjGrsYBo
Teste 302: rYiGVASlpLOJtXQgDnzbufHqxwjEBvhNcIakdC
Teste 303: AflOrSZaINTx
Teste 304: GFCxwAtJiZDyUdvpkTrEOsWuLzBVmKgblRNqhQ
Teste 305: gXfrPKHJNbDICSYWOhaTetqp
Teste 306: WCjx
Teste 307: OedICvnGktpbBoyZmAcziVTUuSYlKQwhqDLg
Teste 308: CjoycgBWEvZnUrwhRTtVJXapLIKMikAulzmqbYOeQsDdHPfxGN
Teste 309: CJljZrhxvNLzBycfFOQMwAX
Teste 310: xBlWrDvuOjiEzYKJchXaHsNSowqLPyptIFGZenfgmkdCRTVMbQA
Teste 311: MvpsXyDrKbeBltUu
Teste 312: lRxQOPMTUYpmhyAXVEeZJNgnduBfvzrDHsGjc
Teste 313: eSbgmBaEzLjtCRqKfwOcAsHZPuVrdpyJlTYWnDUQiNXkhMIxGF
